<Root>
    <Number_of_jobs>1280</Number_of_jobs>
    <Number_of_processors>256</Number_of_processors>
    <List>
        <Item>8</Item>
        <Item>8</Item>
        <Item>8</Item>
        <Item>8</Item>
        <Item>8</Item>
        <Item>8</Item>
        <Item>8</Item>
        <Item>8</Item>
        <Item>8</Item>
        <Item>8</Item>
        <Item>8</Item>
        <Item>8</Item>
        <Item>8</Item>
        <Item>8</Item>
        <Item>8</Item>
        <Item>8</Item>
        <Item>8</Item>
        <Item>8</Item>
        <Item>8</Item>
        <Item>8</Item>
        <Item>8</Item>
        <Item>8</Item>
        <Item>8</Item>
        <Item>8</Item>
        <Item>8</Item>
        <Item>8</Item>
        <Item>8</Item>
        <Item>8</Item>
        <Item>8</Item>
        <Item>8</Item>
        <Item>8</Item>
        <Item>8</Item>
        <Item>8</Item>
        <Item>8</Item>
        <Item>8</Item>
        <Item>8</Item>
        <Item>8</Item>
        <Item>8</Item>
        <Item>8</Item>
        <Item>8</Item>
        <Item>8</Item>
        <Item>8</Item>
        <Item>8</Item>
        <Item>8</Item>
        <Item>8</Item>
        <Item>8</Item>
        <Item>8</Item>
        <Item>8</Item>
        <Item>8</Item>
        <Item>8</Item>
        <Item>8</Item>
        <Item>8</Item>
        <Item>8</Item>
        <Item>8</Item>
        <Item>8</Item>
        <Item>8</Item>
        <Item>8</Item>
        <Item>8</Item>
        <Item>8</Item>
        <Item>8</Item>
        <Item>8</Item>
        <Item>8</Item>
        <Item>8</Item>
        <Item>8</Item>
        <Item>8</Item>
        <Item>8</Item>
        <Item>8</Item>
        <Item>8</Item>
        <Item>8</Item>
        <Item>8</Item>
        <Item>8</Item>
        <Item>8</Item>
        <Item>8</Item>
        <Item>8</Item>
        <Item>8</Item>
        <Item>8</Item>
        <Item>8</Item>
        <Item>8</Item>
        <Item>8</Item>
        <Item>8</Item>
        <Item>8</Item>
        <Item>8</Item>
        <Item>8</Item>
        <Item>8</Item>
        <Item>8</Item>
        <Item>8</Item>
        <Item>8</Item>
        <Item>8</Item>
        <Item>8</Item>
        <Item>8</Item>
        <Item>8</Item>
        <Item>8</Item>
        <Item>8</Item>
        <Item>8</Item>
        <Item>8</Item>
        <Item>8</Item>
        <Item>8</Item>
        <Item>8</Item>
        <Item>8</Item>
        <Item>8</Item>
        <Item>8</Item>
        <Item>8</Item>
        <Item>8</Item>
        <Item>8</Item>
        <Item>8</Item>
        <Item>8</Item>
        <Item>8</Item>
        <Item>8</Item>
        <Item>8</Item>
        <Item>8</Item>
        <Item>8</Item>
        <Item>8</Item>
        <Item>8</Item>
        <Item>8</Item>
        <Item>8</Item>
        <Item>8</Item>
        <Item>8</Item>
        <Item>8</Item>
        <Item>8</Item>
        <Item>8</Item>
        <Item>8</Item>
        <Item>8</Item>
        <Item>8</Item>
        <Item>8</Item>
        <Item>8</Item>
        <Item>8</Item>
        <Item>8</Item>
        <Item>8</Item>
        <Item>8</Item>
        <Item>8</Item>
        <Item>8</Item>
        <Item>8</Item>
        <Item>8</Item>
        <Item>8</Item>
        <Item>8</Item>
        <Item>8</Item>
        <Item>8</Item>
        <Item>8</Item>
        <Item>8</Item>
        <Item>8</Item>
        <Item>8</Item>
        <Item>8</Item>
        <Item>8</Item>
        <Item>8</Item>
        <Item>8</Item>
        <Item>8</Item>
        <Item>8</Item>
        <Item>8</Item>
        <Item>8</Item>
        <Item>8</Item>
        <Item>8</Item>
        <Item>8</Item>
        <Item>8</Item>
        <Item>8</Item>
        <Item>8</Item>
        <Item>8</Item>
        <Item>8</Item>
        <Item>8</Item>
        <Item>8</Item>
        <Item>8</Item>
        <Item>8</Item>
        <Item>8</Item>
        <Item>8</Item>
        <Item>8</Item>
        <Item>8</Item>
        <Item>8</Item>
        <Item>8</Item>
        <Item>8</Item>
        <Item>8</Item>
        <Item>8</Item>
        <Item>8</Item>
        <Item>8</Item>
        <Item>8</Item>
        <Item>8</Item>
        <Item>8</Item>
        <Item>8</Item>
        <Item>8</Item>
        <Item>8</Item>
        <Item>8</Item>
        <Item>8</Item>
        <Item>8</Item>
        <Item>8</Item>
        <Item>8</Item>
        <Item>8</Item>
        <Item>8</Item>
        <Item>8</Item>
        <Item>8</Item>
        <Item>8</Item>
        <Item>8</Item>
        <Item>8</Item>
        <Item>8</Item>
        <Item>8</Item>
        <Item>8</Item>
        <Item>8</Item>
        <Item>8</Item>
        <Item>8</Item>
        <Item>8</Item>
        <Item>8</Item>
        <Item>8</Item>
        <Item>8</Item>
        <Item>8</Item>
        <Item>8</Item>
        <Item>8</Item>
        <Item>8</Item>
        <Item>8</Item>
        <Item>8</Item>
        <Item>8</Item>
        <Item>8</Item>
        <Item>8</Item>
        <Item>8</Item>
        <Item>8</Item>
        <Item>8</Item>
        <Item>8</Item>
        <Item>8</Item>
        <Item>8</Item>
        <Item>8</Item>
        <Item>8</Item>
        <Item>8</Item>
        <Item>8</Item>
        <Item>8</Item>
        <Item>8</Item>
        <Item>8</Item>
        <Item>8</Item>
        <Item>8</Item>
        <Item>8</Item>
        <Item>8</Item>
        <Item>8</Item>
        <Item>8</Item>
        <Item>8</Item>
        <Item>8</Item>
        <Item>8</Item>
        <Item>8</Item>
        <Item>8</Item>
        <Item>8</Item>
        <Item>8</Item>
        <Item>8</Item>
        <Item>8</Item>
        <Item>8</Item>
        <Item>8</Item>
        <Item>8</Item>
        <Item>8</Item>
        <Item>8</Item>
        <Item>8</Item>
        <Item>8</Item>
        <Item>8</Item>
        <Item>8</Item>
        <Item>8</Item>
        <Item>8</Item>
        <Item>8</Item>
        <Item>8</Item>
        <Item>8</Item>
        <Item>8</Item>
        <Item>8</Item>
        <Item>8</Item>
        <Item>8</Item>
        <Item>8</Item>
        <Item>8</Item>
        <Item>8</Item>
        <Item>8</Item>
        <Item>8</Item>
        <Item>8</Item>
        <Item>8</Item>
        <Item>8</Item>
        <Item>8</Item>
        <Item>8</Item>
        <Item>8</Item>
        <Item>8</Item>
        <Item>8</Item>
        <Item>8</Item>
        <Item>8</Item>
        <Item>8</Item>
        <Item>8</Item>
        <Item>8</Item>
        <Item>8</Item>
        <Item>8</Item>
        <Item>8</Item>
        <Item>8</Item>
        <Item>8</Item>
        <Item>8</Item>
        <Item>8</Item>
        <Item>8</Item>
        <Item>8</Item>
        <Item>8</Item>
        <Item>8</Item>
        <Item>8</Item>
        <Item>8</Item>
        <Item>8</Item>
        <Item>8</Item>
        <Item>8</Item>
        <Item>8</Item>
        <Item>8</Item>
        <Item>8</Item>
        <Item>8</Item>
        <Item>8</Item>
        <Item>8</Item>
        <Item>8</Item>
        <Item>8</Item>
        <Item>8</Item>
        <Item>8</Item>
        <Item>8</Item>
        <Item>8</Item>
        <Item>8</Item>
        <Item>8</Item>
        <Item>8</Item>
        <Item>8</Item>
        <Item>8</Item>
        <Item>8</Item>
        <Item>8</Item>
        <Item>8</Item>
        <Item>8</Item>
        <Item>8</Item>
        <Item>8</Item>
        <Item>8</Item>
        <Item>8</Item>
        <Item>8</Item>
        <Item>8</Item>
        <Item>8</Item>
        <Item>8</Item>
        <Item>8</Item>
        <Item>8</Item>
        <Item>8</Item>
        <Item>8</Item>
        <Item>8</Item>
        <Item>8</Item>
        <Item>8</Item>
        <Item>8</Item>
        <Item>8</Item>
        <Item>8</Item>
        <Item>8</Item>
        <Item>8</Item>
        <Item>8</Item>
        <Item>8</Item>
        <Item>8</Item>
        <Item>8</Item>
        <Item>8</Item>
        <Item>8</Item>
        <Item>8</Item>
        <Item>8</Item>
        <Item>8</Item>
        <Item>8</Item>
        <Item>8</Item>
        <Item>8</Item>
        <Item>8</Item>
        <Item>8</Item>
        <Item>8</Item>
        <Item>8</Item>
        <Item>8</Item>
        <Item>8</Item>
        <Item>8</Item>
        <Item>8</Item>
        <Item>8</Item>
        <Item>8</Item>
        <Item>8</Item>
        <Item>8</Item>
        <Item>8</Item>
        <Item>8</Item>
        <Item>8</Item>
        <Item>8</Item>
        <Item>8</Item>
        <Item>8</Item>
        <Item>8</Item>
        <Item>8</Item>
        <Item>8</Item>
        <Item>8</Item>
        <Item>8</Item>
        <Item>8</Item>
        <Item>8</Item>
        <Item>8</Item>
        <Item>8</Item>
        <Item>8</Item>
        <Item>8</Item>
        <Item>8</Item>
        <Item>8</Item>
        <Item>8</Item>
        <Item>8</Item>
        <Item>8</Item>
        <Item>8</Item>
        <Item>8</Item>
        <Item>8</Item>
        <Item>8</Item>
        <Item>8</Item>
        <Item>8</Item>
        <Item>8</Item>
        <Item>8</Item>
        <Item>8</Item>
        <Item>8</Item>
        <Item>8</Item>
        <Item>8</Item>
        <Item>8</Item>
        <Item>8</Item>
        <Item>8</Item>
        <Item>8</Item>
        <Item>8</Item>
        <Item>8</Item>
        <Item>8</Item>
        <Item>8</Item>
        <Item>8</Item>
        <Item>8</Item>
        <Item>8</Item>
        <Item>8</Item>
        <Item>8</Item>
        <Item>8</Item>
        <Item>8</Item>
        <Item>8</Item>
        <Item>8</Item>
        <Item>8</Item>
        <Item>8</Item>
        <Item>8</Item>
        <Item>8</Item>
        <Item>8</Item>
        <Item>8</Item>
        <Item>8</Item>
        <Item>8</Item>
        <Item>8</Item>
        <Item>8</Item>
        <Item>8</Item>
        <Item>8</Item>
        <Item>8</Item>
        <Item>8</Item>
        <Item>8</Item>
        <Item>8</Item>
        <Item>8</Item>
        <Item>8</Item>
        <Item>8</Item>
        <Item>8</Item>
        <Item>8</Item>
        <Item>8</Item>
        <Item>8</Item>
        <Item>8</Item>
        <Item>8</Item>
        <Item>8</Item>
        <Item>8</Item>
        <Item>8</Item>
        <Item>8</Item>
        <Item>8</Item>
        <Item>8</Item>
        <Item>8</Item>
        <Item>8</Item>
        <Item>8</Item>
        <Item>8</Item>
        <Item>8</Item>
        <Item>8</Item>
        <Item>8</Item>
        <Item>8</Item>
        <Item>8</Item>
        <Item>8</Item>
        <Item>8</Item>
        <Item>8</Item>
        <Item>8</Item>
        <Item>8</Item>
        <Item>8</Item>
        <Item>8</Item>
        <Item>8</Item>
        <Item>8</Item>
        <Item>8</Item>
        <Item>8</Item>
        <Item>8</Item>
        <Item>8</Item>
        <Item>8</Item>
        <Item>8</Item>
        <Item>8</Item>
        <Item>8</Item>
        <Item>8</Item>
        <Item>8</Item>
        <Item>8</Item>
        <Item>8</Item>
        <Item>8</Item>
        <Item>8</Item>
        <Item>8</Item>
        <Item>8</Item>
        <Item>8</Item>
        <Item>8</Item>
        <Item>8</Item>
        <Item>8</Item>
        <Item>8</Item>
        <Item>8</Item>
        <Item>8</Item>
        <Item>8</Item>
        <Item>8</Item>
        <Item>8</Item>
        <Item>8</Item>
        <Item>8</Item>
        <Item>8</Item>
        <Item>8</Item>
        <Item>8</Item>
        <Item>8</Item>
        <Item>8</Item>
        <Item>8</Item>
        <Item>8</Item>
        <Item>8</Item>
        <Item>8</Item>
        <Item>8</Item>
        <Item>8</Item>
        <Item>8</Item>
        <Item>8</Item>
        <Item>8</Item>
        <Item>8</Item>
        <Item>8</Item>
        <Item>8</Item>
        <Item>8</Item>
        <Item>8</Item>
        <Item>8</Item>
        <Item>8</Item>
        <Item>8</Item>
        <Item>8</Item>
        <Item>8</Item>
        <Item>8</Item>
        <Item>8</Item>
        <Item>8</Item>
        <Item>8</Item>
        <Item>8</Item>
        <Item>8</Item>
        <Item>8</Item>
        <Item>8</Item>
        <Item>8</Item>
        <Item>8</Item>
        <Item>8</Item>
        <Item>8</Item>
        <Item>8</Item>
        <Item>8</Item>
        <Item>8</Item>
        <Item>8</Item>
        <Item>8</Item>
        <Item>8</Item>
        <Item>8</Item>
        <Item>8</Item>
        <Item>8</Item>
        <Item>8</Item>
        <Item>8</Item>
        <Item>8</Item>
        <Item>8</Item>
        <Item>8</Item>
        <Item>8</Item>
        <Item>8</Item>
        <Item>8</Item>
        <Item>8</Item>
        <Item>8</Item>
        <Item>8</Item>
        <Item>8</Item>
        <Item>8</Item>
        <Item>8</Item>
        <Item>8</Item>
        <Item>8</Item>
        <Item>8</Item>
        <Item>8</Item>
        <Item>8</Item>
        <Item>8</Item>
        <Item>8</Item>
        <Item>8</Item>
        <Item>8</Item>
        <Item>8</Item>
        <Item>8</Item>
        <Item>8</Item>
        <Item>8</Item>
        <Item>8</Item>
        <Item>8</Item>
        <Item>8</Item>
        <Item>8</Item>
        <Item>8</Item>
        <Item>8</Item>
        <Item>8</Item>
        <Item>8</Item>
        <Item>8</Item>
        <Item>8</Item>
        <Item>8</Item>
        <Item>8</Item>
        <Item>8</Item>
        <Item>8</Item>
        <Item>8</Item>
        <Item>8</Item>
        <Item>8</Item>
        <Item>8</Item>
        <Item>8</Item>
        <Item>8</Item>
        <Item>8</Item>
        <Item>8</Item>
        <Item>8</Item>
        <Item>8</Item>
        <Item>8</Item>
        <Item>8</Item>
        <Item>8</Item>
        <Item>8</Item>
        <Item>8</Item>
        <Item>8</Item>
        <Item>8</Item>
        <Item>8</Item>
        <Item>8</Item>
        <Item>8</Item>
        <Item>8</Item>
        <Item>8</Item>
        <Item>8</Item>
        <Item>8</Item>
        <Item>8</Item>
        <Item>8</Item>
        <Item>8</Item>
        <Item>8</Item>
        <Item>8</Item>
        <Item>8</Item>
        <Item>8</Item>
        <Item>8</Item>
        <Item>8</Item>
        <Item>8</Item>
        <Item>8</Item>
        <Item>8</Item>
        <Item>8</Item>
        <Item>8</Item>
        <Item>8</Item>
        <Item>8</Item>
        <Item>8</Item>
        <Item>8</Item>
        <Item>8</Item>
        <Item>8</Item>
        <Item>8</Item>
        <Item>8</Item>
        <Item>8</Item>
        <Item>8</Item>
        <Item>8</Item>
        <Item>8</Item>
        <Item>8</Item>
        <Item>8</Item>
        <Item>8</Item>
        <Item>8</Item>
        <Item>8</Item>
        <Item>8</Item>
        <Item>8</Item>
        <Item>8</Item>
        <Item>8</Item>
        <Item>8</Item>
        <Item>8</Item>
        <Item>8</Item>
        <Item>8</Item>
        <Item>8</Item>
        <Item>8</Item>
        <Item>8</Item>
        <Item>8</Item>
        <Item>8</Item>
        <Item>8</Item>
        <Item>8</Item>
        <Item>8</Item>
        <Item>8</Item>
        <Item>8</Item>
        <Item>8</Item>
        <Item>8</Item>
        <Item>8</Item>
        <Item>8</Item>
        <Item>8</Item>
        <Item>8</Item>
        <Item>8</Item>
        <Item>8</Item>
        <Item>8</Item>
        <Item>8</Item>
        <Item>8</Item>
        <Item>8</Item>
        <Item>8</Item>
        <Item>8</Item>
        <Item>8</Item>
        <Item>8</Item>
        <Item>8</Item>
        <Item>8</Item>
        <Item>8</Item>
        <Item>8</Item>
        <Item>8</Item>
        <Item>8</Item>
        <Item>8</Item>
        <Item>8</Item>
        <Item>8</Item>
        <Item>8</Item>
        <Item>8</Item>
        <Item>8</Item>
        <Item>8</Item>
        <Item>8</Item>
        <Item>8</Item>
        <Item>8</Item>
        <Item>8</Item>
        <Item>8</Item>
        <Item>8</Item>
        <Item>8</Item>
        <Item>8</Item>
        <Item>8</Item>
        <Item>8</Item>
        <Item>8</Item>
        <Item>8</Item>
        <Item>8</Item>
        <Item>8</Item>
        <Item>8</Item>
        <Item>8</Item>
        <Item>8</Item>
        <Item>8</Item>
        <Item>8</Item>
        <Item>8</Item>
        <Item>8</Item>
        <Item>8</Item>
        <Item>8</Item>
        <Item>8</Item>
        <Item>8</Item>
        <Item>8</Item>
        <Item>8</Item>
        <Item>8</Item>
        <Item>8</Item>
        <Item>8</Item>
        <Item>8</Item>
        <Item>8</Item>
        <Item>8</Item>
        <Item>8</Item>
        <Item>8</Item>
        <Item>8</Item>
        <Item>8</Item>
        <Item>8</Item>
        <Item>8</Item>
        <Item>8</Item>
        <Item>8</Item>
        <Item>8</Item>
        <Item>8</Item>
        <Item>8</Item>
        <Item>8</Item>
        <Item>8</Item>
        <Item>8</Item>
        <Item>8</Item>
        <Item>8</Item>
        <Item>8</Item>
        <Item>8</Item>
        <Item>8</Item>
        <Item>8</Item>
        <Item>8</Item>
        <Item>8</Item>
        <Item>8</Item>
        <Item>8</Item>
        <Item>8</Item>
        <Item>8</Item>
        <Item>8</Item>
        <Item>8</Item>
        <Item>8</Item>
        <Item>8</Item>
        <Item>8</Item>
        <Item>8</Item>
        <Item>8</Item>
        <Item>8</Item>
        <Item>8</Item>
        <Item>8</Item>
        <Item>8</Item>
        <Item>8</Item>
        <Item>8</Item>
        <Item>8</Item>
        <Item>8</Item>
        <Item>8</Item>
        <Item>8</Item>
        <Item>8</Item>
        <Item>8</Item>
        <Item>8</Item>
        <Item>8</Item>
        <Item>8</Item>
        <Item>8</Item>
        <Item>8</Item>
        <Item>8</Item>
        <Item>8</Item>
        <Item>8</Item>
        <Item>8</Item>
        <Item>8</Item>
        <Item>8</Item>
        <Item>8</Item>
        <Item>8</Item>
        <Item>8</Item>
        <Item>8</Item>
        <Item>8</Item>
        <Item>8</Item>
        <Item>8</Item>
        <Item>8</Item>
        <Item>8</Item>
        <Item>8</Item>
        <Item>8</Item>
        <Item>8</Item>
        <Item>8</Item>
        <Item>8</Item>
        <Item>8</Item>
        <Item>8</Item>
        <Item>8</Item>
        <Item>8</Item>
        <Item>8</Item>
        <Item>8</Item>
        <Item>8</Item>
        <Item>8</Item>
        <Item>8</Item>
        <Item>8</Item>
        <Item>8</Item>
        <Item>8</Item>
        <Item>8</Item>
        <Item>8</Item>
        <Item>8</Item>
        <Item>8</Item>
        <Item>8</Item>
        <Item>8</Item>
        <Item>8</Item>
        <Item>8</Item>
        <Item>8</Item>
        <Item>8</Item>
        <Item>8</Item>
        <Item>8</Item>
        <Item>8</Item>
        <Item>8</Item>
        <Item>8</Item>
        <Item>8</Item>
        <Item>8</Item>
        <Item>8</Item>
        <Item>8</Item>
        <Item>8</Item>
        <Item>8</Item>
        <Item>8</Item>
        <Item>8</Item>
        <Item>8</Item>
        <Item>8</Item>
        <Item>8</Item>
        <Item>8</Item>
        <Item>8</Item>
        <Item>8</Item>
        <Item>8</Item>
        <Item>8</Item>
        <Item>8</Item>
        <Item>8</Item>
        <Item>8</Item>
        <Item>8</Item>
        <Item>8</Item>
        <Item>8</Item>
        <Item>8</Item>
        <Item>8</Item>
        <Item>8</Item>
        <Item>8</Item>
        <Item>8</Item>
        <Item>8</Item>
        <Item>8</Item>
        <Item>8</Item>
        <Item>8</Item>
        <Item>8</Item>
        <Item>8</Item>
        <Item>8</Item>
        <Item>8</Item>
        <Item>8</Item>
        <Item>8</Item>
        <Item>8</Item>
        <Item>8</Item>
        <Item>8</Item>
        <Item>8</Item>
        <Item>8</Item>
        <Item>8</Item>
        <Item>8</Item>
        <Item>8</Item>
        <Item>8</Item>
        <Item>8</Item>
        <Item>8</Item>
        <Item>8</Item>
        <Item>8</Item>
        <Item>8</Item>
        <Item>8</Item>
        <Item>8</Item>
        <Item>8</Item>
        <Item>8</Item>
        <Item>8</Item>
        <Item>8</Item>
        <Item>8</Item>
        <Item>8</Item>
        <Item>8</Item>
        <Item>8</Item>
        <Item>8</Item>
        <Item>8</Item>
        <Item>8</Item>
        <Item>8</Item>
        <Item>8</Item>
        <Item>8</Item>
        <Item>8</Item>
        <Item>8</Item>
        <Item>8</Item>
        <Item>8</Item>
        <Item>8</Item>
        <Item>8</Item>
        <Item>8</Item>
        <Item>8</Item>
        <Item>8</Item>
        <Item>8</Item>
        <Item>8</Item>
        <Item>8</Item>
        <Item>8</Item>
        <Item>8</Item>
        <Item>8</Item>
        <Item>8</Item>
        <Item>8</Item>
        <Item>8</Item>
        <Item>8</Item>
        <Item>8</Item>
        <Item>8</Item>
        <Item>8</Item>
        <Item>8</Item>
        <Item>8</Item>
        <Item>8</Item>
        <Item>8</Item>
        <Item>8</Item>
        <Item>8</Item>
        <Item>8</Item>
        <Item>8</Item>
        <Item>8</Item>
        <Item>8</Item>
        <Item>8</Item>
        <Item>8</Item>
        <Item>8</Item>
        <Item>8</Item>
        <Item>8</Item>
        <Item>8</Item>
        <Item>8</Item>
        <Item>8</Item>
        <Item>8</Item>
        <Item>8</Item>
        <Item>8</Item>
        <Item>8</Item>
        <Item>8</Item>
        <Item>8</Item>
        <Item>8</Item>
        <Item>8</Item>
        <Item>8</Item>
        <Item>8</Item>
        <Item>8</Item>
        <Item>8</Item>
        <Item>8</Item>
        <Item>8</Item>
        <Item>8</Item>
        <Item>8</Item>
        <Item>8</Item>
        <Item>8</Item>
        <Item>8</Item>
        <Item>8</Item>
        <Item>8</Item>
        <Item>8</Item>
        <Item>8</Item>
        <Item>8</Item>
        <Item>8</Item>
        <Item>8</Item>
        <Item>8</Item>
        <Item>8</Item>
        <Item>8</Item>
        <Item>8</Item>
        <Item>8</Item>
        <Item>8</Item>
        <Item>8</Item>
        <Item>8</Item>
        <Item>8</Item>
        <Item>8</Item>
        <Item>8</Item>
        <Item>8</Item>
        <Item>8</Item>
        <Item>8</Item>
        <Item>8</Item>
        <Item>8</Item>
        <Item>8</Item>
        <Item>8</Item>
        <Item>8</Item>
        <Item>8</Item>
        <Item>8</Item>
        <Item>8</Item>
        <Item>8</Item>
        <Item>8</Item>
        <Item>8</Item>
        <Item>8</Item>
        <Item>8</Item>
        <Item>8</Item>
        <Item>8</Item>
        <Item>8</Item>
        <Item>8</Item>
        <Item>8</Item>
        <Item>8</Item>
        <Item>8</Item>
        <Item>8</Item>
        <Item>8</Item>
        <Item>8</Item>
        <Item>8</Item>
        <Item>8</Item>
        <Item>8</Item>
        <Item>8</Item>
        <Item>8</Item>
        <Item>8</Item>
        <Item>8</Item>
        <Item>8</Item>
        <Item>8</Item>
        <Item>8</Item>
        <Item>8</Item>
        <Item>8</Item>
        <Item>8</Item>
        <Item>8</Item>
        <Item>8</Item>
        <Item>8</Item>
        <Item>8</Item>
        <Item>8</Item>
        <Item>8</Item>
        <Item>8</Item>
        <Item>8</Item>
        <Item>8</Item>
        <Item>8</Item>
        <Item>8</Item>
        <Item>8</Item>
        <Item>8</Item>
        <Item>8</Item>
        <Item>8</Item>
        <Item>8</Item>
        <Item>8</Item>
        <Item>8</Item>
        <Item>8</Item>
        <Item>8</Item>
        <Item>8</Item>
        <Item>8</Item>
        <Item>8</Item>
        <Item>8</Item>
        <Item>8</Item>
        <Item>8</Item>
        <Item>8</Item>
        <Item>8</Item>
        <Item>8</Item>
        <Item>8</Item>
        <Item>8</Item>
        <Item>8</Item>
        <Item>8</Item>
        <Item>8</Item>
        <Item>8</Item>
        <Item>8</Item>
        <Item>8</Item>
        <Item>8</Item>
        <Item>8</Item>
        <Item>8</Item>
        <Item>8</Item>
        <Item>8</Item>
        <Item>8</Item>
        <Item>8</Item>
        <Item>8</Item>
        <Item>8</Item>
        <Item>8</Item>
        <Item>8</Item>
        <Item>8</Item>
        <Item>8</Item>
        <Item>8</Item>
        <Item>8</Item>
        <Item>8</Item>
        <Item>8</Item>
        <Item>8</Item>
        <Item>8</Item>
        <Item>8</Item>
        <Item>8</Item>
        <Item>8</Item>
        <Item>8</Item>
        <Item>8</Item>
        <Item>8</Item>
        <Item>8</Item>
        <Item>8</Item>
        <Item>8</Item>
        <Item>8</Item>
        <Item>8</Item>
        <Item>8</Item>
        <Item>8</Item>
        <Item>8</Item>
        <Item>8</Item>
        <Item>8</Item>
        <Item>8</Item>
        <Item>8</Item>
        <Item>8</Item>
        <Item>8</Item>
        <Item>8</Item>
        <Item>8</Item>
        <Item>8</Item>
        <Item>8</Item>
        <Item>8</Item>
        <Item>8</Item>
        <Item>8</Item>
        <Item>8</Item>
        <Item>8</Item>
        <Item>8</Item>
        <Item>8</Item>
        <Item>8</Item>
        <Item>8</Item>
        <Item>8</Item>
        <Item>8</Item>
        <Item>8</Item>
        <Item>8</Item>
        <Item>8</Item>
        <Item>8</Item>
        <Item>8</Item>
        <Item>8</Item>
        <Item>8</Item>
        <Item>8</Item>
        <Item>8</Item>
        <Item>8</Item>
        <Item>8</Item>
        <Item>8</Item>
        <Item>8</Item>
        <Item>8</Item>
        <Item>8</Item>
        <Item>8</Item>
        <Item>8</Item>
        <Item>8</Item>
        <Item>8</Item>
        <Item>8</Item>
        <Item>8</Item>
        <Item>8</Item>
        <Item>8</Item>
        <Item>8</Item>
        <Item>8</Item>
        <Item>8</Item>
        <Item>8</Item>
        <Item>8</Item>
        <Item>8</Item>
        <Item>8</Item>
        <Item>8</Item>
        <Item>8</Item>
        <Item>8</Item>
        <Item>8</Item>
        <Item>8</Item>
        <Item>8</Item>
        <Item>8</Item>
        <Item>8</Item>
        <Item>8</Item>
        <Item>8</Item>
        <Item>8</Item>
        <Item>8</Item>
        <Item>8</Item>
        <Item>8</Item>
        <Item>8</Item>
        <Item>8</Item>
        <Item>8</Item>
        <Item>8</Item>
        <Item>8</Item>
        <Item>8</Item>
        <Item>8</Item>
        <Item>8</Item>
        <Item>8</Item>
        <Item>8</Item>
        <Item>8</Item>
        <Item>8</Item>
        <Item>8</Item>
        <Item>8</Item>
        <Item>8</Item>
        <Item>8</Item>
        <Item>8</Item>
        <Item>8</Item>
        <Item>8</Item>
        <Item>8</Item>
        <Item>8</Item>
        <Item>8</Item>
        <Item>8</Item>
        <Item>8</Item>
        <Item>8</Item>
        <Item>8</Item>
        <Item>8</Item>
        <Item>8</Item>
        <Item>8</Item>
        <Item>8</Item>
        <Item>8</Item>
        <Item>8</Item>
        <Item>8</Item>
        <Item>8</Item>
        <Item>8</Item>
        <Item>8</Item>
        <Item>8</Item>
        <Item>8</Item>
        <Item>8</Item>
        <Item>8</Item>
        <Item>8</Item>
        <Item>8</Item>
        <Item>8</Item>
        <Item>8</Item>
        <Item>8</Item>
        <Item>8</Item>
        <Item>8</Item>
        <Item>8</Item>
        <Item>8</Item>
        <Item>8</Item>
        <Item>8</Item>
        <Item>8</Item>
        <Item>8</Item>
        <Item>8</Item>
        <Item>8</Item>
        <Item>8</Item>
        <Item>8</Item>
        <Item>8</Item>
        <Item>8</Item>
        <Item>8</Item>
        <Item>8</Item>
        <Item>8</Item>
        <Item>8</Item>
        <Item>8</Item>
        <Item>8</Item>
        <Item>8</Item>
        <Item>8</Item>
        <Item>8</Item>
        <Item>8</Item>
        <Item>8</Item>
        <Item>8</Item>
        <Item>8</Item>
        <Item>8</Item>
        <Item>8</Item>
        <Item>8</Item>
        <Item>8</Item>
        <Item>8</Item>
        <Item>8</Item>
        <Item>8</Item>
        <Item>8</Item>
        <Item>8</Item>
        <Item>8</Item>
        <Item>8</Item>
        <Item>8</Item>
        <Item>8</Item>
        <Item>8</Item>
        <Item>8</Item>
        <Item>8</Item>
        <Item>8</Item>
        <Item>8</Item>
        <Item>8</Item>
        <Item>8</Item>
        <Item>8</Item>
        <Item>8</Item>
        <Item>8</Item>
        <Item>8</Item>
        <Item>8</Item>
        <Item>8</Item>
        <Item>8</Item>
        <Item>8</Item>
        <Item>8</Item>
        <Item>8</Item>
        <Item>8</Item>
        <Item>8</Item>
        <Item>8</Item>
        <Item>8</Item>
        <Item>8</Item>
        <Item>8</Item>
        <Item>8</Item>
        <Item>8</Item>
        <Item>8</Item>
        <Item>8</Item>
        <Item>8</Item>
        <Item>8</Item>
        <Item>8</Item>
        <Item>8</Item>
        <Item>8</Item>
        <Item>8</Item>
        <Item>8</Item>
        <Item>8</Item>
        <Item>8</Item>
        <Item>8</Item>
        <Item>8</Item>
        <Item>8</Item>
        <Item>8</Item>
        <Item>8</Item>
        <Item>8</Item>
        <Item>8</Item>
        <Item>8</Item>
        <Item>8</Item>
        <Item>8</Item>
        <Item>8</Item>
        <Item>8</Item>
        <Item>8</Item>
        <Item>8</Item>
        <Item>8</Item>
        <Item>8</Item>
        <Item>8</Item>
        <Item>8</Item>
        <Item>8</Item>
        <Item>8</Item>
        <Item>8</Item>
        <Item>8</Item>
        <Item>8</Item>
        <Item>8</Item>
        <Item>8</Item>
        <Item>8</Item>
        <Item>8</Item>
        <Item>8</Item>
        <Item>8</Item>
        <Item>8</Item>
        <Item>8</Item>
        <Item>8</Item>
        <Item>8</Item>
        <Item>8</Item>
        <Item>8</Item>
        <Item>8</Item>
        <Item>8</Item>
        <Item>8</Item>
        <Item>8</Item>
        <Item>8</Item>
        <Item>8</Item>
    </List>
</Root>
