<Root>
    <Number_of_jobs>20</Number_of_jobs>
    <Number_of_processors>4</Number_of_processors>
    <List>
        <Item>2</Item>
        <Item>2</Item>
        <Item>2</Item>
        <Item>2</Item>
        <Item>2</Item>
        <Item>2</Item>
        <Item>2</Item>
        <Item>2</Item>
        <Item>2</Item>
        <Item>2</Item>
        <Item>2</Item>
        <Item>2</Item>
        <Item>2</Item>
        <Item>2</Item>
        <Item>2</Item>
        <Item>2</Item>
        <Item>2</Item>
        <Item>2</Item>
        <Item>2</Item>
        <Item>2</Item>
    </List>
</Root>
