<Root>
    <Number_of_jobs>160</Number_of_jobs>
    <Number_of_processors>32</Number_of_processors>
    <List>
        <Item>5</Item>
        <Item>5</Item>
        <Item>5</Item>
        <Item>5</Item>
        <Item>5</Item>
        <Item>5</Item>
        <Item>5</Item>
        <Item>5</Item>
        <Item>5</Item>
        <Item>5</Item>
        <Item>5</Item>
        <Item>5</Item>
        <Item>5</Item>
        <Item>5</Item>
        <Item>5</Item>
        <Item>5</Item>
        <Item>5</Item>
        <Item>5</Item>
        <Item>5</Item>
        <Item>5</Item>
        <Item>5</Item>
        <Item>5</Item>
        <Item>5</Item>
        <Item>5</Item>
        <Item>5</Item>
        <Item>5</Item>
        <Item>5</Item>
        <Item>5</Item>
        <Item>5</Item>
        <Item>5</Item>
        <Item>5</Item>
        <Item>5</Item>
        <Item>5</Item>
        <Item>5</Item>
        <Item>5</Item>
        <Item>5</Item>
        <Item>5</Item>
        <Item>5</Item>
        <Item>5</Item>
        <Item>5</Item>
        <Item>5</Item>
        <Item>5</Item>
        <Item>5</Item>
        <Item>5</Item>
        <Item>5</Item>
        <Item>5</Item>
        <Item>5</Item>
        <Item>5</Item>
        <Item>5</Item>
        <Item>5</Item>
        <Item>5</Item>
        <Item>5</Item>
        <Item>5</Item>
        <Item>5</Item>
        <Item>5</Item>
        <Item>5</Item>
        <Item>5</Item>
        <Item>5</Item>
        <Item>5</Item>
        <Item>5</Item>
        <Item>5</Item>
        <Item>5</Item>
        <Item>5</Item>
        <Item>5</Item>
        <Item>5</Item>
        <Item>5</Item>
        <Item>5</Item>
        <Item>5</Item>
        <Item>5</Item>
        <Item>5</Item>
        <Item>5</Item>
        <Item>5</Item>
        <Item>5</Item>
        <Item>5</Item>
        <Item>5</Item>
        <Item>5</Item>
        <Item>5</Item>
        <Item>5</Item>
        <Item>5</Item>
        <Item>5</Item>
        <Item>5</Item>
        <Item>5</Item>
        <Item>5</Item>
        <Item>5</Item>
        <Item>5</Item>
        <Item>5</Item>
        <Item>5</Item>
        <Item>5</Item>
        <Item>5</Item>
        <Item>5</Item>
        <Item>5</Item>
        <Item>5</Item>
        <Item>5</Item>
        <Item>5</Item>
        <Item>5</Item>
        <Item>5</Item>
        <Item>5</Item>
        <Item>5</Item>
        <Item>5</Item>
        <Item>5</Item>
        <Item>5</Item>
        <Item>5</Item>
        <Item>5</Item>
        <Item>5</Item>
        <Item>5</Item>
        <Item>5</Item>
        <Item>5</Item>
        <Item>5</Item>
        <Item>5</Item>
        <Item>5</Item>
        <Item>5</Item>
        <Item>5</Item>
        <Item>5</Item>
        <Item>5</Item>
        <Item>5</Item>
        <Item>5</Item>
        <Item>5</Item>
        <Item>5</Item>
        <Item>5</Item>
        <Item>5</Item>
        <Item>5</Item>
        <Item>5</Item>
        <Item>5</Item>
        <Item>5</Item>
        <Item>5</Item>
        <Item>5</Item>
        <Item>5</Item>
        <Item>5</Item>
        <Item>5</Item>
        <Item>5</Item>
        <Item>5</Item>
        <Item>5</Item>
        <Item>5</Item>
        <Item>5</Item>
        <Item>5</Item>
        <Item>5</Item>
        <Item>5</Item>
        <Item>5</Item>
        <Item>5</Item>
        <Item>5</Item>
        <Item>5</Item>
        <Item>5</Item>
        <Item>5</Item>
        <Item>5</Item>
        <Item>5</Item>
        <Item>5</Item>
        <Item>5</Item>
        <Item>5</Item>
        <Item>5</Item>
        <Item>5</Item>
        <Item>5</Item>
        <Item>5</Item>
        <Item>5</Item>
        <Item>5</Item>
        <Item>5</Item>
        <Item>5</Item>
        <Item>5</Item>
        <Item>5</Item>
        <Item>5</Item>
        <Item>5</Item>
    </List>
</Root>
