<Root>
    <Number_of_jobs>640</Number_of_jobs>
    <Number_of_processors>128</Number_of_processors>
    <List>
        <Item>7</Item>
        <Item>7</Item>
        <Item>7</Item>
        <Item>7</Item>
        <Item>7</Item>
        <Item>7</Item>
        <Item>7</Item>
        <Item>7</Item>
        <Item>7</Item>
        <Item>7</Item>
        <Item>7</Item>
        <Item>7</Item>
        <Item>7</Item>
        <Item>7</Item>
        <Item>7</Item>
        <Item>7</Item>
        <Item>7</Item>
        <Item>7</Item>
        <Item>7</Item>
        <Item>7</Item>
        <Item>7</Item>
        <Item>7</Item>
        <Item>7</Item>
        <Item>7</Item>
        <Item>7</Item>
        <Item>7</Item>
        <Item>7</Item>
        <Item>7</Item>
        <Item>7</Item>
        <Item>7</Item>
        <Item>7</Item>
        <Item>7</Item>
        <Item>7</Item>
        <Item>7</Item>
        <Item>7</Item>
        <Item>7</Item>
        <Item>7</Item>
        <Item>7</Item>
        <Item>7</Item>
        <Item>7</Item>
        <Item>7</Item>
        <Item>7</Item>
        <Item>7</Item>
        <Item>7</Item>
        <Item>7</Item>
        <Item>7</Item>
        <Item>7</Item>
        <Item>7</Item>
        <Item>7</Item>
        <Item>7</Item>
        <Item>7</Item>
        <Item>7</Item>
        <Item>7</Item>
        <Item>7</Item>
        <Item>7</Item>
        <Item>7</Item>
        <Item>7</Item>
        <Item>7</Item>
        <Item>7</Item>
        <Item>7</Item>
        <Item>7</Item>
        <Item>7</Item>
        <Item>7</Item>
        <Item>7</Item>
        <Item>7</Item>
        <Item>7</Item>
        <Item>7</Item>
        <Item>7</Item>
        <Item>7</Item>
        <Item>7</Item>
        <Item>7</Item>
        <Item>7</Item>
        <Item>7</Item>
        <Item>7</Item>
        <Item>7</Item>
        <Item>7</Item>
        <Item>7</Item>
        <Item>7</Item>
        <Item>7</Item>
        <Item>7</Item>
        <Item>7</Item>
        <Item>7</Item>
        <Item>7</Item>
        <Item>7</Item>
        <Item>7</Item>
        <Item>7</Item>
        <Item>7</Item>
        <Item>7</Item>
        <Item>7</Item>
        <Item>7</Item>
        <Item>7</Item>
        <Item>7</Item>
        <Item>7</Item>
        <Item>7</Item>
        <Item>7</Item>
        <Item>7</Item>
        <Item>7</Item>
        <Item>7</Item>
        <Item>7</Item>
        <Item>7</Item>
        <Item>7</Item>
        <Item>7</Item>
        <Item>7</Item>
        <Item>7</Item>
        <Item>7</Item>
        <Item>7</Item>
        <Item>7</Item>
        <Item>7</Item>
        <Item>7</Item>
        <Item>7</Item>
        <Item>7</Item>
        <Item>7</Item>
        <Item>7</Item>
        <Item>7</Item>
        <Item>7</Item>
        <Item>7</Item>
        <Item>7</Item>
        <Item>7</Item>
        <Item>7</Item>
        <Item>7</Item>
        <Item>7</Item>
        <Item>7</Item>
        <Item>7</Item>
        <Item>7</Item>
        <Item>7</Item>
        <Item>7</Item>
        <Item>7</Item>
        <Item>7</Item>
        <Item>7</Item>
        <Item>7</Item>
        <Item>7</Item>
        <Item>7</Item>
        <Item>7</Item>
        <Item>7</Item>
        <Item>7</Item>
        <Item>7</Item>
        <Item>7</Item>
        <Item>7</Item>
        <Item>7</Item>
        <Item>7</Item>
        <Item>7</Item>
        <Item>7</Item>
        <Item>7</Item>
        <Item>7</Item>
        <Item>7</Item>
        <Item>7</Item>
        <Item>7</Item>
        <Item>7</Item>
        <Item>7</Item>
        <Item>7</Item>
        <Item>7</Item>
        <Item>7</Item>
        <Item>7</Item>
        <Item>7</Item>
        <Item>7</Item>
        <Item>7</Item>
        <Item>7</Item>
        <Item>7</Item>
        <Item>7</Item>
        <Item>7</Item>
        <Item>7</Item>
        <Item>7</Item>
        <Item>7</Item>
        <Item>7</Item>
        <Item>7</Item>
        <Item>7</Item>
        <Item>7</Item>
        <Item>7</Item>
        <Item>7</Item>
        <Item>7</Item>
        <Item>7</Item>
        <Item>7</Item>
        <Item>7</Item>
        <Item>7</Item>
        <Item>7</Item>
        <Item>7</Item>
        <Item>7</Item>
        <Item>7</Item>
        <Item>7</Item>
        <Item>7</Item>
        <Item>7</Item>
        <Item>7</Item>
        <Item>7</Item>
        <Item>7</Item>
        <Item>7</Item>
        <Item>7</Item>
        <Item>7</Item>
        <Item>7</Item>
        <Item>7</Item>
        <Item>7</Item>
        <Item>7</Item>
        <Item>7</Item>
        <Item>7</Item>
        <Item>7</Item>
        <Item>7</Item>
        <Item>7</Item>
        <Item>7</Item>
        <Item>7</Item>
        <Item>7</Item>
        <Item>7</Item>
        <Item>7</Item>
        <Item>7</Item>
        <Item>7</Item>
        <Item>7</Item>
        <Item>7</Item>
        <Item>7</Item>
        <Item>7</Item>
        <Item>7</Item>
        <Item>7</Item>
        <Item>7</Item>
        <Item>7</Item>
        <Item>7</Item>
        <Item>7</Item>
        <Item>7</Item>
        <Item>7</Item>
        <Item>7</Item>
        <Item>7</Item>
        <Item>7</Item>
        <Item>7</Item>
        <Item>7</Item>
        <Item>7</Item>
        <Item>7</Item>
        <Item>7</Item>
        <Item>7</Item>
        <Item>7</Item>
        <Item>7</Item>
        <Item>7</Item>
        <Item>7</Item>
        <Item>7</Item>
        <Item>7</Item>
        <Item>7</Item>
        <Item>7</Item>
        <Item>7</Item>
        <Item>7</Item>
        <Item>7</Item>
        <Item>7</Item>
        <Item>7</Item>
        <Item>7</Item>
        <Item>7</Item>
        <Item>7</Item>
        <Item>7</Item>
        <Item>7</Item>
        <Item>7</Item>
        <Item>7</Item>
        <Item>7</Item>
        <Item>7</Item>
        <Item>7</Item>
        <Item>7</Item>
        <Item>7</Item>
        <Item>7</Item>
        <Item>7</Item>
        <Item>7</Item>
        <Item>7</Item>
        <Item>7</Item>
        <Item>7</Item>
        <Item>7</Item>
        <Item>7</Item>
        <Item>7</Item>
        <Item>7</Item>
        <Item>7</Item>
        <Item>7</Item>
        <Item>7</Item>
        <Item>7</Item>
        <Item>7</Item>
        <Item>7</Item>
        <Item>7</Item>
        <Item>7</Item>
        <Item>7</Item>
        <Item>7</Item>
        <Item>7</Item>
        <Item>7</Item>
        <Item>7</Item>
        <Item>7</Item>
        <Item>7</Item>
        <Item>7</Item>
        <Item>7</Item>
        <Item>7</Item>
        <Item>7</Item>
        <Item>7</Item>
        <Item>7</Item>
        <Item>7</Item>
        <Item>7</Item>
        <Item>7</Item>
        <Item>7</Item>
        <Item>7</Item>
        <Item>7</Item>
        <Item>7</Item>
        <Item>7</Item>
        <Item>7</Item>
        <Item>7</Item>
        <Item>7</Item>
        <Item>7</Item>
        <Item>7</Item>
        <Item>7</Item>
        <Item>7</Item>
        <Item>7</Item>
        <Item>7</Item>
        <Item>7</Item>
        <Item>7</Item>
        <Item>7</Item>
        <Item>7</Item>
        <Item>7</Item>
        <Item>7</Item>
        <Item>7</Item>
        <Item>7</Item>
        <Item>7</Item>
        <Item>7</Item>
        <Item>7</Item>
        <Item>7</Item>
        <Item>7</Item>
        <Item>7</Item>
        <Item>7</Item>
        <Item>7</Item>
        <Item>7</Item>
        <Item>7</Item>
        <Item>7</Item>
        <Item>7</Item>
        <Item>7</Item>
        <Item>7</Item>
        <Item>7</Item>
        <Item>7</Item>
        <Item>7</Item>
        <Item>7</Item>
        <Item>7</Item>
        <Item>7</Item>
        <Item>7</Item>
        <Item>7</Item>
        <Item>7</Item>
        <Item>7</Item>
        <Item>7</Item>
        <Item>7</Item>
        <Item>7</Item>
        <Item>7</Item>
        <Item>7</Item>
        <Item>7</Item>
        <Item>7</Item>
        <Item>7</Item>
        <Item>7</Item>
        <Item>7</Item>
        <Item>7</Item>
        <Item>7</Item>
        <Item>7</Item>
        <Item>7</Item>
        <Item>7</Item>
        <Item>7</Item>
        <Item>7</Item>
        <Item>7</Item>
        <Item>7</Item>
        <Item>7</Item>
        <Item>7</Item>
        <Item>7</Item>
        <Item>7</Item>
        <Item>7</Item>
        <Item>7</Item>
        <Item>7</Item>
        <Item>7</Item>
        <Item>7</Item>
        <Item>7</Item>
        <Item>7</Item>
        <Item>7</Item>
        <Item>7</Item>
        <Item>7</Item>
        <Item>7</Item>
        <Item>7</Item>
        <Item>7</Item>
        <Item>7</Item>
        <Item>7</Item>
        <Item>7</Item>
        <Item>7</Item>
        <Item>7</Item>
        <Item>7</Item>
        <Item>7</Item>
        <Item>7</Item>
        <Item>7</Item>
        <Item>7</Item>
        <Item>7</Item>
        <Item>7</Item>
        <Item>7</Item>
        <Item>7</Item>
        <Item>7</Item>
        <Item>7</Item>
        <Item>7</Item>
        <Item>7</Item>
        <Item>7</Item>
        <Item>7</Item>
        <Item>7</Item>
        <Item>7</Item>
        <Item>7</Item>
        <Item>7</Item>
        <Item>7</Item>
        <Item>7</Item>
        <Item>7</Item>
        <Item>7</Item>
        <Item>7</Item>
        <Item>7</Item>
        <Item>7</Item>
        <Item>7</Item>
        <Item>7</Item>
        <Item>7</Item>
        <Item>7</Item>
        <Item>7</Item>
        <Item>7</Item>
        <Item>7</Item>
        <Item>7</Item>
        <Item>7</Item>
        <Item>7</Item>
        <Item>7</Item>
        <Item>7</Item>
        <Item>7</Item>
        <Item>7</Item>
        <Item>7</Item>
        <Item>7</Item>
        <Item>7</Item>
        <Item>7</Item>
        <Item>7</Item>
        <Item>7</Item>
        <Item>7</Item>
        <Item>7</Item>
        <Item>7</Item>
        <Item>7</Item>
        <Item>7</Item>
        <Item>7</Item>
        <Item>7</Item>
        <Item>7</Item>
        <Item>7</Item>
        <Item>7</Item>
        <Item>7</Item>
        <Item>7</Item>
        <Item>7</Item>
        <Item>7</Item>
        <Item>7</Item>
        <Item>7</Item>
        <Item>7</Item>
        <Item>7</Item>
        <Item>7</Item>
        <Item>7</Item>
        <Item>7</Item>
        <Item>7</Item>
        <Item>7</Item>
        <Item>7</Item>
        <Item>7</Item>
        <Item>7</Item>
        <Item>7</Item>
        <Item>7</Item>
        <Item>7</Item>
        <Item>7</Item>
        <Item>7</Item>
        <Item>7</Item>
        <Item>7</Item>
        <Item>7</Item>
        <Item>7</Item>
        <Item>7</Item>
        <Item>7</Item>
        <Item>7</Item>
        <Item>7</Item>
        <Item>7</Item>
        <Item>7</Item>
        <Item>7</Item>
        <Item>7</Item>
        <Item>7</Item>
        <Item>7</Item>
        <Item>7</Item>
        <Item>7</Item>
        <Item>7</Item>
        <Item>7</Item>
        <Item>7</Item>
        <Item>7</Item>
        <Item>7</Item>
        <Item>7</Item>
        <Item>7</Item>
        <Item>7</Item>
        <Item>7</Item>
        <Item>7</Item>
        <Item>7</Item>
        <Item>7</Item>
        <Item>7</Item>
        <Item>7</Item>
        <Item>7</Item>
        <Item>7</Item>
        <Item>7</Item>
        <Item>7</Item>
        <Item>7</Item>
        <Item>7</Item>
        <Item>7</Item>
        <Item>7</Item>
        <Item>7</Item>
        <Item>7</Item>
        <Item>7</Item>
        <Item>7</Item>
        <Item>7</Item>
        <Item>7</Item>
        <Item>7</Item>
        <Item>7</Item>
        <Item>7</Item>
        <Item>7</Item>
        <Item>7</Item>
        <Item>7</Item>
        <Item>7</Item>
        <Item>7</Item>
        <Item>7</Item>
        <Item>7</Item>
        <Item>7</Item>
        <Item>7</Item>
        <Item>7</Item>
        <Item>7</Item>
        <Item>7</Item>
        <Item>7</Item>
        <Item>7</Item>
        <Item>7</Item>
        <Item>7</Item>
        <Item>7</Item>
        <Item>7</Item>
        <Item>7</Item>
        <Item>7</Item>
        <Item>7</Item>
        <Item>7</Item>
        <Item>7</Item>
        <Item>7</Item>
        <Item>7</Item>
        <Item>7</Item>
        <Item>7</Item>
        <Item>7</Item>
        <Item>7</Item>
        <Item>7</Item>
        <Item>7</Item>
        <Item>7</Item>
        <Item>7</Item>
        <Item>7</Item>
        <Item>7</Item>
        <Item>7</Item>
        <Item>7</Item>
        <Item>7</Item>
        <Item>7</Item>
        <Item>7</Item>
        <Item>7</Item>
        <Item>7</Item>
        <Item>7</Item>
        <Item>7</Item>
        <Item>7</Item>
        <Item>7</Item>
        <Item>7</Item>
        <Item>7</Item>
        <Item>7</Item>
        <Item>7</Item>
        <Item>7</Item>
        <Item>7</Item>
        <Item>7</Item>
        <Item>7</Item>
        <Item>7</Item>
        <Item>7</Item>
        <Item>7</Item>
        <Item>7</Item>
        <Item>7</Item>
        <Item>7</Item>
        <Item>7</Item>
        <Item>7</Item>
        <Item>7</Item>
        <Item>7</Item>
        <Item>7</Item>
        <Item>7</Item>
        <Item>7</Item>
        <Item>7</Item>
        <Item>7</Item>
        <Item>7</Item>
        <Item>7</Item>
        <Item>7</Item>
        <Item>7</Item>
        <Item>7</Item>
        <Item>7</Item>
        <Item>7</Item>
        <Item>7</Item>
        <Item>7</Item>
        <Item>7</Item>
        <Item>7</Item>
        <Item>7</Item>
        <Item>7</Item>
        <Item>7</Item>
        <Item>7</Item>
        <Item>7</Item>
        <Item>7</Item>
        <Item>7</Item>
        <Item>7</Item>
        <Item>7</Item>
        <Item>7</Item>
        <Item>7</Item>
        <Item>7</Item>
        <Item>7</Item>
        <Item>7</Item>
        <Item>7</Item>
        <Item>7</Item>
        <Item>7</Item>
        <Item>7</Item>
        <Item>7</Item>
        <Item>7</Item>
        <Item>7</Item>
        <Item>7</Item>
        <Item>7</Item>
        <Item>7</Item>
        <Item>7</Item>
        <Item>7</Item>
        <Item>7</Item>
        <Item>7</Item>
        <Item>7</Item>
        <Item>7</Item>
        <Item>7</Item>
        <Item>7</Item>
        <Item>7</Item>
        <Item>7</Item>
        <Item>7</Item>
        <Item>7</Item>
        <Item>7</Item>
        <Item>7</Item>
        <Item>7</Item>
        <Item>7</Item>
        <Item>7</Item>
        <Item>7</Item>
        <Item>7</Item>
        <Item>7</Item>
        <Item>7</Item>
        <Item>7</Item>
        <Item>7</Item>
        <Item>7</Item>
        <Item>7</Item>
        <Item>7</Item>
        <Item>7</Item>
        <Item>7</Item>
        <Item>7</Item>
        <Item>7</Item>
        <Item>7</Item>
        <Item>7</Item>
        <Item>7</Item>
        <Item>7</Item>
        <Item>7</Item>
        <Item>7</Item>
        <Item>7</Item>
        <Item>7</Item>
        <Item>7</Item>
        <Item>7</Item>
        <Item>7</Item>
        <Item>7</Item>
    </List>
</Root>
