<Root>
    <Number_of_jobs>10</Number_of_jobs>
    <Number_of_processors>2</Number_of_processors>
    <List>
        <Item>1</Item>
        <Item>1</Item>
        <Item>1</Item>
        <Item>1</Item>
        <Item>1</Item>
        <Item>1</Item>
        <Item>1</Item>
        <Item>1</Item>
        <Item>1</Item>
        <Item>1</Item>
    </List>
</Root>
