<Root>
    <Number_of_jobs>320</Number_of_jobs>
    <Number_of_processors>64</Number_of_processors>
    <List>
        <Item>6</Item>
        <Item>6</Item>
        <Item>6</Item>
        <Item>6</Item>
        <Item>6</Item>
        <Item>6</Item>
        <Item>6</Item>
        <Item>6</Item>
        <Item>6</Item>
        <Item>6</Item>
        <Item>6</Item>
        <Item>6</Item>
        <Item>6</Item>
        <Item>6</Item>
        <Item>6</Item>
        <Item>6</Item>
        <Item>6</Item>
        <Item>6</Item>
        <Item>6</Item>
        <Item>6</Item>
        <Item>6</Item>
        <Item>6</Item>
        <Item>6</Item>
        <Item>6</Item>
        <Item>6</Item>
        <Item>6</Item>
        <Item>6</Item>
        <Item>6</Item>
        <Item>6</Item>
        <Item>6</Item>
        <Item>6</Item>
        <Item>6</Item>
        <Item>6</Item>
        <Item>6</Item>
        <Item>6</Item>
        <Item>6</Item>
        <Item>6</Item>
        <Item>6</Item>
        <Item>6</Item>
        <Item>6</Item>
        <Item>6</Item>
        <Item>6</Item>
        <Item>6</Item>
        <Item>6</Item>
        <Item>6</Item>
        <Item>6</Item>
        <Item>6</Item>
        <Item>6</Item>
        <Item>6</Item>
        <Item>6</Item>
        <Item>6</Item>
        <Item>6</Item>
        <Item>6</Item>
        <Item>6</Item>
        <Item>6</Item>
        <Item>6</Item>
        <Item>6</Item>
        <Item>6</Item>
        <Item>6</Item>
        <Item>6</Item>
        <Item>6</Item>
        <Item>6</Item>
        <Item>6</Item>
        <Item>6</Item>
        <Item>6</Item>
        <Item>6</Item>
        <Item>6</Item>
        <Item>6</Item>
        <Item>6</Item>
        <Item>6</Item>
        <Item>6</Item>
        <Item>6</Item>
        <Item>6</Item>
        <Item>6</Item>
        <Item>6</Item>
        <Item>6</Item>
        <Item>6</Item>
        <Item>6</Item>
        <Item>6</Item>
        <Item>6</Item>
        <Item>6</Item>
        <Item>6</Item>
        <Item>6</Item>
        <Item>6</Item>
        <Item>6</Item>
        <Item>6</Item>
        <Item>6</Item>
        <Item>6</Item>
        <Item>6</Item>
        <Item>6</Item>
        <Item>6</Item>
        <Item>6</Item>
        <Item>6</Item>
        <Item>6</Item>
        <Item>6</Item>
        <Item>6</Item>
        <Item>6</Item>
        <Item>6</Item>
        <Item>6</Item>
        <Item>6</Item>
        <Item>6</Item>
        <Item>6</Item>
        <Item>6</Item>
        <Item>6</Item>
        <Item>6</Item>
        <Item>6</Item>
        <Item>6</Item>
        <Item>6</Item>
        <Item>6</Item>
        <Item>6</Item>
        <Item>6</Item>
        <Item>6</Item>
        <Item>6</Item>
        <Item>6</Item>
        <Item>6</Item>
        <Item>6</Item>
        <Item>6</Item>
        <Item>6</Item>
        <Item>6</Item>
        <Item>6</Item>
        <Item>6</Item>
        <Item>6</Item>
        <Item>6</Item>
        <Item>6</Item>
        <Item>6</Item>
        <Item>6</Item>
        <Item>6</Item>
        <Item>6</Item>
        <Item>6</Item>
        <Item>6</Item>
        <Item>6</Item>
        <Item>6</Item>
        <Item>6</Item>
        <Item>6</Item>
        <Item>6</Item>
        <Item>6</Item>
        <Item>6</Item>
        <Item>6</Item>
        <Item>6</Item>
        <Item>6</Item>
        <Item>6</Item>
        <Item>6</Item>
        <Item>6</Item>
        <Item>6</Item>
        <Item>6</Item>
        <Item>6</Item>
        <Item>6</Item>
        <Item>6</Item>
        <Item>6</Item>
        <Item>6</Item>
        <Item>6</Item>
        <Item>6</Item>
        <Item>6</Item>
        <Item>6</Item>
        <Item>6</Item>
        <Item>6</Item>
        <Item>6</Item>
        <Item>6</Item>
        <Item>6</Item>
        <Item>6</Item>
        <Item>6</Item>
        <Item>6</Item>
        <Item>6</Item>
        <Item>6</Item>
        <Item>6</Item>
        <Item>6</Item>
        <Item>6</Item>
        <Item>6</Item>
        <Item>6</Item>
        <Item>6</Item>
        <Item>6</Item>
        <Item>6</Item>
        <Item>6</Item>
        <Item>6</Item>
        <Item>6</Item>
        <Item>6</Item>
        <Item>6</Item>
        <Item>6</Item>
        <Item>6</Item>
        <Item>6</Item>
        <Item>6</Item>
        <Item>6</Item>
        <Item>6</Item>
        <Item>6</Item>
        <Item>6</Item>
        <Item>6</Item>
        <Item>6</Item>
        <Item>6</Item>
        <Item>6</Item>
        <Item>6</Item>
        <Item>6</Item>
        <Item>6</Item>
        <Item>6</Item>
        <Item>6</Item>
        <Item>6</Item>
        <Item>6</Item>
        <Item>6</Item>
        <Item>6</Item>
        <Item>6</Item>
        <Item>6</Item>
        <Item>6</Item>
        <Item>6</Item>
        <Item>6</Item>
        <Item>6</Item>
        <Item>6</Item>
        <Item>6</Item>
        <Item>6</Item>
        <Item>6</Item>
        <Item>6</Item>
        <Item>6</Item>
        <Item>6</Item>
        <Item>6</Item>
        <Item>6</Item>
        <Item>6</Item>
        <Item>6</Item>
        <Item>6</Item>
        <Item>6</Item>
        <Item>6</Item>
        <Item>6</Item>
        <Item>6</Item>
        <Item>6</Item>
        <Item>6</Item>
        <Item>6</Item>
        <Item>6</Item>
        <Item>6</Item>
        <Item>6</Item>
        <Item>6</Item>
        <Item>6</Item>
        <Item>6</Item>
        <Item>6</Item>
        <Item>6</Item>
        <Item>6</Item>
        <Item>6</Item>
        <Item>6</Item>
        <Item>6</Item>
        <Item>6</Item>
        <Item>6</Item>
        <Item>6</Item>
        <Item>6</Item>
        <Item>6</Item>
        <Item>6</Item>
        <Item>6</Item>
        <Item>6</Item>
        <Item>6</Item>
        <Item>6</Item>
        <Item>6</Item>
        <Item>6</Item>
        <Item>6</Item>
        <Item>6</Item>
        <Item>6</Item>
        <Item>6</Item>
        <Item>6</Item>
        <Item>6</Item>
        <Item>6</Item>
        <Item>6</Item>
        <Item>6</Item>
        <Item>6</Item>
        <Item>6</Item>
        <Item>6</Item>
        <Item>6</Item>
        <Item>6</Item>
        <Item>6</Item>
        <Item>6</Item>
        <Item>6</Item>
        <Item>6</Item>
        <Item>6</Item>
        <Item>6</Item>
        <Item>6</Item>
        <Item>6</Item>
        <Item>6</Item>
        <Item>6</Item>
        <Item>6</Item>
        <Item>6</Item>
        <Item>6</Item>
        <Item>6</Item>
        <Item>6</Item>
        <Item>6</Item>
        <Item>6</Item>
        <Item>6</Item>
        <Item>6</Item>
        <Item>6</Item>
        <Item>6</Item>
        <Item>6</Item>
        <Item>6</Item>
        <Item>6</Item>
        <Item>6</Item>
        <Item>6</Item>
        <Item>6</Item>
        <Item>6</Item>
        <Item>6</Item>
        <Item>6</Item>
        <Item>6</Item>
        <Item>6</Item>
        <Item>6</Item>
        <Item>6</Item>
        <Item>6</Item>
        <Item>6</Item>
        <Item>6</Item>
        <Item>6</Item>
        <Item>6</Item>
        <Item>6</Item>
        <Item>6</Item>
        <Item>6</Item>
        <Item>6</Item>
        <Item>6</Item>
        <Item>6</Item>
        <Item>6</Item>
        <Item>6</Item>
        <Item>6</Item>
        <Item>6</Item>
        <Item>6</Item>
        <Item>6</Item>
        <Item>6</Item>
        <Item>6</Item>
        <Item>6</Item>
        <Item>6</Item>
        <Item>6</Item>
        <Item>6</Item>
        <Item>6</Item>
        <Item>6</Item>
    </List>
</Root>
