<Root>
    <Number_of_jobs>2560</Number_of_jobs>
    <Number_of_processors>512</Number_of_processors>
    <List>
        <Item>9</Item>
        <Item>9</Item>
        <Item>9</Item>
        <Item>9</Item>
        <Item>9</Item>
        <Item>9</Item>
        <Item>9</Item>
        <Item>9</Item>
        <Item>9</Item>
        <Item>9</Item>
        <Item>9</Item>
        <Item>9</Item>
        <Item>9</Item>
        <Item>9</Item>
        <Item>9</Item>
        <Item>9</Item>
        <Item>9</Item>
        <Item>9</Item>
        <Item>9</Item>
        <Item>9</Item>
        <Item>9</Item>
        <Item>9</Item>
        <Item>9</Item>
        <Item>9</Item>
        <Item>9</Item>
        <Item>9</Item>
        <Item>9</Item>
        <Item>9</Item>
        <Item>9</Item>
        <Item>9</Item>
        <Item>9</Item>
        <Item>9</Item>
        <Item>9</Item>
        <Item>9</Item>
        <Item>9</Item>
        <Item>9</Item>
        <Item>9</Item>
        <Item>9</Item>
        <Item>9</Item>
        <Item>9</Item>
        <Item>9</Item>
        <Item>9</Item>
        <Item>9</Item>
        <Item>9</Item>
        <Item>9</Item>
        <Item>9</Item>
        <Item>9</Item>
        <Item>9</Item>
        <Item>9</Item>
        <Item>9</Item>
        <Item>9</Item>
        <Item>9</Item>
        <Item>9</Item>
        <Item>9</Item>
        <Item>9</Item>
        <Item>9</Item>
        <Item>9</Item>
        <Item>9</Item>
        <Item>9</Item>
        <Item>9</Item>
        <Item>9</Item>
        <Item>9</Item>
        <Item>9</Item>
        <Item>9</Item>
        <Item>9</Item>
        <Item>9</Item>
        <Item>9</Item>
        <Item>9</Item>
        <Item>9</Item>
        <Item>9</Item>
        <Item>9</Item>
        <Item>9</Item>
        <Item>9</Item>
        <Item>9</Item>
        <Item>9</Item>
        <Item>9</Item>
        <Item>9</Item>
        <Item>9</Item>
        <Item>9</Item>
        <Item>9</Item>
        <Item>9</Item>
        <Item>9</Item>
        <Item>9</Item>
        <Item>9</Item>
        <Item>9</Item>
        <Item>9</Item>
        <Item>9</Item>
        <Item>9</Item>
        <Item>9</Item>
        <Item>9</Item>
        <Item>9</Item>
        <Item>9</Item>
        <Item>9</Item>
        <Item>9</Item>
        <Item>9</Item>
        <Item>9</Item>
        <Item>9</Item>
        <Item>9</Item>
        <Item>9</Item>
        <Item>9</Item>
        <Item>9</Item>
        <Item>9</Item>
        <Item>9</Item>
        <Item>9</Item>
        <Item>9</Item>
        <Item>9</Item>
        <Item>9</Item>
        <Item>9</Item>
        <Item>9</Item>
        <Item>9</Item>
        <Item>9</Item>
        <Item>9</Item>
        <Item>9</Item>
        <Item>9</Item>
        <Item>9</Item>
        <Item>9</Item>
        <Item>9</Item>
        <Item>9</Item>
        <Item>9</Item>
        <Item>9</Item>
        <Item>9</Item>
        <Item>9</Item>
        <Item>9</Item>
        <Item>9</Item>
        <Item>9</Item>
        <Item>9</Item>
        <Item>9</Item>
        <Item>9</Item>
        <Item>9</Item>
        <Item>9</Item>
        <Item>9</Item>
        <Item>9</Item>
        <Item>9</Item>
        <Item>9</Item>
        <Item>9</Item>
        <Item>9</Item>
        <Item>9</Item>
        <Item>9</Item>
        <Item>9</Item>
        <Item>9</Item>
        <Item>9</Item>
        <Item>9</Item>
        <Item>9</Item>
        <Item>9</Item>
        <Item>9</Item>
        <Item>9</Item>
        <Item>9</Item>
        <Item>9</Item>
        <Item>9</Item>
        <Item>9</Item>
        <Item>9</Item>
        <Item>9</Item>
        <Item>9</Item>
        <Item>9</Item>
        <Item>9</Item>
        <Item>9</Item>
        <Item>9</Item>
        <Item>9</Item>
        <Item>9</Item>
        <Item>9</Item>
        <Item>9</Item>
        <Item>9</Item>
        <Item>9</Item>
        <Item>9</Item>
        <Item>9</Item>
        <Item>9</Item>
        <Item>9</Item>
        <Item>9</Item>
        <Item>9</Item>
        <Item>9</Item>
        <Item>9</Item>
        <Item>9</Item>
        <Item>9</Item>
        <Item>9</Item>
        <Item>9</Item>
        <Item>9</Item>
        <Item>9</Item>
        <Item>9</Item>
        <Item>9</Item>
        <Item>9</Item>
        <Item>9</Item>
        <Item>9</Item>
        <Item>9</Item>
        <Item>9</Item>
        <Item>9</Item>
        <Item>9</Item>
        <Item>9</Item>
        <Item>9</Item>
        <Item>9</Item>
        <Item>9</Item>
        <Item>9</Item>
        <Item>9</Item>
        <Item>9</Item>
        <Item>9</Item>
        <Item>9</Item>
        <Item>9</Item>
        <Item>9</Item>
        <Item>9</Item>
        <Item>9</Item>
        <Item>9</Item>
        <Item>9</Item>
        <Item>9</Item>
        <Item>9</Item>
        <Item>9</Item>
        <Item>9</Item>
        <Item>9</Item>
        <Item>9</Item>
        <Item>9</Item>
        <Item>9</Item>
        <Item>9</Item>
        <Item>9</Item>
        <Item>9</Item>
        <Item>9</Item>
        <Item>9</Item>
        <Item>9</Item>
        <Item>9</Item>
        <Item>9</Item>
        <Item>9</Item>
        <Item>9</Item>
        <Item>9</Item>
        <Item>9</Item>
        <Item>9</Item>
        <Item>9</Item>
        <Item>9</Item>
        <Item>9</Item>
        <Item>9</Item>
        <Item>9</Item>
        <Item>9</Item>
        <Item>9</Item>
        <Item>9</Item>
        <Item>9</Item>
        <Item>9</Item>
        <Item>9</Item>
        <Item>9</Item>
        <Item>9</Item>
        <Item>9</Item>
        <Item>9</Item>
        <Item>9</Item>
        <Item>9</Item>
        <Item>9</Item>
        <Item>9</Item>
        <Item>9</Item>
        <Item>9</Item>
        <Item>9</Item>
        <Item>9</Item>
        <Item>9</Item>
        <Item>9</Item>
        <Item>9</Item>
        <Item>9</Item>
        <Item>9</Item>
        <Item>9</Item>
        <Item>9</Item>
        <Item>9</Item>
        <Item>9</Item>
        <Item>9</Item>
        <Item>9</Item>
        <Item>9</Item>
        <Item>9</Item>
        <Item>9</Item>
        <Item>9</Item>
        <Item>9</Item>
        <Item>9</Item>
        <Item>9</Item>
        <Item>9</Item>
        <Item>9</Item>
        <Item>9</Item>
        <Item>9</Item>
        <Item>9</Item>
        <Item>9</Item>
        <Item>9</Item>
        <Item>9</Item>
        <Item>9</Item>
        <Item>9</Item>
        <Item>9</Item>
        <Item>9</Item>
        <Item>9</Item>
        <Item>9</Item>
        <Item>9</Item>
        <Item>9</Item>
        <Item>9</Item>
        <Item>9</Item>
        <Item>9</Item>
        <Item>9</Item>
        <Item>9</Item>
        <Item>9</Item>
        <Item>9</Item>
        <Item>9</Item>
        <Item>9</Item>
        <Item>9</Item>
        <Item>9</Item>
        <Item>9</Item>
        <Item>9</Item>
        <Item>9</Item>
        <Item>9</Item>
        <Item>9</Item>
        <Item>9</Item>
        <Item>9</Item>
        <Item>9</Item>
        <Item>9</Item>
        <Item>9</Item>
        <Item>9</Item>
        <Item>9</Item>
        <Item>9</Item>
        <Item>9</Item>
        <Item>9</Item>
        <Item>9</Item>
        <Item>9</Item>
        <Item>9</Item>
        <Item>9</Item>
        <Item>9</Item>
        <Item>9</Item>
        <Item>9</Item>
        <Item>9</Item>
        <Item>9</Item>
        <Item>9</Item>
        <Item>9</Item>
        <Item>9</Item>
        <Item>9</Item>
        <Item>9</Item>
        <Item>9</Item>
        <Item>9</Item>
        <Item>9</Item>
        <Item>9</Item>
        <Item>9</Item>
        <Item>9</Item>
        <Item>9</Item>
        <Item>9</Item>
        <Item>9</Item>
        <Item>9</Item>
        <Item>9</Item>
        <Item>9</Item>
        <Item>9</Item>
        <Item>9</Item>
        <Item>9</Item>
        <Item>9</Item>
        <Item>9</Item>
        <Item>9</Item>
        <Item>9</Item>
        <Item>9</Item>
        <Item>9</Item>
        <Item>9</Item>
        <Item>9</Item>
        <Item>9</Item>
        <Item>9</Item>
        <Item>9</Item>
        <Item>9</Item>
        <Item>9</Item>
        <Item>9</Item>
        <Item>9</Item>
        <Item>9</Item>
        <Item>9</Item>
        <Item>9</Item>
        <Item>9</Item>
        <Item>9</Item>
        <Item>9</Item>
        <Item>9</Item>
        <Item>9</Item>
        <Item>9</Item>
        <Item>9</Item>
        <Item>9</Item>
        <Item>9</Item>
        <Item>9</Item>
        <Item>9</Item>
        <Item>9</Item>
        <Item>9</Item>
        <Item>9</Item>
        <Item>9</Item>
        <Item>9</Item>
        <Item>9</Item>
        <Item>9</Item>
        <Item>9</Item>
        <Item>9</Item>
        <Item>9</Item>
        <Item>9</Item>
        <Item>9</Item>
        <Item>9</Item>
        <Item>9</Item>
        <Item>9</Item>
        <Item>9</Item>
        <Item>9</Item>
        <Item>9</Item>
        <Item>9</Item>
        <Item>9</Item>
        <Item>9</Item>
        <Item>9</Item>
        <Item>9</Item>
        <Item>9</Item>
        <Item>9</Item>
        <Item>9</Item>
        <Item>9</Item>
        <Item>9</Item>
        <Item>9</Item>
        <Item>9</Item>
        <Item>9</Item>
        <Item>9</Item>
        <Item>9</Item>
        <Item>9</Item>
        <Item>9</Item>
        <Item>9</Item>
        <Item>9</Item>
        <Item>9</Item>
        <Item>9</Item>
        <Item>9</Item>
        <Item>9</Item>
        <Item>9</Item>
        <Item>9</Item>
        <Item>9</Item>
        <Item>9</Item>
        <Item>9</Item>
        <Item>9</Item>
        <Item>9</Item>
        <Item>9</Item>
        <Item>9</Item>
        <Item>9</Item>
        <Item>9</Item>
        <Item>9</Item>
        <Item>9</Item>
        <Item>9</Item>
        <Item>9</Item>
        <Item>9</Item>
        <Item>9</Item>
        <Item>9</Item>
        <Item>9</Item>
        <Item>9</Item>
        <Item>9</Item>
        <Item>9</Item>
        <Item>9</Item>
        <Item>9</Item>
        <Item>9</Item>
        <Item>9</Item>
        <Item>9</Item>
        <Item>9</Item>
        <Item>9</Item>
        <Item>9</Item>
        <Item>9</Item>
        <Item>9</Item>
        <Item>9</Item>
        <Item>9</Item>
        <Item>9</Item>
        <Item>9</Item>
        <Item>9</Item>
        <Item>9</Item>
        <Item>9</Item>
        <Item>9</Item>
        <Item>9</Item>
        <Item>9</Item>
        <Item>9</Item>
        <Item>9</Item>
        <Item>9</Item>
        <Item>9</Item>
        <Item>9</Item>
        <Item>9</Item>
        <Item>9</Item>
        <Item>9</Item>
        <Item>9</Item>
        <Item>9</Item>
        <Item>9</Item>
        <Item>9</Item>
        <Item>9</Item>
        <Item>9</Item>
        <Item>9</Item>
        <Item>9</Item>
        <Item>9</Item>
        <Item>9</Item>
        <Item>9</Item>
        <Item>9</Item>
        <Item>9</Item>
        <Item>9</Item>
        <Item>9</Item>
        <Item>9</Item>
        <Item>9</Item>
        <Item>9</Item>
        <Item>9</Item>
        <Item>9</Item>
        <Item>9</Item>
        <Item>9</Item>
        <Item>9</Item>
        <Item>9</Item>
        <Item>9</Item>
        <Item>9</Item>
        <Item>9</Item>
        <Item>9</Item>
        <Item>9</Item>
        <Item>9</Item>
        <Item>9</Item>
        <Item>9</Item>
        <Item>9</Item>
        <Item>9</Item>
        <Item>9</Item>
        <Item>9</Item>
        <Item>9</Item>
        <Item>9</Item>
        <Item>9</Item>
        <Item>9</Item>
        <Item>9</Item>
        <Item>9</Item>
        <Item>9</Item>
        <Item>9</Item>
        <Item>9</Item>
        <Item>9</Item>
        <Item>9</Item>
        <Item>9</Item>
        <Item>9</Item>
        <Item>9</Item>
        <Item>9</Item>
        <Item>9</Item>
        <Item>9</Item>
        <Item>9</Item>
        <Item>9</Item>
        <Item>9</Item>
        <Item>9</Item>
        <Item>9</Item>
        <Item>9</Item>
        <Item>9</Item>
        <Item>9</Item>
        <Item>9</Item>
        <Item>9</Item>
        <Item>9</Item>
        <Item>9</Item>
        <Item>9</Item>
        <Item>9</Item>
        <Item>9</Item>
        <Item>9</Item>
        <Item>9</Item>
        <Item>9</Item>
        <Item>9</Item>
        <Item>9</Item>
        <Item>9</Item>
        <Item>9</Item>
        <Item>9</Item>
        <Item>9</Item>
        <Item>9</Item>
        <Item>9</Item>
        <Item>9</Item>
        <Item>9</Item>
        <Item>9</Item>
        <Item>9</Item>
        <Item>9</Item>
        <Item>9</Item>
        <Item>9</Item>
        <Item>9</Item>
        <Item>9</Item>
        <Item>9</Item>
        <Item>9</Item>
        <Item>9</Item>
        <Item>9</Item>
        <Item>9</Item>
        <Item>9</Item>
        <Item>9</Item>
        <Item>9</Item>
        <Item>9</Item>
        <Item>9</Item>
        <Item>9</Item>
        <Item>9</Item>
        <Item>9</Item>
        <Item>9</Item>
        <Item>9</Item>
        <Item>9</Item>
        <Item>9</Item>
        <Item>9</Item>
        <Item>9</Item>
        <Item>9</Item>
        <Item>9</Item>
        <Item>9</Item>
        <Item>9</Item>
        <Item>9</Item>
        <Item>9</Item>
        <Item>9</Item>
        <Item>9</Item>
        <Item>9</Item>
        <Item>9</Item>
        <Item>9</Item>
        <Item>9</Item>
        <Item>9</Item>
        <Item>9</Item>
        <Item>9</Item>
        <Item>9</Item>
        <Item>9</Item>
        <Item>9</Item>
        <Item>9</Item>
        <Item>9</Item>
        <Item>9</Item>
        <Item>9</Item>
        <Item>9</Item>
        <Item>9</Item>
        <Item>9</Item>
        <Item>9</Item>
        <Item>9</Item>
        <Item>9</Item>
        <Item>9</Item>
        <Item>9</Item>
        <Item>9</Item>
        <Item>9</Item>
        <Item>9</Item>
        <Item>9</Item>
        <Item>9</Item>
        <Item>9</Item>
        <Item>9</Item>
        <Item>9</Item>
        <Item>9</Item>
        <Item>9</Item>
        <Item>9</Item>
        <Item>9</Item>
        <Item>9</Item>
        <Item>9</Item>
        <Item>9</Item>
        <Item>9</Item>
        <Item>9</Item>
        <Item>9</Item>
        <Item>9</Item>
        <Item>9</Item>
        <Item>9</Item>
        <Item>9</Item>
        <Item>9</Item>
        <Item>9</Item>
        <Item>9</Item>
        <Item>9</Item>
        <Item>9</Item>
        <Item>9</Item>
        <Item>9</Item>
        <Item>9</Item>
        <Item>9</Item>
        <Item>9</Item>
        <Item>9</Item>
        <Item>9</Item>
        <Item>9</Item>
        <Item>9</Item>
        <Item>9</Item>
        <Item>9</Item>
        <Item>9</Item>
        <Item>9</Item>
        <Item>9</Item>
        <Item>9</Item>
        <Item>9</Item>
        <Item>9</Item>
        <Item>9</Item>
        <Item>9</Item>
        <Item>9</Item>
        <Item>9</Item>
        <Item>9</Item>
        <Item>9</Item>
        <Item>9</Item>
        <Item>9</Item>
        <Item>9</Item>
        <Item>9</Item>
        <Item>9</Item>
        <Item>9</Item>
        <Item>9</Item>
        <Item>9</Item>
        <Item>9</Item>
        <Item>9</Item>
        <Item>9</Item>
        <Item>9</Item>
        <Item>9</Item>
        <Item>9</Item>
        <Item>9</Item>
        <Item>9</Item>
        <Item>9</Item>
        <Item>9</Item>
        <Item>9</Item>
        <Item>9</Item>
        <Item>9</Item>
        <Item>9</Item>
        <Item>9</Item>
        <Item>9</Item>
        <Item>9</Item>
        <Item>9</Item>
        <Item>9</Item>
        <Item>9</Item>
        <Item>9</Item>
        <Item>9</Item>
        <Item>9</Item>
        <Item>9</Item>
        <Item>9</Item>
        <Item>9</Item>
        <Item>9</Item>
        <Item>9</Item>
        <Item>9</Item>
        <Item>9</Item>
        <Item>9</Item>
        <Item>9</Item>
        <Item>9</Item>
        <Item>9</Item>
        <Item>9</Item>
        <Item>9</Item>
        <Item>9</Item>
        <Item>9</Item>
        <Item>9</Item>
        <Item>9</Item>
        <Item>9</Item>
        <Item>9</Item>
        <Item>9</Item>
        <Item>9</Item>
        <Item>9</Item>
        <Item>9</Item>
        <Item>9</Item>
        <Item>9</Item>
        <Item>9</Item>
        <Item>9</Item>
        <Item>9</Item>
        <Item>9</Item>
        <Item>9</Item>
        <Item>9</Item>
        <Item>9</Item>
        <Item>9</Item>
        <Item>9</Item>
        <Item>9</Item>
        <Item>9</Item>
        <Item>9</Item>
        <Item>9</Item>
        <Item>9</Item>
        <Item>9</Item>
        <Item>9</Item>
        <Item>9</Item>
        <Item>9</Item>
        <Item>9</Item>
        <Item>9</Item>
        <Item>9</Item>
        <Item>9</Item>
        <Item>9</Item>
        <Item>9</Item>
        <Item>9</Item>
        <Item>9</Item>
        <Item>9</Item>
        <Item>9</Item>
        <Item>9</Item>
        <Item>9</Item>
        <Item>9</Item>
        <Item>9</Item>
        <Item>9</Item>
        <Item>9</Item>
        <Item>9</Item>
        <Item>9</Item>
        <Item>9</Item>
        <Item>9</Item>
        <Item>9</Item>
        <Item>9</Item>
        <Item>9</Item>
        <Item>9</Item>
        <Item>9</Item>
        <Item>9</Item>
        <Item>9</Item>
        <Item>9</Item>
        <Item>9</Item>
        <Item>9</Item>
        <Item>9</Item>
        <Item>9</Item>
        <Item>9</Item>
        <Item>9</Item>
        <Item>9</Item>
        <Item>9</Item>
        <Item>9</Item>
        <Item>9</Item>
        <Item>9</Item>
        <Item>9</Item>
        <Item>9</Item>
        <Item>9</Item>
        <Item>9</Item>
        <Item>9</Item>
        <Item>9</Item>
        <Item>9</Item>
        <Item>9</Item>
        <Item>9</Item>
        <Item>9</Item>
        <Item>9</Item>
        <Item>9</Item>
        <Item>9</Item>
        <Item>9</Item>
        <Item>9</Item>
        <Item>9</Item>
        <Item>9</Item>
        <Item>9</Item>
        <Item>9</Item>
        <Item>9</Item>
        <Item>9</Item>
        <Item>9</Item>
        <Item>9</Item>
        <Item>9</Item>
        <Item>9</Item>
        <Item>9</Item>
        <Item>9</Item>
        <Item>9</Item>
        <Item>9</Item>
        <Item>9</Item>
        <Item>9</Item>
        <Item>9</Item>
        <Item>9</Item>
        <Item>9</Item>
        <Item>9</Item>
        <Item>9</Item>
        <Item>9</Item>
        <Item>9</Item>
        <Item>9</Item>
        <Item>9</Item>
        <Item>9</Item>
        <Item>9</Item>
        <Item>9</Item>
        <Item>9</Item>
        <Item>9</Item>
        <Item>9</Item>
        <Item>9</Item>
        <Item>9</Item>
        <Item>9</Item>
        <Item>9</Item>
        <Item>9</Item>
        <Item>9</Item>
        <Item>9</Item>
        <Item>9</Item>
        <Item>9</Item>
        <Item>9</Item>
        <Item>9</Item>
        <Item>9</Item>
        <Item>9</Item>
        <Item>9</Item>
        <Item>9</Item>
        <Item>9</Item>
        <Item>9</Item>
        <Item>9</Item>
        <Item>9</Item>
        <Item>9</Item>
        <Item>9</Item>
        <Item>9</Item>
        <Item>9</Item>
        <Item>9</Item>
        <Item>9</Item>
        <Item>9</Item>
        <Item>9</Item>
        <Item>9</Item>
        <Item>9</Item>
        <Item>9</Item>
        <Item>9</Item>
        <Item>9</Item>
        <Item>9</Item>
        <Item>9</Item>
        <Item>9</Item>
        <Item>9</Item>
        <Item>9</Item>
        <Item>9</Item>
        <Item>9</Item>
        <Item>9</Item>
        <Item>9</Item>
        <Item>9</Item>
        <Item>9</Item>
        <Item>9</Item>
        <Item>9</Item>
        <Item>9</Item>
        <Item>9</Item>
        <Item>9</Item>
        <Item>9</Item>
        <Item>9</Item>
        <Item>9</Item>
        <Item>9</Item>
        <Item>9</Item>
        <Item>9</Item>
        <Item>9</Item>
        <Item>9</Item>
        <Item>9</Item>
        <Item>9</Item>
        <Item>9</Item>
        <Item>9</Item>
        <Item>9</Item>
        <Item>9</Item>
        <Item>9</Item>
        <Item>9</Item>
        <Item>9</Item>
        <Item>9</Item>
        <Item>9</Item>
        <Item>9</Item>
        <Item>9</Item>
        <Item>9</Item>
        <Item>9</Item>
        <Item>9</Item>
        <Item>9</Item>
        <Item>9</Item>
        <Item>9</Item>
        <Item>9</Item>
        <Item>9</Item>
        <Item>9</Item>
        <Item>9</Item>
        <Item>9</Item>
        <Item>9</Item>
        <Item>9</Item>
        <Item>9</Item>
        <Item>9</Item>
        <Item>9</Item>
        <Item>9</Item>
        <Item>9</Item>
        <Item>9</Item>
        <Item>9</Item>
        <Item>9</Item>
        <Item>9</Item>
        <Item>9</Item>
        <Item>9</Item>
        <Item>9</Item>
        <Item>9</Item>
        <Item>9</Item>
        <Item>9</Item>
        <Item>9</Item>
        <Item>9</Item>
        <Item>9</Item>
        <Item>9</Item>
        <Item>9</Item>
        <Item>9</Item>
        <Item>9</Item>
        <Item>9</Item>
        <Item>9</Item>
        <Item>9</Item>
        <Item>9</Item>
        <Item>9</Item>
        <Item>9</Item>
        <Item>9</Item>
        <Item>9</Item>
        <Item>9</Item>
        <Item>9</Item>
        <Item>9</Item>
        <Item>9</Item>
        <Item>9</Item>
        <Item>9</Item>
        <Item>9</Item>
        <Item>9</Item>
        <Item>9</Item>
        <Item>9</Item>
        <Item>9</Item>
        <Item>9</Item>
        <Item>9</Item>
        <Item>9</Item>
        <Item>9</Item>
        <Item>9</Item>
        <Item>9</Item>
        <Item>9</Item>
        <Item>9</Item>
        <Item>9</Item>
        <Item>9</Item>
        <Item>9</Item>
        <Item>9</Item>
        <Item>9</Item>
        <Item>9</Item>
        <Item>9</Item>
        <Item>9</Item>
        <Item>9</Item>
        <Item>9</Item>
        <Item>9</Item>
        <Item>9</Item>
        <Item>9</Item>
        <Item>9</Item>
        <Item>9</Item>
        <Item>9</Item>
        <Item>9</Item>
        <Item>9</Item>
        <Item>9</Item>
        <Item>9</Item>
        <Item>9</Item>
        <Item>9</Item>
        <Item>9</Item>
        <Item>9</Item>
        <Item>9</Item>
        <Item>9</Item>
        <Item>9</Item>
        <Item>9</Item>
        <Item>9</Item>
        <Item>9</Item>
        <Item>9</Item>
        <Item>9</Item>
        <Item>9</Item>
        <Item>9</Item>
        <Item>9</Item>
        <Item>9</Item>
        <Item>9</Item>
        <Item>9</Item>
        <Item>9</Item>
        <Item>9</Item>
        <Item>9</Item>
        <Item>9</Item>
        <Item>9</Item>
        <Item>9</Item>
        <Item>9</Item>
        <Item>9</Item>
        <Item>9</Item>
        <Item>9</Item>
        <Item>9</Item>
        <Item>9</Item>
        <Item>9</Item>
        <Item>9</Item>
        <Item>9</Item>
        <Item>9</Item>
        <Item>9</Item>
        <Item>9</Item>
        <Item>9</Item>
        <Item>9</Item>
        <Item>9</Item>
        <Item>9</Item>
        <Item>9</Item>
        <Item>9</Item>
        <Item>9</Item>
        <Item>9</Item>
        <Item>9</Item>
        <Item>9</Item>
        <Item>9</Item>
        <Item>9</Item>
        <Item>9</Item>
        <Item>9</Item>
        <Item>9</Item>
        <Item>9</Item>
        <Item>9</Item>
        <Item>9</Item>
        <Item>9</Item>
        <Item>9</Item>
        <Item>9</Item>
        <Item>9</Item>
        <Item>9</Item>
        <Item>9</Item>
        <Item>9</Item>
        <Item>9</Item>
        <Item>9</Item>
        <Item>9</Item>
        <Item>9</Item>
        <Item>9</Item>
        <Item>9</Item>
        <Item>9</Item>
        <Item>9</Item>
        <Item>9</Item>
        <Item>9</Item>
        <Item>9</Item>
        <Item>9</Item>
        <Item>9</Item>
        <Item>9</Item>
        <Item>9</Item>
        <Item>9</Item>
        <Item>9</Item>
        <Item>9</Item>
        <Item>9</Item>
        <Item>9</Item>
        <Item>9</Item>
        <Item>9</Item>
        <Item>9</Item>
        <Item>9</Item>
        <Item>9</Item>
        <Item>9</Item>
        <Item>9</Item>
        <Item>9</Item>
        <Item>9</Item>
        <Item>9</Item>
        <Item>9</Item>
        <Item>9</Item>
        <Item>9</Item>
        <Item>9</Item>
        <Item>9</Item>
        <Item>9</Item>
        <Item>9</Item>
        <Item>9</Item>
        <Item>9</Item>
        <Item>9</Item>
        <Item>9</Item>
        <Item>9</Item>
        <Item>9</Item>
        <Item>9</Item>
        <Item>9</Item>
        <Item>9</Item>
        <Item>9</Item>
        <Item>9</Item>
        <Item>9</Item>
        <Item>9</Item>
        <Item>9</Item>
        <Item>9</Item>
        <Item>9</Item>
        <Item>9</Item>
        <Item>9</Item>
        <Item>9</Item>
        <Item>9</Item>
        <Item>9</Item>
        <Item>9</Item>
        <Item>9</Item>
        <Item>9</Item>
        <Item>9</Item>
        <Item>9</Item>
        <Item>9</Item>
        <Item>9</Item>
        <Item>9</Item>
        <Item>9</Item>
        <Item>9</Item>
        <Item>9</Item>
        <Item>9</Item>
        <Item>9</Item>
        <Item>9</Item>
        <Item>9</Item>
        <Item>9</Item>
        <Item>9</Item>
        <Item>9</Item>
        <Item>9</Item>
        <Item>9</Item>
        <Item>9</Item>
        <Item>9</Item>
        <Item>9</Item>
        <Item>9</Item>
        <Item>9</Item>
        <Item>9</Item>
        <Item>9</Item>
        <Item>9</Item>
        <Item>9</Item>
        <Item>9</Item>
        <Item>9</Item>
        <Item>9</Item>
        <Item>9</Item>
        <Item>9</Item>
        <Item>9</Item>
        <Item>9</Item>
        <Item>9</Item>
        <Item>9</Item>
        <Item>9</Item>
        <Item>9</Item>
        <Item>9</Item>
        <Item>9</Item>
        <Item>9</Item>
        <Item>9</Item>
        <Item>9</Item>
        <Item>9</Item>
        <Item>9</Item>
        <Item>9</Item>
        <Item>9</Item>
        <Item>9</Item>
        <Item>9</Item>
        <Item>9</Item>
        <Item>9</Item>
        <Item>9</Item>
        <Item>9</Item>
        <Item>9</Item>
        <Item>9</Item>
        <Item>9</Item>
        <Item>9</Item>
        <Item>9</Item>
        <Item>9</Item>
        <Item>9</Item>
        <Item>9</Item>
        <Item>9</Item>
        <Item>9</Item>
        <Item>9</Item>
        <Item>9</Item>
        <Item>9</Item>
        <Item>9</Item>
        <Item>9</Item>
        <Item>9</Item>
        <Item>9</Item>
        <Item>9</Item>
        <Item>9</Item>
        <Item>9</Item>
        <Item>9</Item>
        <Item>9</Item>
        <Item>9</Item>
        <Item>9</Item>
        <Item>9</Item>
        <Item>9</Item>
        <Item>9</Item>
        <Item>9</Item>
        <Item>9</Item>
        <Item>9</Item>
        <Item>9</Item>
        <Item>9</Item>
        <Item>9</Item>
        <Item>9</Item>
        <Item>9</Item>
        <Item>9</Item>
        <Item>9</Item>
        <Item>9</Item>
        <Item>9</Item>
        <Item>9</Item>
        <Item>9</Item>
        <Item>9</Item>
        <Item>9</Item>
        <Item>9</Item>
        <Item>9</Item>
        <Item>9</Item>
        <Item>9</Item>
        <Item>9</Item>
        <Item>9</Item>
        <Item>9</Item>
        <Item>9</Item>
        <Item>9</Item>
        <Item>9</Item>
        <Item>9</Item>
        <Item>9</Item>
        <Item>9</Item>
        <Item>9</Item>
        <Item>9</Item>
        <Item>9</Item>
        <Item>9</Item>
        <Item>9</Item>
        <Item>9</Item>
        <Item>9</Item>
        <Item>9</Item>
        <Item>9</Item>
        <Item>9</Item>
        <Item>9</Item>
        <Item>9</Item>
        <Item>9</Item>
        <Item>9</Item>
        <Item>9</Item>
        <Item>9</Item>
        <Item>9</Item>
        <Item>9</Item>
        <Item>9</Item>
        <Item>9</Item>
        <Item>9</Item>
        <Item>9</Item>
        <Item>9</Item>
        <Item>9</Item>
        <Item>9</Item>
        <Item>9</Item>
        <Item>9</Item>
        <Item>9</Item>
        <Item>9</Item>
        <Item>9</Item>
        <Item>9</Item>
        <Item>9</Item>
        <Item>9</Item>
        <Item>9</Item>
        <Item>9</Item>
        <Item>9</Item>
        <Item>9</Item>
        <Item>9</Item>
        <Item>9</Item>
        <Item>9</Item>
        <Item>9</Item>
        <Item>9</Item>
        <Item>9</Item>
        <Item>9</Item>
        <Item>9</Item>
        <Item>9</Item>
        <Item>9</Item>
        <Item>9</Item>
        <Item>9</Item>
        <Item>9</Item>
        <Item>9</Item>
        <Item>9</Item>
        <Item>9</Item>
        <Item>9</Item>
        <Item>9</Item>
        <Item>9</Item>
        <Item>9</Item>
        <Item>9</Item>
        <Item>9</Item>
        <Item>9</Item>
        <Item>9</Item>
        <Item>9</Item>
        <Item>9</Item>
        <Item>9</Item>
        <Item>9</Item>
        <Item>9</Item>
        <Item>9</Item>
        <Item>9</Item>
        <Item>9</Item>
        <Item>9</Item>
        <Item>9</Item>
        <Item>9</Item>
        <Item>9</Item>
        <Item>9</Item>
        <Item>9</Item>
        <Item>9</Item>
        <Item>9</Item>
        <Item>9</Item>
        <Item>9</Item>
        <Item>9</Item>
        <Item>9</Item>
        <Item>9</Item>
        <Item>9</Item>
        <Item>9</Item>
        <Item>9</Item>
        <Item>9</Item>
        <Item>9</Item>
        <Item>9</Item>
        <Item>9</Item>
        <Item>9</Item>
        <Item>9</Item>
        <Item>9</Item>
        <Item>9</Item>
        <Item>9</Item>
        <Item>9</Item>
        <Item>9</Item>
        <Item>9</Item>
        <Item>9</Item>
        <Item>9</Item>
        <Item>9</Item>
        <Item>9</Item>
        <Item>9</Item>
        <Item>9</Item>
        <Item>9</Item>
        <Item>9</Item>
        <Item>9</Item>
        <Item>9</Item>
        <Item>9</Item>
        <Item>9</Item>
        <Item>9</Item>
        <Item>9</Item>
        <Item>9</Item>
        <Item>9</Item>
        <Item>9</Item>
        <Item>9</Item>
        <Item>9</Item>
        <Item>9</Item>
        <Item>9</Item>
        <Item>9</Item>
        <Item>9</Item>
        <Item>9</Item>
        <Item>9</Item>
        <Item>9</Item>
        <Item>9</Item>
        <Item>9</Item>
        <Item>9</Item>
        <Item>9</Item>
        <Item>9</Item>
        <Item>9</Item>
        <Item>9</Item>
        <Item>9</Item>
        <Item>9</Item>
        <Item>9</Item>
        <Item>9</Item>
        <Item>9</Item>
        <Item>9</Item>
        <Item>9</Item>
        <Item>9</Item>
        <Item>9</Item>
        <Item>9</Item>
        <Item>9</Item>
        <Item>9</Item>
        <Item>9</Item>
        <Item>9</Item>
        <Item>9</Item>
        <Item>9</Item>
        <Item>9</Item>
        <Item>9</Item>
        <Item>9</Item>
        <Item>9</Item>
        <Item>9</Item>
        <Item>9</Item>
        <Item>9</Item>
        <Item>9</Item>
        <Item>9</Item>
        <Item>9</Item>
        <Item>9</Item>
        <Item>9</Item>
        <Item>9</Item>
        <Item>9</Item>
        <Item>9</Item>
        <Item>9</Item>
        <Item>9</Item>
        <Item>9</Item>
        <Item>9</Item>
        <Item>9</Item>
        <Item>9</Item>
        <Item>9</Item>
        <Item>9</Item>
        <Item>9</Item>
        <Item>9</Item>
        <Item>9</Item>
        <Item>9</Item>
        <Item>9</Item>
        <Item>9</Item>
        <Item>9</Item>
        <Item>9</Item>
        <Item>9</Item>
        <Item>9</Item>
        <Item>9</Item>
        <Item>9</Item>
        <Item>9</Item>
        <Item>9</Item>
        <Item>9</Item>
        <Item>9</Item>
        <Item>9</Item>
        <Item>9</Item>
        <Item>9</Item>
        <Item>9</Item>
        <Item>9</Item>
        <Item>9</Item>
        <Item>9</Item>
        <Item>9</Item>
        <Item>9</Item>
        <Item>9</Item>
        <Item>9</Item>
        <Item>9</Item>
        <Item>9</Item>
        <Item>9</Item>
        <Item>9</Item>
        <Item>9</Item>
        <Item>9</Item>
        <Item>9</Item>
        <Item>9</Item>
        <Item>9</Item>
        <Item>9</Item>
        <Item>9</Item>
        <Item>9</Item>
        <Item>9</Item>
        <Item>9</Item>
        <Item>9</Item>
        <Item>9</Item>
        <Item>9</Item>
        <Item>9</Item>
        <Item>9</Item>
        <Item>9</Item>
        <Item>9</Item>
        <Item>9</Item>
        <Item>9</Item>
        <Item>9</Item>
        <Item>9</Item>
        <Item>9</Item>
        <Item>9</Item>
        <Item>9</Item>
        <Item>9</Item>
        <Item>9</Item>
        <Item>9</Item>
        <Item>9</Item>
        <Item>9</Item>
        <Item>9</Item>
        <Item>9</Item>
        <Item>9</Item>
        <Item>9</Item>
        <Item>9</Item>
        <Item>9</Item>
        <Item>9</Item>
        <Item>9</Item>
        <Item>9</Item>
        <Item>9</Item>
        <Item>9</Item>
        <Item>9</Item>
        <Item>9</Item>
        <Item>9</Item>
        <Item>9</Item>
        <Item>9</Item>
        <Item>9</Item>
        <Item>9</Item>
        <Item>9</Item>
        <Item>9</Item>
        <Item>9</Item>
        <Item>9</Item>
        <Item>9</Item>
        <Item>9</Item>
        <Item>9</Item>
        <Item>9</Item>
        <Item>9</Item>
        <Item>9</Item>
        <Item>9</Item>
        <Item>9</Item>
        <Item>9</Item>
        <Item>9</Item>
        <Item>9</Item>
        <Item>9</Item>
        <Item>9</Item>
        <Item>9</Item>
        <Item>9</Item>
        <Item>9</Item>
        <Item>9</Item>
        <Item>9</Item>
        <Item>9</Item>
        <Item>9</Item>
        <Item>9</Item>
        <Item>9</Item>
        <Item>9</Item>
        <Item>9</Item>
        <Item>9</Item>
        <Item>9</Item>
        <Item>9</Item>
        <Item>9</Item>
        <Item>9</Item>
        <Item>9</Item>
        <Item>9</Item>
        <Item>9</Item>
        <Item>9</Item>
        <Item>9</Item>
        <Item>9</Item>
        <Item>9</Item>
        <Item>9</Item>
        <Item>9</Item>
        <Item>9</Item>
        <Item>9</Item>
        <Item>9</Item>
        <Item>9</Item>
        <Item>9</Item>
        <Item>9</Item>
        <Item>9</Item>
        <Item>9</Item>
        <Item>9</Item>
        <Item>9</Item>
        <Item>9</Item>
        <Item>9</Item>
        <Item>9</Item>
        <Item>9</Item>
        <Item>9</Item>
        <Item>9</Item>
        <Item>9</Item>
        <Item>9</Item>
        <Item>9</Item>
        <Item>9</Item>
        <Item>9</Item>
        <Item>9</Item>
        <Item>9</Item>
        <Item>9</Item>
        <Item>9</Item>
        <Item>9</Item>
        <Item>9</Item>
        <Item>9</Item>
        <Item>9</Item>
        <Item>9</Item>
        <Item>9</Item>
        <Item>9</Item>
        <Item>9</Item>
        <Item>9</Item>
        <Item>9</Item>
        <Item>9</Item>
        <Item>9</Item>
        <Item>9</Item>
        <Item>9</Item>
        <Item>9</Item>
        <Item>9</Item>
        <Item>9</Item>
        <Item>9</Item>
        <Item>9</Item>
        <Item>9</Item>
        <Item>9</Item>
        <Item>9</Item>
        <Item>9</Item>
        <Item>9</Item>
        <Item>9</Item>
        <Item>9</Item>
        <Item>9</Item>
        <Item>9</Item>
        <Item>9</Item>
        <Item>9</Item>
        <Item>9</Item>
        <Item>9</Item>
        <Item>9</Item>
        <Item>9</Item>
        <Item>9</Item>
        <Item>9</Item>
        <Item>9</Item>
        <Item>9</Item>
        <Item>9</Item>
        <Item>9</Item>
        <Item>9</Item>
        <Item>9</Item>
        <Item>9</Item>
        <Item>9</Item>
        <Item>9</Item>
        <Item>9</Item>
        <Item>9</Item>
        <Item>9</Item>
        <Item>9</Item>
        <Item>9</Item>
        <Item>9</Item>
        <Item>9</Item>
        <Item>9</Item>
        <Item>9</Item>
        <Item>9</Item>
        <Item>9</Item>
        <Item>9</Item>
        <Item>9</Item>
        <Item>9</Item>
        <Item>9</Item>
        <Item>9</Item>
        <Item>9</Item>
        <Item>9</Item>
        <Item>9</Item>
        <Item>9</Item>
        <Item>9</Item>
        <Item>9</Item>
        <Item>9</Item>
        <Item>9</Item>
        <Item>9</Item>
        <Item>9</Item>
        <Item>9</Item>
        <Item>9</Item>
        <Item>9</Item>
        <Item>9</Item>
        <Item>9</Item>
        <Item>9</Item>
        <Item>9</Item>
        <Item>9</Item>
        <Item>9</Item>
        <Item>9</Item>
        <Item>9</Item>
        <Item>9</Item>
        <Item>9</Item>
        <Item>9</Item>
        <Item>9</Item>
        <Item>9</Item>
        <Item>9</Item>
        <Item>9</Item>
        <Item>9</Item>
        <Item>9</Item>
        <Item>9</Item>
        <Item>9</Item>
        <Item>9</Item>
        <Item>9</Item>
        <Item>9</Item>
        <Item>9</Item>
        <Item>9</Item>
        <Item>9</Item>
        <Item>9</Item>
        <Item>9</Item>
        <Item>9</Item>
        <Item>9</Item>
        <Item>9</Item>
        <Item>9</Item>
        <Item>9</Item>
        <Item>9</Item>
        <Item>9</Item>
        <Item>9</Item>
        <Item>9</Item>
        <Item>9</Item>
        <Item>9</Item>
        <Item>9</Item>
        <Item>9</Item>
        <Item>9</Item>
        <Item>9</Item>
        <Item>9</Item>
        <Item>9</Item>
        <Item>9</Item>
        <Item>9</Item>
        <Item>9</Item>
        <Item>9</Item>
        <Item>9</Item>
        <Item>9</Item>
        <Item>9</Item>
        <Item>9</Item>
        <Item>9</Item>
        <Item>9</Item>
        <Item>9</Item>
        <Item>9</Item>
        <Item>9</Item>
        <Item>9</Item>
        <Item>9</Item>
        <Item>9</Item>
        <Item>9</Item>
        <Item>9</Item>
        <Item>9</Item>
        <Item>9</Item>
        <Item>9</Item>
        <Item>9</Item>
        <Item>9</Item>
        <Item>9</Item>
        <Item>9</Item>
        <Item>9</Item>
        <Item>9</Item>
        <Item>9</Item>
        <Item>9</Item>
        <Item>9</Item>
        <Item>9</Item>
        <Item>9</Item>
        <Item>9</Item>
        <Item>9</Item>
        <Item>9</Item>
        <Item>9</Item>
        <Item>9</Item>
        <Item>9</Item>
        <Item>9</Item>
        <Item>9</Item>
        <Item>9</Item>
        <Item>9</Item>
        <Item>9</Item>
        <Item>9</Item>
        <Item>9</Item>
        <Item>9</Item>
        <Item>9</Item>
        <Item>9</Item>
        <Item>9</Item>
        <Item>9</Item>
        <Item>9</Item>
        <Item>9</Item>
        <Item>9</Item>
        <Item>9</Item>
        <Item>9</Item>
        <Item>9</Item>
        <Item>9</Item>
        <Item>9</Item>
        <Item>9</Item>
        <Item>9</Item>
        <Item>9</Item>
        <Item>9</Item>
        <Item>9</Item>
        <Item>9</Item>
        <Item>9</Item>
        <Item>9</Item>
        <Item>9</Item>
        <Item>9</Item>
        <Item>9</Item>
        <Item>9</Item>
        <Item>9</Item>
        <Item>9</Item>
        <Item>9</Item>
        <Item>9</Item>
        <Item>9</Item>
        <Item>9</Item>
        <Item>9</Item>
        <Item>9</Item>
        <Item>9</Item>
        <Item>9</Item>
        <Item>9</Item>
        <Item>9</Item>
        <Item>9</Item>
        <Item>9</Item>
        <Item>9</Item>
        <Item>9</Item>
        <Item>9</Item>
        <Item>9</Item>
        <Item>9</Item>
        <Item>9</Item>
        <Item>9</Item>
        <Item>9</Item>
        <Item>9</Item>
        <Item>9</Item>
        <Item>9</Item>
        <Item>9</Item>
        <Item>9</Item>
        <Item>9</Item>
        <Item>9</Item>
        <Item>9</Item>
        <Item>9</Item>
        <Item>9</Item>
        <Item>9</Item>
        <Item>9</Item>
        <Item>9</Item>
        <Item>9</Item>
        <Item>9</Item>
        <Item>9</Item>
        <Item>9</Item>
        <Item>9</Item>
        <Item>9</Item>
        <Item>9</Item>
        <Item>9</Item>
        <Item>9</Item>
        <Item>9</Item>
        <Item>9</Item>
        <Item>9</Item>
        <Item>9</Item>
        <Item>9</Item>
        <Item>9</Item>
        <Item>9</Item>
        <Item>9</Item>
        <Item>9</Item>
        <Item>9</Item>
        <Item>9</Item>
        <Item>9</Item>
        <Item>9</Item>
        <Item>9</Item>
        <Item>9</Item>
        <Item>9</Item>
        <Item>9</Item>
        <Item>9</Item>
        <Item>9</Item>
        <Item>9</Item>
        <Item>9</Item>
        <Item>9</Item>
        <Item>9</Item>
        <Item>9</Item>
        <Item>9</Item>
        <Item>9</Item>
        <Item>9</Item>
        <Item>9</Item>
        <Item>9</Item>
        <Item>9</Item>
        <Item>9</Item>
        <Item>9</Item>
        <Item>9</Item>
        <Item>9</Item>
        <Item>9</Item>
        <Item>9</Item>
        <Item>9</Item>
        <Item>9</Item>
        <Item>9</Item>
        <Item>9</Item>
        <Item>9</Item>
        <Item>9</Item>
        <Item>9</Item>
        <Item>9</Item>
        <Item>9</Item>
        <Item>9</Item>
        <Item>9</Item>
        <Item>9</Item>
        <Item>9</Item>
        <Item>9</Item>
        <Item>9</Item>
        <Item>9</Item>
        <Item>9</Item>
        <Item>9</Item>
        <Item>9</Item>
        <Item>9</Item>
        <Item>9</Item>
        <Item>9</Item>
        <Item>9</Item>
        <Item>9</Item>
        <Item>9</Item>
        <Item>9</Item>
        <Item>9</Item>
        <Item>9</Item>
        <Item>9</Item>
        <Item>9</Item>
        <Item>9</Item>
        <Item>9</Item>
        <Item>9</Item>
        <Item>9</Item>
        <Item>9</Item>
        <Item>9</Item>
        <Item>9</Item>
        <Item>9</Item>
        <Item>9</Item>
        <Item>9</Item>
        <Item>9</Item>
        <Item>9</Item>
        <Item>9</Item>
        <Item>9</Item>
        <Item>9</Item>
        <Item>9</Item>
        <Item>9</Item>
        <Item>9</Item>
        <Item>9</Item>
        <Item>9</Item>
        <Item>9</Item>
        <Item>9</Item>
        <Item>9</Item>
        <Item>9</Item>
        <Item>9</Item>
        <Item>9</Item>
        <Item>9</Item>
        <Item>9</Item>
        <Item>9</Item>
        <Item>9</Item>
        <Item>9</Item>
        <Item>9</Item>
        <Item>9</Item>
        <Item>9</Item>
        <Item>9</Item>
        <Item>9</Item>
        <Item>9</Item>
        <Item>9</Item>
        <Item>9</Item>
        <Item>9</Item>
        <Item>9</Item>
        <Item>9</Item>
        <Item>9</Item>
        <Item>9</Item>
        <Item>9</Item>
        <Item>9</Item>
        <Item>9</Item>
        <Item>9</Item>
        <Item>9</Item>
        <Item>9</Item>
        <Item>9</Item>
        <Item>9</Item>
        <Item>9</Item>
        <Item>9</Item>
        <Item>9</Item>
        <Item>9</Item>
        <Item>9</Item>
        <Item>9</Item>
        <Item>9</Item>
        <Item>9</Item>
        <Item>9</Item>
        <Item>9</Item>
        <Item>9</Item>
        <Item>9</Item>
        <Item>9</Item>
        <Item>9</Item>
        <Item>9</Item>
        <Item>9</Item>
        <Item>9</Item>
        <Item>9</Item>
        <Item>9</Item>
        <Item>9</Item>
        <Item>9</Item>
        <Item>9</Item>
        <Item>9</Item>
        <Item>9</Item>
        <Item>9</Item>
        <Item>9</Item>
        <Item>9</Item>
        <Item>9</Item>
        <Item>9</Item>
        <Item>9</Item>
        <Item>9</Item>
        <Item>9</Item>
        <Item>9</Item>
        <Item>9</Item>
        <Item>9</Item>
        <Item>9</Item>
        <Item>9</Item>
        <Item>9</Item>
        <Item>9</Item>
        <Item>9</Item>
        <Item>9</Item>
        <Item>9</Item>
        <Item>9</Item>
        <Item>9</Item>
        <Item>9</Item>
        <Item>9</Item>
        <Item>9</Item>
        <Item>9</Item>
        <Item>9</Item>
        <Item>9</Item>
        <Item>9</Item>
        <Item>9</Item>
        <Item>9</Item>
        <Item>9</Item>
        <Item>9</Item>
        <Item>9</Item>
        <Item>9</Item>
        <Item>9</Item>
        <Item>9</Item>
        <Item>9</Item>
        <Item>9</Item>
        <Item>9</Item>
        <Item>9</Item>
        <Item>9</Item>
        <Item>9</Item>
        <Item>9</Item>
        <Item>9</Item>
        <Item>9</Item>
        <Item>9</Item>
        <Item>9</Item>
        <Item>9</Item>
        <Item>9</Item>
        <Item>9</Item>
        <Item>9</Item>
        <Item>9</Item>
        <Item>9</Item>
        <Item>9</Item>
        <Item>9</Item>
        <Item>9</Item>
        <Item>9</Item>
        <Item>9</Item>
        <Item>9</Item>
        <Item>9</Item>
        <Item>9</Item>
        <Item>9</Item>
        <Item>9</Item>
        <Item>9</Item>
        <Item>9</Item>
        <Item>9</Item>
        <Item>9</Item>
        <Item>9</Item>
        <Item>9</Item>
        <Item>9</Item>
        <Item>9</Item>
        <Item>9</Item>
        <Item>9</Item>
        <Item>9</Item>
        <Item>9</Item>
        <Item>9</Item>
        <Item>9</Item>
        <Item>9</Item>
        <Item>9</Item>
        <Item>9</Item>
        <Item>9</Item>
        <Item>9</Item>
        <Item>9</Item>
        <Item>9</Item>
        <Item>9</Item>
        <Item>9</Item>
        <Item>9</Item>
        <Item>9</Item>
        <Item>9</Item>
        <Item>9</Item>
        <Item>9</Item>
        <Item>9</Item>
        <Item>9</Item>
        <Item>9</Item>
        <Item>9</Item>
        <Item>9</Item>
        <Item>9</Item>
        <Item>9</Item>
        <Item>9</Item>
        <Item>9</Item>
        <Item>9</Item>
        <Item>9</Item>
        <Item>9</Item>
        <Item>9</Item>
        <Item>9</Item>
        <Item>9</Item>
        <Item>9</Item>
        <Item>9</Item>
        <Item>9</Item>
        <Item>9</Item>
        <Item>9</Item>
        <Item>9</Item>
        <Item>9</Item>
        <Item>9</Item>
        <Item>9</Item>
        <Item>9</Item>
        <Item>9</Item>
        <Item>9</Item>
        <Item>9</Item>
        <Item>9</Item>
        <Item>9</Item>
        <Item>9</Item>
        <Item>9</Item>
        <Item>9</Item>
        <Item>9</Item>
        <Item>9</Item>
        <Item>9</Item>
        <Item>9</Item>
        <Item>9</Item>
        <Item>9</Item>
        <Item>9</Item>
        <Item>9</Item>
        <Item>9</Item>
        <Item>9</Item>
        <Item>9</Item>
        <Item>9</Item>
        <Item>9</Item>
        <Item>9</Item>
        <Item>9</Item>
        <Item>9</Item>
        <Item>9</Item>
        <Item>9</Item>
        <Item>9</Item>
        <Item>9</Item>
        <Item>9</Item>
        <Item>9</Item>
        <Item>9</Item>
        <Item>9</Item>
        <Item>9</Item>
        <Item>9</Item>
        <Item>9</Item>
        <Item>9</Item>
        <Item>9</Item>
        <Item>9</Item>
        <Item>9</Item>
        <Item>9</Item>
        <Item>9</Item>
        <Item>9</Item>
        <Item>9</Item>
        <Item>9</Item>
        <Item>9</Item>
        <Item>9</Item>
        <Item>9</Item>
        <Item>9</Item>
        <Item>9</Item>
        <Item>9</Item>
        <Item>9</Item>
        <Item>9</Item>
        <Item>9</Item>
        <Item>9</Item>
        <Item>9</Item>
        <Item>9</Item>
        <Item>9</Item>
        <Item>9</Item>
        <Item>9</Item>
        <Item>9</Item>
        <Item>9</Item>
        <Item>9</Item>
        <Item>9</Item>
        <Item>9</Item>
        <Item>9</Item>
        <Item>9</Item>
        <Item>9</Item>
        <Item>9</Item>
        <Item>9</Item>
        <Item>9</Item>
        <Item>9</Item>
        <Item>9</Item>
        <Item>9</Item>
        <Item>9</Item>
        <Item>9</Item>
        <Item>9</Item>
        <Item>9</Item>
        <Item>9</Item>
        <Item>9</Item>
        <Item>9</Item>
        <Item>9</Item>
        <Item>9</Item>
        <Item>9</Item>
        <Item>9</Item>
        <Item>9</Item>
        <Item>9</Item>
        <Item>9</Item>
        <Item>9</Item>
        <Item>9</Item>
        <Item>9</Item>
        <Item>9</Item>
        <Item>9</Item>
        <Item>9</Item>
        <Item>9</Item>
        <Item>9</Item>
        <Item>9</Item>
        <Item>9</Item>
        <Item>9</Item>
        <Item>9</Item>
        <Item>9</Item>
        <Item>9</Item>
        <Item>9</Item>
        <Item>9</Item>
        <Item>9</Item>
        <Item>9</Item>
        <Item>9</Item>
        <Item>9</Item>
        <Item>9</Item>
        <Item>9</Item>
        <Item>9</Item>
        <Item>9</Item>
        <Item>9</Item>
        <Item>9</Item>
        <Item>9</Item>
        <Item>9</Item>
        <Item>9</Item>
        <Item>9</Item>
        <Item>9</Item>
        <Item>9</Item>
        <Item>9</Item>
        <Item>9</Item>
        <Item>9</Item>
        <Item>9</Item>
        <Item>9</Item>
        <Item>9</Item>
        <Item>9</Item>
        <Item>9</Item>
        <Item>9</Item>
        <Item>9</Item>
        <Item>9</Item>
        <Item>9</Item>
        <Item>9</Item>
        <Item>9</Item>
        <Item>9</Item>
        <Item>9</Item>
        <Item>9</Item>
        <Item>9</Item>
        <Item>9</Item>
        <Item>9</Item>
        <Item>9</Item>
        <Item>9</Item>
        <Item>9</Item>
        <Item>9</Item>
        <Item>9</Item>
        <Item>9</Item>
        <Item>9</Item>
        <Item>9</Item>
        <Item>9</Item>
        <Item>9</Item>
        <Item>9</Item>
        <Item>9</Item>
        <Item>9</Item>
        <Item>9</Item>
        <Item>9</Item>
        <Item>9</Item>
        <Item>9</Item>
        <Item>9</Item>
        <Item>9</Item>
        <Item>9</Item>
        <Item>9</Item>
        <Item>9</Item>
        <Item>9</Item>
        <Item>9</Item>
        <Item>9</Item>
        <Item>9</Item>
        <Item>9</Item>
        <Item>9</Item>
        <Item>9</Item>
        <Item>9</Item>
        <Item>9</Item>
        <Item>9</Item>
        <Item>9</Item>
        <Item>9</Item>
        <Item>9</Item>
        <Item>9</Item>
        <Item>9</Item>
        <Item>9</Item>
        <Item>9</Item>
        <Item>9</Item>
        <Item>9</Item>
        <Item>9</Item>
        <Item>9</Item>
        <Item>9</Item>
        <Item>9</Item>
        <Item>9</Item>
        <Item>9</Item>
        <Item>9</Item>
        <Item>9</Item>
        <Item>9</Item>
        <Item>9</Item>
        <Item>9</Item>
        <Item>9</Item>
        <Item>9</Item>
        <Item>9</Item>
        <Item>9</Item>
        <Item>9</Item>
        <Item>9</Item>
        <Item>9</Item>
        <Item>9</Item>
        <Item>9</Item>
        <Item>9</Item>
        <Item>9</Item>
        <Item>9</Item>
        <Item>9</Item>
        <Item>9</Item>
        <Item>9</Item>
        <Item>9</Item>
        <Item>9</Item>
        <Item>9</Item>
        <Item>9</Item>
        <Item>9</Item>
        <Item>9</Item>
        <Item>9</Item>
        <Item>9</Item>
        <Item>9</Item>
        <Item>9</Item>
        <Item>9</Item>
        <Item>9</Item>
        <Item>9</Item>
        <Item>9</Item>
        <Item>9</Item>
        <Item>9</Item>
        <Item>9</Item>
        <Item>9</Item>
        <Item>9</Item>
        <Item>9</Item>
        <Item>9</Item>
        <Item>9</Item>
        <Item>9</Item>
        <Item>9</Item>
        <Item>9</Item>
        <Item>9</Item>
        <Item>9</Item>
        <Item>9</Item>
        <Item>9</Item>
        <Item>9</Item>
        <Item>9</Item>
        <Item>9</Item>
        <Item>9</Item>
        <Item>9</Item>
        <Item>9</Item>
        <Item>9</Item>
        <Item>9</Item>
        <Item>9</Item>
        <Item>9</Item>
        <Item>9</Item>
        <Item>9</Item>
        <Item>9</Item>
        <Item>9</Item>
        <Item>9</Item>
        <Item>9</Item>
        <Item>9</Item>
        <Item>9</Item>
        <Item>9</Item>
        <Item>9</Item>
        <Item>9</Item>
        <Item>9</Item>
        <Item>9</Item>
        <Item>9</Item>
        <Item>9</Item>
        <Item>9</Item>
        <Item>9</Item>
        <Item>9</Item>
        <Item>9</Item>
        <Item>9</Item>
        <Item>9</Item>
        <Item>9</Item>
        <Item>9</Item>
        <Item>9</Item>
        <Item>9</Item>
        <Item>9</Item>
        <Item>9</Item>
        <Item>9</Item>
        <Item>9</Item>
        <Item>9</Item>
        <Item>9</Item>
        <Item>9</Item>
        <Item>9</Item>
        <Item>9</Item>
        <Item>9</Item>
        <Item>9</Item>
        <Item>9</Item>
        <Item>9</Item>
        <Item>9</Item>
        <Item>9</Item>
        <Item>9</Item>
        <Item>9</Item>
        <Item>9</Item>
        <Item>9</Item>
        <Item>9</Item>
        <Item>9</Item>
        <Item>9</Item>
        <Item>9</Item>
        <Item>9</Item>
        <Item>9</Item>
        <Item>9</Item>
        <Item>9</Item>
        <Item>9</Item>
        <Item>9</Item>
        <Item>9</Item>
        <Item>9</Item>
        <Item>9</Item>
        <Item>9</Item>
        <Item>9</Item>
        <Item>9</Item>
        <Item>9</Item>
        <Item>9</Item>
        <Item>9</Item>
        <Item>9</Item>
        <Item>9</Item>
        <Item>9</Item>
        <Item>9</Item>
        <Item>9</Item>
        <Item>9</Item>
        <Item>9</Item>
        <Item>9</Item>
        <Item>9</Item>
        <Item>9</Item>
        <Item>9</Item>
        <Item>9</Item>
        <Item>9</Item>
        <Item>9</Item>
        <Item>9</Item>
        <Item>9</Item>
        <Item>9</Item>
        <Item>9</Item>
        <Item>9</Item>
        <Item>9</Item>
        <Item>9</Item>
        <Item>9</Item>
        <Item>9</Item>
        <Item>9</Item>
        <Item>9</Item>
        <Item>9</Item>
        <Item>9</Item>
        <Item>9</Item>
        <Item>9</Item>
        <Item>9</Item>
        <Item>9</Item>
        <Item>9</Item>
        <Item>9</Item>
        <Item>9</Item>
        <Item>9</Item>
        <Item>9</Item>
        <Item>9</Item>
        <Item>9</Item>
        <Item>9</Item>
        <Item>9</Item>
        <Item>9</Item>
        <Item>9</Item>
        <Item>9</Item>
        <Item>9</Item>
        <Item>9</Item>
        <Item>9</Item>
        <Item>9</Item>
        <Item>9</Item>
        <Item>9</Item>
        <Item>9</Item>
        <Item>9</Item>
        <Item>9</Item>
        <Item>9</Item>
        <Item>9</Item>
        <Item>9</Item>
        <Item>9</Item>
        <Item>9</Item>
        <Item>9</Item>
        <Item>9</Item>
        <Item>9</Item>
        <Item>9</Item>
        <Item>9</Item>
        <Item>9</Item>
        <Item>9</Item>
        <Item>9</Item>
        <Item>9</Item>
        <Item>9</Item>
        <Item>9</Item>
        <Item>9</Item>
        <Item>9</Item>
        <Item>9</Item>
        <Item>9</Item>
        <Item>9</Item>
        <Item>9</Item>
        <Item>9</Item>
        <Item>9</Item>
        <Item>9</Item>
        <Item>9</Item>
        <Item>9</Item>
        <Item>9</Item>
        <Item>9</Item>
        <Item>9</Item>
        <Item>9</Item>
        <Item>9</Item>
        <Item>9</Item>
        <Item>9</Item>
        <Item>9</Item>
        <Item>9</Item>
        <Item>9</Item>
        <Item>9</Item>
        <Item>9</Item>
        <Item>9</Item>
        <Item>9</Item>
        <Item>9</Item>
        <Item>9</Item>
        <Item>9</Item>
        <Item>9</Item>
        <Item>9</Item>
        <Item>9</Item>
        <Item>9</Item>
        <Item>9</Item>
        <Item>9</Item>
        <Item>9</Item>
        <Item>9</Item>
        <Item>9</Item>
        <Item>9</Item>
        <Item>9</Item>
        <Item>9</Item>
        <Item>9</Item>
        <Item>9</Item>
        <Item>9</Item>
        <Item>9</Item>
        <Item>9</Item>
        <Item>9</Item>
        <Item>9</Item>
        <Item>9</Item>
        <Item>9</Item>
        <Item>9</Item>
        <Item>9</Item>
        <Item>9</Item>
        <Item>9</Item>
        <Item>9</Item>
        <Item>9</Item>
        <Item>9</Item>
        <Item>9</Item>
        <Item>9</Item>
        <Item>9</Item>
        <Item>9</Item>
        <Item>9</Item>
        <Item>9</Item>
        <Item>9</Item>
        <Item>9</Item>
        <Item>9</Item>
        <Item>9</Item>
        <Item>9</Item>
        <Item>9</Item>
        <Item>9</Item>
        <Item>9</Item>
        <Item>9</Item>
        <Item>9</Item>
        <Item>9</Item>
        <Item>9</Item>
        <Item>9</Item>
        <Item>9</Item>
        <Item>9</Item>
        <Item>9</Item>
        <Item>9</Item>
        <Item>9</Item>
        <Item>9</Item>
        <Item>9</Item>
        <Item>9</Item>
        <Item>9</Item>
        <Item>9</Item>
        <Item>9</Item>
        <Item>9</Item>
        <Item>9</Item>
        <Item>9</Item>
        <Item>9</Item>
        <Item>9</Item>
        <Item>9</Item>
        <Item>9</Item>
        <Item>9</Item>
        <Item>9</Item>
        <Item>9</Item>
        <Item>9</Item>
        <Item>9</Item>
        <Item>9</Item>
        <Item>9</Item>
        <Item>9</Item>
        <Item>9</Item>
        <Item>9</Item>
        <Item>9</Item>
        <Item>9</Item>
        <Item>9</Item>
        <Item>9</Item>
        <Item>9</Item>
        <Item>9</Item>
        <Item>9</Item>
        <Item>9</Item>
        <Item>9</Item>
        <Item>9</Item>
        <Item>9</Item>
        <Item>9</Item>
        <Item>9</Item>
        <Item>9</Item>
        <Item>9</Item>
        <Item>9</Item>
        <Item>9</Item>
        <Item>9</Item>
        <Item>9</Item>
        <Item>9</Item>
        <Item>9</Item>
        <Item>9</Item>
        <Item>9</Item>
        <Item>9</Item>
        <Item>9</Item>
        <Item>9</Item>
        <Item>9</Item>
        <Item>9</Item>
        <Item>9</Item>
        <Item>9</Item>
        <Item>9</Item>
        <Item>9</Item>
        <Item>9</Item>
        <Item>9</Item>
        <Item>9</Item>
        <Item>9</Item>
        <Item>9</Item>
        <Item>9</Item>
        <Item>9</Item>
        <Item>9</Item>
        <Item>9</Item>
        <Item>9</Item>
        <Item>9</Item>
        <Item>9</Item>
        <Item>9</Item>
        <Item>9</Item>
        <Item>9</Item>
        <Item>9</Item>
        <Item>9</Item>
        <Item>9</Item>
        <Item>9</Item>
        <Item>9</Item>
        <Item>9</Item>
        <Item>9</Item>
        <Item>9</Item>
        <Item>9</Item>
        <Item>9</Item>
        <Item>9</Item>
        <Item>9</Item>
        <Item>9</Item>
        <Item>9</Item>
        <Item>9</Item>
        <Item>9</Item>
        <Item>9</Item>
        <Item>9</Item>
        <Item>9</Item>
        <Item>9</Item>
        <Item>9</Item>
        <Item>9</Item>
        <Item>9</Item>
        <Item>9</Item>
        <Item>9</Item>
        <Item>9</Item>
        <Item>9</Item>
        <Item>9</Item>
        <Item>9</Item>
        <Item>9</Item>
        <Item>9</Item>
        <Item>9</Item>
        <Item>9</Item>
        <Item>9</Item>
        <Item>9</Item>
        <Item>9</Item>
        <Item>9</Item>
        <Item>9</Item>
        <Item>9</Item>
        <Item>9</Item>
        <Item>9</Item>
        <Item>9</Item>
        <Item>9</Item>
        <Item>9</Item>
        <Item>9</Item>
        <Item>9</Item>
        <Item>9</Item>
        <Item>9</Item>
        <Item>9</Item>
        <Item>9</Item>
    </List>
</Root>
