<Root>
    <Number_of_jobs>40</Number_of_jobs>
    <Number_of_processors>8</Number_of_processors>
    <List>
        <Item>3</Item>
        <Item>3</Item>
        <Item>3</Item>
        <Item>3</Item>
        <Item>3</Item>
        <Item>3</Item>
        <Item>3</Item>
        <Item>3</Item>
        <Item>3</Item>
        <Item>3</Item>
        <Item>3</Item>
        <Item>3</Item>
        <Item>3</Item>
        <Item>3</Item>
        <Item>3</Item>
        <Item>3</Item>
        <Item>3</Item>
        <Item>3</Item>
        <Item>3</Item>
        <Item>3</Item>
        <Item>3</Item>
        <Item>3</Item>
        <Item>3</Item>
        <Item>3</Item>
        <Item>3</Item>
        <Item>3</Item>
        <Item>3</Item>
        <Item>3</Item>
        <Item>3</Item>
        <Item>3</Item>
        <Item>3</Item>
        <Item>3</Item>
        <Item>3</Item>
        <Item>3</Item>
        <Item>3</Item>
        <Item>3</Item>
        <Item>3</Item>
        <Item>3</Item>
        <Item>3</Item>
        <Item>3</Item>
    </List>
</Root>
