<Root>
    <Number_of_jobs>5120</Number_of_jobs>
    <Number_of_processors>1024</Number_of_processors>
    <List>
        <Item>10</Item>
        <Item>10</Item>
        <Item>10</Item>
        <Item>10</Item>
        <Item>10</Item>
        <Item>10</Item>
        <Item>10</Item>
        <Item>10</Item>
        <Item>10</Item>
        <Item>10</Item>
        <Item>10</Item>
        <Item>10</Item>
        <Item>10</Item>
        <Item>10</Item>
        <Item>10</Item>
        <Item>10</Item>
        <Item>10</Item>
        <Item>10</Item>
        <Item>10</Item>
        <Item>10</Item>
        <Item>10</Item>
        <Item>10</Item>
        <Item>10</Item>
        <Item>10</Item>
        <Item>10</Item>
        <Item>10</Item>
        <Item>10</Item>
        <Item>10</Item>
        <Item>10</Item>
        <Item>10</Item>
        <Item>10</Item>
        <Item>10</Item>
        <Item>10</Item>
        <Item>10</Item>
        <Item>10</Item>
        <Item>10</Item>
        <Item>10</Item>
        <Item>10</Item>
        <Item>10</Item>
        <Item>10</Item>
        <Item>10</Item>
        <Item>10</Item>
        <Item>10</Item>
        <Item>10</Item>
        <Item>10</Item>
        <Item>10</Item>
        <Item>10</Item>
        <Item>10</Item>
        <Item>10</Item>
        <Item>10</Item>
        <Item>10</Item>
        <Item>10</Item>
        <Item>10</Item>
        <Item>10</Item>
        <Item>10</Item>
        <Item>10</Item>
        <Item>10</Item>
        <Item>10</Item>
        <Item>10</Item>
        <Item>10</Item>
        <Item>10</Item>
        <Item>10</Item>
        <Item>10</Item>
        <Item>10</Item>
        <Item>10</Item>
        <Item>10</Item>
        <Item>10</Item>
        <Item>10</Item>
        <Item>10</Item>
        <Item>10</Item>
        <Item>10</Item>
        <Item>10</Item>
        <Item>10</Item>
        <Item>10</Item>
        <Item>10</Item>
        <Item>10</Item>
        <Item>10</Item>
        <Item>10</Item>
        <Item>10</Item>
        <Item>10</Item>
        <Item>10</Item>
        <Item>10</Item>
        <Item>10</Item>
        <Item>10</Item>
        <Item>10</Item>
        <Item>10</Item>
        <Item>10</Item>
        <Item>10</Item>
        <Item>10</Item>
        <Item>10</Item>
        <Item>10</Item>
        <Item>10</Item>
        <Item>10</Item>
        <Item>10</Item>
        <Item>10</Item>
        <Item>10</Item>
        <Item>10</Item>
        <Item>10</Item>
        <Item>10</Item>
        <Item>10</Item>
        <Item>10</Item>
        <Item>10</Item>
        <Item>10</Item>
        <Item>10</Item>
        <Item>10</Item>
        <Item>10</Item>
        <Item>10</Item>
        <Item>10</Item>
        <Item>10</Item>
        <Item>10</Item>
        <Item>10</Item>
        <Item>10</Item>
        <Item>10</Item>
        <Item>10</Item>
        <Item>10</Item>
        <Item>10</Item>
        <Item>10</Item>
        <Item>10</Item>
        <Item>10</Item>
        <Item>10</Item>
        <Item>10</Item>
        <Item>10</Item>
        <Item>10</Item>
        <Item>10</Item>
        <Item>10</Item>
        <Item>10</Item>
        <Item>10</Item>
        <Item>10</Item>
        <Item>10</Item>
        <Item>10</Item>
        <Item>10</Item>
        <Item>10</Item>
        <Item>10</Item>
        <Item>10</Item>
        <Item>10</Item>
        <Item>10</Item>
        <Item>10</Item>
        <Item>10</Item>
        <Item>10</Item>
        <Item>10</Item>
        <Item>10</Item>
        <Item>10</Item>
        <Item>10</Item>
        <Item>10</Item>
        <Item>10</Item>
        <Item>10</Item>
        <Item>10</Item>
        <Item>10</Item>
        <Item>10</Item>
        <Item>10</Item>
        <Item>10</Item>
        <Item>10</Item>
        <Item>10</Item>
        <Item>10</Item>
        <Item>10</Item>
        <Item>10</Item>
        <Item>10</Item>
        <Item>10</Item>
        <Item>10</Item>
        <Item>10</Item>
        <Item>10</Item>
        <Item>10</Item>
        <Item>10</Item>
        <Item>10</Item>
        <Item>10</Item>
        <Item>10</Item>
        <Item>10</Item>
        <Item>10</Item>
        <Item>10</Item>
        <Item>10</Item>
        <Item>10</Item>
        <Item>10</Item>
        <Item>10</Item>
        <Item>10</Item>
        <Item>10</Item>
        <Item>10</Item>
        <Item>10</Item>
        <Item>10</Item>
        <Item>10</Item>
        <Item>10</Item>
        <Item>10</Item>
        <Item>10</Item>
        <Item>10</Item>
        <Item>10</Item>
        <Item>10</Item>
        <Item>10</Item>
        <Item>10</Item>
        <Item>10</Item>
        <Item>10</Item>
        <Item>10</Item>
        <Item>10</Item>
        <Item>10</Item>
        <Item>10</Item>
        <Item>10</Item>
        <Item>10</Item>
        <Item>10</Item>
        <Item>10</Item>
        <Item>10</Item>
        <Item>10</Item>
        <Item>10</Item>
        <Item>10</Item>
        <Item>10</Item>
        <Item>10</Item>
        <Item>10</Item>
        <Item>10</Item>
        <Item>10</Item>
        <Item>10</Item>
        <Item>10</Item>
        <Item>10</Item>
        <Item>10</Item>
        <Item>10</Item>
        <Item>10</Item>
        <Item>10</Item>
        <Item>10</Item>
        <Item>10</Item>
        <Item>10</Item>
        <Item>10</Item>
        <Item>10</Item>
        <Item>10</Item>
        <Item>10</Item>
        <Item>10</Item>
        <Item>10</Item>
        <Item>10</Item>
        <Item>10</Item>
        <Item>10</Item>
        <Item>10</Item>
        <Item>10</Item>
        <Item>10</Item>
        <Item>10</Item>
        <Item>10</Item>
        <Item>10</Item>
        <Item>10</Item>
        <Item>10</Item>
        <Item>10</Item>
        <Item>10</Item>
        <Item>10</Item>
        <Item>10</Item>
        <Item>10</Item>
        <Item>10</Item>
        <Item>10</Item>
        <Item>10</Item>
        <Item>10</Item>
        <Item>10</Item>
        <Item>10</Item>
        <Item>10</Item>
        <Item>10</Item>
        <Item>10</Item>
        <Item>10</Item>
        <Item>10</Item>
        <Item>10</Item>
        <Item>10</Item>
        <Item>10</Item>
        <Item>10</Item>
        <Item>10</Item>
        <Item>10</Item>
        <Item>10</Item>
        <Item>10</Item>
        <Item>10</Item>
        <Item>10</Item>
        <Item>10</Item>
        <Item>10</Item>
        <Item>10</Item>
        <Item>10</Item>
        <Item>10</Item>
        <Item>10</Item>
        <Item>10</Item>
        <Item>10</Item>
        <Item>10</Item>
        <Item>10</Item>
        <Item>10</Item>
        <Item>10</Item>
        <Item>10</Item>
        <Item>10</Item>
        <Item>10</Item>
        <Item>10</Item>
        <Item>10</Item>
        <Item>10</Item>
        <Item>10</Item>
        <Item>10</Item>
        <Item>10</Item>
        <Item>10</Item>
        <Item>10</Item>
        <Item>10</Item>
        <Item>10</Item>
        <Item>10</Item>
        <Item>10</Item>
        <Item>10</Item>
        <Item>10</Item>
        <Item>10</Item>
        <Item>10</Item>
        <Item>10</Item>
        <Item>10</Item>
        <Item>10</Item>
        <Item>10</Item>
        <Item>10</Item>
        <Item>10</Item>
        <Item>10</Item>
        <Item>10</Item>
        <Item>10</Item>
        <Item>10</Item>
        <Item>10</Item>
        <Item>10</Item>
        <Item>10</Item>
        <Item>10</Item>
        <Item>10</Item>
        <Item>10</Item>
        <Item>10</Item>
        <Item>10</Item>
        <Item>10</Item>
        <Item>10</Item>
        <Item>10</Item>
        <Item>10</Item>
        <Item>10</Item>
        <Item>10</Item>
        <Item>10</Item>
        <Item>10</Item>
        <Item>10</Item>
        <Item>10</Item>
        <Item>10</Item>
        <Item>10</Item>
        <Item>10</Item>
        <Item>10</Item>
        <Item>10</Item>
        <Item>10</Item>
        <Item>10</Item>
        <Item>10</Item>
        <Item>10</Item>
        <Item>10</Item>
        <Item>10</Item>
        <Item>10</Item>
        <Item>10</Item>
        <Item>10</Item>
        <Item>10</Item>
        <Item>10</Item>
        <Item>10</Item>
        <Item>10</Item>
        <Item>10</Item>
        <Item>10</Item>
        <Item>10</Item>
        <Item>10</Item>
        <Item>10</Item>
        <Item>10</Item>
        <Item>10</Item>
        <Item>10</Item>
        <Item>10</Item>
        <Item>10</Item>
        <Item>10</Item>
        <Item>10</Item>
        <Item>10</Item>
        <Item>10</Item>
        <Item>10</Item>
        <Item>10</Item>
        <Item>10</Item>
        <Item>10</Item>
        <Item>10</Item>
        <Item>10</Item>
        <Item>10</Item>
        <Item>10</Item>
        <Item>10</Item>
        <Item>10</Item>
        <Item>10</Item>
        <Item>10</Item>
        <Item>10</Item>
        <Item>10</Item>
        <Item>10</Item>
        <Item>10</Item>
        <Item>10</Item>
        <Item>10</Item>
        <Item>10</Item>
        <Item>10</Item>
        <Item>10</Item>
        <Item>10</Item>
        <Item>10</Item>
        <Item>10</Item>
        <Item>10</Item>
        <Item>10</Item>
        <Item>10</Item>
        <Item>10</Item>
        <Item>10</Item>
        <Item>10</Item>
        <Item>10</Item>
        <Item>10</Item>
        <Item>10</Item>
        <Item>10</Item>
        <Item>10</Item>
        <Item>10</Item>
        <Item>10</Item>
        <Item>10</Item>
        <Item>10</Item>
        <Item>10</Item>
        <Item>10</Item>
        <Item>10</Item>
        <Item>10</Item>
        <Item>10</Item>
        <Item>10</Item>
        <Item>10</Item>
        <Item>10</Item>
        <Item>10</Item>
        <Item>10</Item>
        <Item>10</Item>
        <Item>10</Item>
        <Item>10</Item>
        <Item>10</Item>
        <Item>10</Item>
        <Item>10</Item>
        <Item>10</Item>
        <Item>10</Item>
        <Item>10</Item>
        <Item>10</Item>
        <Item>10</Item>
        <Item>10</Item>
        <Item>10</Item>
        <Item>10</Item>
        <Item>10</Item>
        <Item>10</Item>
        <Item>10</Item>
        <Item>10</Item>
        <Item>10</Item>
        <Item>10</Item>
        <Item>10</Item>
        <Item>10</Item>
        <Item>10</Item>
        <Item>10</Item>
        <Item>10</Item>
        <Item>10</Item>
        <Item>10</Item>
        <Item>10</Item>
        <Item>10</Item>
        <Item>10</Item>
        <Item>10</Item>
        <Item>10</Item>
        <Item>10</Item>
        <Item>10</Item>
        <Item>10</Item>
        <Item>10</Item>
        <Item>10</Item>
        <Item>10</Item>
        <Item>10</Item>
        <Item>10</Item>
        <Item>10</Item>
        <Item>10</Item>
        <Item>10</Item>
        <Item>10</Item>
        <Item>10</Item>
        <Item>10</Item>
        <Item>10</Item>
        <Item>10</Item>
        <Item>10</Item>
        <Item>10</Item>
        <Item>10</Item>
        <Item>10</Item>
        <Item>10</Item>
        <Item>10</Item>
        <Item>10</Item>
        <Item>10</Item>
        <Item>10</Item>
        <Item>10</Item>
        <Item>10</Item>
        <Item>10</Item>
        <Item>10</Item>
        <Item>10</Item>
        <Item>10</Item>
        <Item>10</Item>
        <Item>10</Item>
        <Item>10</Item>
        <Item>10</Item>
        <Item>10</Item>
        <Item>10</Item>
        <Item>10</Item>
        <Item>10</Item>
        <Item>10</Item>
        <Item>10</Item>
        <Item>10</Item>
        <Item>10</Item>
        <Item>10</Item>
        <Item>10</Item>
        <Item>10</Item>
        <Item>10</Item>
        <Item>10</Item>
        <Item>10</Item>
        <Item>10</Item>
        <Item>10</Item>
        <Item>10</Item>
        <Item>10</Item>
        <Item>10</Item>
        <Item>10</Item>
        <Item>10</Item>
        <Item>10</Item>
        <Item>10</Item>
        <Item>10</Item>
        <Item>10</Item>
        <Item>10</Item>
        <Item>10</Item>
        <Item>10</Item>
        <Item>10</Item>
        <Item>10</Item>
        <Item>10</Item>
        <Item>10</Item>
        <Item>10</Item>
        <Item>10</Item>
        <Item>10</Item>
        <Item>10</Item>
        <Item>10</Item>
        <Item>10</Item>
        <Item>10</Item>
        <Item>10</Item>
        <Item>10</Item>
        <Item>10</Item>
        <Item>10</Item>
        <Item>10</Item>
        <Item>10</Item>
        <Item>10</Item>
        <Item>10</Item>
        <Item>10</Item>
        <Item>10</Item>
        <Item>10</Item>
        <Item>10</Item>
        <Item>10</Item>
        <Item>10</Item>
        <Item>10</Item>
        <Item>10</Item>
        <Item>10</Item>
        <Item>10</Item>
        <Item>10</Item>
        <Item>10</Item>
        <Item>10</Item>
        <Item>10</Item>
        <Item>10</Item>
        <Item>10</Item>
        <Item>10</Item>
        <Item>10</Item>
        <Item>10</Item>
        <Item>10</Item>
        <Item>10</Item>
        <Item>10</Item>
        <Item>10</Item>
        <Item>10</Item>
        <Item>10</Item>
        <Item>10</Item>
        <Item>10</Item>
        <Item>10</Item>
        <Item>10</Item>
        <Item>10</Item>
        <Item>10</Item>
        <Item>10</Item>
        <Item>10</Item>
        <Item>10</Item>
        <Item>10</Item>
        <Item>10</Item>
        <Item>10</Item>
        <Item>10</Item>
        <Item>10</Item>
        <Item>10</Item>
        <Item>10</Item>
        <Item>10</Item>
        <Item>10</Item>
        <Item>10</Item>
        <Item>10</Item>
        <Item>10</Item>
        <Item>10</Item>
        <Item>10</Item>
        <Item>10</Item>
        <Item>10</Item>
        <Item>10</Item>
        <Item>10</Item>
        <Item>10</Item>
        <Item>10</Item>
        <Item>10</Item>
        <Item>10</Item>
        <Item>10</Item>
        <Item>10</Item>
        <Item>10</Item>
        <Item>10</Item>
        <Item>10</Item>
        <Item>10</Item>
        <Item>10</Item>
        <Item>10</Item>
        <Item>10</Item>
        <Item>10</Item>
        <Item>10</Item>
        <Item>10</Item>
        <Item>10</Item>
        <Item>10</Item>
        <Item>10</Item>
        <Item>10</Item>
        <Item>10</Item>
        <Item>10</Item>
        <Item>10</Item>
        <Item>10</Item>
        <Item>10</Item>
        <Item>10</Item>
        <Item>10</Item>
        <Item>10</Item>
        <Item>10</Item>
        <Item>10</Item>
        <Item>10</Item>
        <Item>10</Item>
        <Item>10</Item>
        <Item>10</Item>
        <Item>10</Item>
        <Item>10</Item>
        <Item>10</Item>
        <Item>10</Item>
        <Item>10</Item>
        <Item>10</Item>
        <Item>10</Item>
        <Item>10</Item>
        <Item>10</Item>
        <Item>10</Item>
        <Item>10</Item>
        <Item>10</Item>
        <Item>10</Item>
        <Item>10</Item>
        <Item>10</Item>
        <Item>10</Item>
        <Item>10</Item>
        <Item>10</Item>
        <Item>10</Item>
        <Item>10</Item>
        <Item>10</Item>
        <Item>10</Item>
        <Item>10</Item>
        <Item>10</Item>
        <Item>10</Item>
        <Item>10</Item>
        <Item>10</Item>
        <Item>10</Item>
        <Item>10</Item>
        <Item>10</Item>
        <Item>10</Item>
        <Item>10</Item>
        <Item>10</Item>
        <Item>10</Item>
        <Item>10</Item>
        <Item>10</Item>
        <Item>10</Item>
        <Item>10</Item>
        <Item>10</Item>
        <Item>10</Item>
        <Item>10</Item>
        <Item>10</Item>
        <Item>10</Item>
        <Item>10</Item>
        <Item>10</Item>
        <Item>10</Item>
        <Item>10</Item>
        <Item>10</Item>
        <Item>10</Item>
        <Item>10</Item>
        <Item>10</Item>
        <Item>10</Item>
        <Item>10</Item>
        <Item>10</Item>
        <Item>10</Item>
        <Item>10</Item>
        <Item>10</Item>
        <Item>10</Item>
        <Item>10</Item>
        <Item>10</Item>
        <Item>10</Item>
        <Item>10</Item>
        <Item>10</Item>
        <Item>10</Item>
        <Item>10</Item>
        <Item>10</Item>
        <Item>10</Item>
        <Item>10</Item>
        <Item>10</Item>
        <Item>10</Item>
        <Item>10</Item>
        <Item>10</Item>
        <Item>10</Item>
        <Item>10</Item>
        <Item>10</Item>
        <Item>10</Item>
        <Item>10</Item>
        <Item>10</Item>
        <Item>10</Item>
        <Item>10</Item>
        <Item>10</Item>
        <Item>10</Item>
        <Item>10</Item>
        <Item>10</Item>
        <Item>10</Item>
        <Item>10</Item>
        <Item>10</Item>
        <Item>10</Item>
        <Item>10</Item>
        <Item>10</Item>
        <Item>10</Item>
        <Item>10</Item>
        <Item>10</Item>
        <Item>10</Item>
        <Item>10</Item>
        <Item>10</Item>
        <Item>10</Item>
        <Item>10</Item>
        <Item>10</Item>
        <Item>10</Item>
        <Item>10</Item>
        <Item>10</Item>
        <Item>10</Item>
        <Item>10</Item>
        <Item>10</Item>
        <Item>10</Item>
        <Item>10</Item>
        <Item>10</Item>
        <Item>10</Item>
        <Item>10</Item>
        <Item>10</Item>
        <Item>10</Item>
        <Item>10</Item>
        <Item>10</Item>
        <Item>10</Item>
        <Item>10</Item>
        <Item>10</Item>
        <Item>10</Item>
        <Item>10</Item>
        <Item>10</Item>
        <Item>10</Item>
        <Item>10</Item>
        <Item>10</Item>
        <Item>10</Item>
        <Item>10</Item>
        <Item>10</Item>
        <Item>10</Item>
        <Item>10</Item>
        <Item>10</Item>
        <Item>10</Item>
        <Item>10</Item>
        <Item>10</Item>
        <Item>10</Item>
        <Item>10</Item>
        <Item>10</Item>
        <Item>10</Item>
        <Item>10</Item>
        <Item>10</Item>
        <Item>10</Item>
        <Item>10</Item>
        <Item>10</Item>
        <Item>10</Item>
        <Item>10</Item>
        <Item>10</Item>
        <Item>10</Item>
        <Item>10</Item>
        <Item>10</Item>
        <Item>10</Item>
        <Item>10</Item>
        <Item>10</Item>
        <Item>10</Item>
        <Item>10</Item>
        <Item>10</Item>
        <Item>10</Item>
        <Item>10</Item>
        <Item>10</Item>
        <Item>10</Item>
        <Item>10</Item>
        <Item>10</Item>
        <Item>10</Item>
        <Item>10</Item>
        <Item>10</Item>
        <Item>10</Item>
        <Item>10</Item>
        <Item>10</Item>
        <Item>10</Item>
        <Item>10</Item>
        <Item>10</Item>
        <Item>10</Item>
        <Item>10</Item>
        <Item>10</Item>
        <Item>10</Item>
        <Item>10</Item>
        <Item>10</Item>
        <Item>10</Item>
        <Item>10</Item>
        <Item>10</Item>
        <Item>10</Item>
        <Item>10</Item>
        <Item>10</Item>
        <Item>10</Item>
        <Item>10</Item>
        <Item>10</Item>
        <Item>10</Item>
        <Item>10</Item>
        <Item>10</Item>
        <Item>10</Item>
        <Item>10</Item>
        <Item>10</Item>
        <Item>10</Item>
        <Item>10</Item>
        <Item>10</Item>
        <Item>10</Item>
        <Item>10</Item>
        <Item>10</Item>
        <Item>10</Item>
        <Item>10</Item>
        <Item>10</Item>
        <Item>10</Item>
        <Item>10</Item>
        <Item>10</Item>
        <Item>10</Item>
        <Item>10</Item>
        <Item>10</Item>
        <Item>10</Item>
        <Item>10</Item>
        <Item>10</Item>
        <Item>10</Item>
        <Item>10</Item>
        <Item>10</Item>
        <Item>10</Item>
        <Item>10</Item>
        <Item>10</Item>
        <Item>10</Item>
        <Item>10</Item>
        <Item>10</Item>
        <Item>10</Item>
        <Item>10</Item>
        <Item>10</Item>
        <Item>10</Item>
        <Item>10</Item>
        <Item>10</Item>
        <Item>10</Item>
        <Item>10</Item>
        <Item>10</Item>
        <Item>10</Item>
        <Item>10</Item>
        <Item>10</Item>
        <Item>10</Item>
        <Item>10</Item>
        <Item>10</Item>
        <Item>10</Item>
        <Item>10</Item>
        <Item>10</Item>
        <Item>10</Item>
        <Item>10</Item>
        <Item>10</Item>
        <Item>10</Item>
        <Item>10</Item>
        <Item>10</Item>
        <Item>10</Item>
        <Item>10</Item>
        <Item>10</Item>
        <Item>10</Item>
        <Item>10</Item>
        <Item>10</Item>
        <Item>10</Item>
        <Item>10</Item>
        <Item>10</Item>
        <Item>10</Item>
        <Item>10</Item>
        <Item>10</Item>
        <Item>10</Item>
        <Item>10</Item>
        <Item>10</Item>
        <Item>10</Item>
        <Item>10</Item>
        <Item>10</Item>
        <Item>10</Item>
        <Item>10</Item>
        <Item>10</Item>
        <Item>10</Item>
        <Item>10</Item>
        <Item>10</Item>
        <Item>10</Item>
        <Item>10</Item>
        <Item>10</Item>
        <Item>10</Item>
        <Item>10</Item>
        <Item>10</Item>
        <Item>10</Item>
        <Item>10</Item>
        <Item>10</Item>
        <Item>10</Item>
        <Item>10</Item>
        <Item>10</Item>
        <Item>10</Item>
        <Item>10</Item>
        <Item>10</Item>
        <Item>10</Item>
        <Item>10</Item>
        <Item>10</Item>
        <Item>10</Item>
        <Item>10</Item>
        <Item>10</Item>
        <Item>10</Item>
        <Item>10</Item>
        <Item>10</Item>
        <Item>10</Item>
        <Item>10</Item>
        <Item>10</Item>
        <Item>10</Item>
        <Item>10</Item>
        <Item>10</Item>
        <Item>10</Item>
        <Item>10</Item>
        <Item>10</Item>
        <Item>10</Item>
        <Item>10</Item>
        <Item>10</Item>
        <Item>10</Item>
        <Item>10</Item>
        <Item>10</Item>
        <Item>10</Item>
        <Item>10</Item>
        <Item>10</Item>
        <Item>10</Item>
        <Item>10</Item>
        <Item>10</Item>
        <Item>10</Item>
        <Item>10</Item>
        <Item>10</Item>
        <Item>10</Item>
        <Item>10</Item>
        <Item>10</Item>
        <Item>10</Item>
        <Item>10</Item>
        <Item>10</Item>
        <Item>10</Item>
        <Item>10</Item>
        <Item>10</Item>
        <Item>10</Item>
        <Item>10</Item>
        <Item>10</Item>
        <Item>10</Item>
        <Item>10</Item>
        <Item>10</Item>
        <Item>10</Item>
        <Item>10</Item>
        <Item>10</Item>
        <Item>10</Item>
        <Item>10</Item>
        <Item>10</Item>
        <Item>10</Item>
        <Item>10</Item>
        <Item>10</Item>
        <Item>10</Item>
        <Item>10</Item>
        <Item>10</Item>
        <Item>10</Item>
        <Item>10</Item>
        <Item>10</Item>
        <Item>10</Item>
        <Item>10</Item>
        <Item>10</Item>
        <Item>10</Item>
        <Item>10</Item>
        <Item>10</Item>
        <Item>10</Item>
        <Item>10</Item>
        <Item>10</Item>
        <Item>10</Item>
        <Item>10</Item>
        <Item>10</Item>
        <Item>10</Item>
        <Item>10</Item>
        <Item>10</Item>
        <Item>10</Item>
        <Item>10</Item>
        <Item>10</Item>
        <Item>10</Item>
        <Item>10</Item>
        <Item>10</Item>
        <Item>10</Item>
        <Item>10</Item>
        <Item>10</Item>
        <Item>10</Item>
        <Item>10</Item>
        <Item>10</Item>
        <Item>10</Item>
        <Item>10</Item>
        <Item>10</Item>
        <Item>10</Item>
        <Item>10</Item>
        <Item>10</Item>
        <Item>10</Item>
        <Item>10</Item>
        <Item>10</Item>
        <Item>10</Item>
        <Item>10</Item>
        <Item>10</Item>
        <Item>10</Item>
        <Item>10</Item>
        <Item>10</Item>
        <Item>10</Item>
        <Item>10</Item>
        <Item>10</Item>
        <Item>10</Item>
        <Item>10</Item>
        <Item>10</Item>
        <Item>10</Item>
        <Item>10</Item>
        <Item>10</Item>
        <Item>10</Item>
        <Item>10</Item>
        <Item>10</Item>
        <Item>10</Item>
        <Item>10</Item>
        <Item>10</Item>
        <Item>10</Item>
        <Item>10</Item>
        <Item>10</Item>
        <Item>10</Item>
        <Item>10</Item>
        <Item>10</Item>
        <Item>10</Item>
        <Item>10</Item>
        <Item>10</Item>
        <Item>10</Item>
        <Item>10</Item>
        <Item>10</Item>
        <Item>10</Item>
        <Item>10</Item>
        <Item>10</Item>
        <Item>10</Item>
        <Item>10</Item>
        <Item>10</Item>
        <Item>10</Item>
        <Item>10</Item>
        <Item>10</Item>
        <Item>10</Item>
        <Item>10</Item>
        <Item>10</Item>
        <Item>10</Item>
        <Item>10</Item>
        <Item>10</Item>
        <Item>10</Item>
        <Item>10</Item>
        <Item>10</Item>
        <Item>10</Item>
        <Item>10</Item>
        <Item>10</Item>
        <Item>10</Item>
        <Item>10</Item>
        <Item>10</Item>
        <Item>10</Item>
        <Item>10</Item>
        <Item>10</Item>
        <Item>10</Item>
        <Item>10</Item>
        <Item>10</Item>
        <Item>10</Item>
        <Item>10</Item>
        <Item>10</Item>
        <Item>10</Item>
        <Item>10</Item>
        <Item>10</Item>
        <Item>10</Item>
        <Item>10</Item>
        <Item>10</Item>
        <Item>10</Item>
        <Item>10</Item>
        <Item>10</Item>
        <Item>10</Item>
        <Item>10</Item>
        <Item>10</Item>
        <Item>10</Item>
        <Item>10</Item>
        <Item>10</Item>
        <Item>10</Item>
        <Item>10</Item>
        <Item>10</Item>
        <Item>10</Item>
        <Item>10</Item>
        <Item>10</Item>
        <Item>10</Item>
        <Item>10</Item>
        <Item>10</Item>
        <Item>10</Item>
        <Item>10</Item>
        <Item>10</Item>
        <Item>10</Item>
        <Item>10</Item>
        <Item>10</Item>
        <Item>10</Item>
        <Item>10</Item>
        <Item>10</Item>
        <Item>10</Item>
        <Item>10</Item>
        <Item>10</Item>
        <Item>10</Item>
        <Item>10</Item>
        <Item>10</Item>
        <Item>10</Item>
        <Item>10</Item>
        <Item>10</Item>
        <Item>10</Item>
        <Item>10</Item>
        <Item>10</Item>
        <Item>10</Item>
        <Item>10</Item>
        <Item>10</Item>
        <Item>10</Item>
        <Item>10</Item>
        <Item>10</Item>
        <Item>10</Item>
        <Item>10</Item>
        <Item>10</Item>
        <Item>10</Item>
        <Item>10</Item>
        <Item>10</Item>
        <Item>10</Item>
        <Item>10</Item>
        <Item>10</Item>
        <Item>10</Item>
        <Item>10</Item>
        <Item>10</Item>
        <Item>10</Item>
        <Item>10</Item>
        <Item>10</Item>
        <Item>10</Item>
        <Item>10</Item>
        <Item>10</Item>
        <Item>10</Item>
        <Item>10</Item>
        <Item>10</Item>
        <Item>10</Item>
        <Item>10</Item>
        <Item>10</Item>
        <Item>10</Item>
        <Item>10</Item>
        <Item>10</Item>
        <Item>10</Item>
        <Item>10</Item>
        <Item>10</Item>
        <Item>10</Item>
        <Item>10</Item>
        <Item>10</Item>
        <Item>10</Item>
        <Item>10</Item>
        <Item>10</Item>
        <Item>10</Item>
        <Item>10</Item>
        <Item>10</Item>
        <Item>10</Item>
        <Item>10</Item>
        <Item>10</Item>
        <Item>10</Item>
        <Item>10</Item>
        <Item>10</Item>
        <Item>10</Item>
        <Item>10</Item>
        <Item>10</Item>
        <Item>10</Item>
        <Item>10</Item>
        <Item>10</Item>
        <Item>10</Item>
        <Item>10</Item>
        <Item>10</Item>
        <Item>10</Item>
        <Item>10</Item>
        <Item>10</Item>
        <Item>10</Item>
        <Item>10</Item>
        <Item>10</Item>
        <Item>10</Item>
        <Item>10</Item>
        <Item>10</Item>
        <Item>10</Item>
        <Item>10</Item>
        <Item>10</Item>
        <Item>10</Item>
        <Item>10</Item>
        <Item>10</Item>
        <Item>10</Item>
        <Item>10</Item>
        <Item>10</Item>
        <Item>10</Item>
        <Item>10</Item>
        <Item>10</Item>
        <Item>10</Item>
        <Item>10</Item>
        <Item>10</Item>
        <Item>10</Item>
        <Item>10</Item>
        <Item>10</Item>
        <Item>10</Item>
        <Item>10</Item>
        <Item>10</Item>
        <Item>10</Item>
        <Item>10</Item>
        <Item>10</Item>
        <Item>10</Item>
        <Item>10</Item>
        <Item>10</Item>
        <Item>10</Item>
        <Item>10</Item>
        <Item>10</Item>
        <Item>10</Item>
        <Item>10</Item>
        <Item>10</Item>
        <Item>10</Item>
        <Item>10</Item>
        <Item>10</Item>
        <Item>10</Item>
        <Item>10</Item>
        <Item>10</Item>
        <Item>10</Item>
        <Item>10</Item>
        <Item>10</Item>
        <Item>10</Item>
        <Item>10</Item>
        <Item>10</Item>
        <Item>10</Item>
        <Item>10</Item>
        <Item>10</Item>
        <Item>10</Item>
        <Item>10</Item>
        <Item>10</Item>
        <Item>10</Item>
        <Item>10</Item>
        <Item>10</Item>
        <Item>10</Item>
        <Item>10</Item>
        <Item>10</Item>
        <Item>10</Item>
        <Item>10</Item>
        <Item>10</Item>
        <Item>10</Item>
        <Item>10</Item>
        <Item>10</Item>
        <Item>10</Item>
        <Item>10</Item>
        <Item>10</Item>
        <Item>10</Item>
        <Item>10</Item>
        <Item>10</Item>
        <Item>10</Item>
        <Item>10</Item>
        <Item>10</Item>
        <Item>10</Item>
        <Item>10</Item>
        <Item>10</Item>
        <Item>10</Item>
        <Item>10</Item>
        <Item>10</Item>
        <Item>10</Item>
        <Item>10</Item>
        <Item>10</Item>
        <Item>10</Item>
        <Item>10</Item>
        <Item>10</Item>
        <Item>10</Item>
        <Item>10</Item>
        <Item>10</Item>
        <Item>10</Item>
        <Item>10</Item>
        <Item>10</Item>
        <Item>10</Item>
        <Item>10</Item>
        <Item>10</Item>
        <Item>10</Item>
        <Item>10</Item>
        <Item>10</Item>
        <Item>10</Item>
        <Item>10</Item>
        <Item>10</Item>
        <Item>10</Item>
        <Item>10</Item>
        <Item>10</Item>
        <Item>10</Item>
        <Item>10</Item>
        <Item>10</Item>
        <Item>10</Item>
        <Item>10</Item>
        <Item>10</Item>
        <Item>10</Item>
        <Item>10</Item>
        <Item>10</Item>
        <Item>10</Item>
        <Item>10</Item>
        <Item>10</Item>
        <Item>10</Item>
        <Item>10</Item>
        <Item>10</Item>
        <Item>10</Item>
        <Item>10</Item>
        <Item>10</Item>
        <Item>10</Item>
        <Item>10</Item>
        <Item>10</Item>
        <Item>10</Item>
        <Item>10</Item>
        <Item>10</Item>
        <Item>10</Item>
        <Item>10</Item>
        <Item>10</Item>
        <Item>10</Item>
        <Item>10</Item>
        <Item>10</Item>
        <Item>10</Item>
        <Item>10</Item>
        <Item>10</Item>
        <Item>10</Item>
        <Item>10</Item>
        <Item>10</Item>
        <Item>10</Item>
        <Item>10</Item>
        <Item>10</Item>
        <Item>10</Item>
        <Item>10</Item>
        <Item>10</Item>
        <Item>10</Item>
        <Item>10</Item>
        <Item>10</Item>
        <Item>10</Item>
        <Item>10</Item>
        <Item>10</Item>
        <Item>10</Item>
        <Item>10</Item>
        <Item>10</Item>
        <Item>10</Item>
        <Item>10</Item>
        <Item>10</Item>
        <Item>10</Item>
        <Item>10</Item>
        <Item>10</Item>
        <Item>10</Item>
        <Item>10</Item>
        <Item>10</Item>
        <Item>10</Item>
        <Item>10</Item>
        <Item>10</Item>
        <Item>10</Item>
        <Item>10</Item>
        <Item>10</Item>
        <Item>10</Item>
        <Item>10</Item>
        <Item>10</Item>
        <Item>10</Item>
        <Item>10</Item>
        <Item>10</Item>
        <Item>10</Item>
        <Item>10</Item>
        <Item>10</Item>
        <Item>10</Item>
        <Item>10</Item>
        <Item>10</Item>
        <Item>10</Item>
        <Item>10</Item>
        <Item>10</Item>
        <Item>10</Item>
        <Item>10</Item>
        <Item>10</Item>
        <Item>10</Item>
        <Item>10</Item>
        <Item>10</Item>
        <Item>10</Item>
        <Item>10</Item>
        <Item>10</Item>
        <Item>10</Item>
        <Item>10</Item>
        <Item>10</Item>
        <Item>10</Item>
        <Item>10</Item>
        <Item>10</Item>
        <Item>10</Item>
        <Item>10</Item>
        <Item>10</Item>
        <Item>10</Item>
        <Item>10</Item>
        <Item>10</Item>
        <Item>10</Item>
        <Item>10</Item>
        <Item>10</Item>
        <Item>10</Item>
        <Item>10</Item>
        <Item>10</Item>
        <Item>10</Item>
        <Item>10</Item>
        <Item>10</Item>
        <Item>10</Item>
        <Item>10</Item>
        <Item>10</Item>
        <Item>10</Item>
        <Item>10</Item>
        <Item>10</Item>
        <Item>10</Item>
        <Item>10</Item>
        <Item>10</Item>
        <Item>10</Item>
        <Item>10</Item>
        <Item>10</Item>
        <Item>10</Item>
        <Item>10</Item>
        <Item>10</Item>
        <Item>10</Item>
        <Item>10</Item>
        <Item>10</Item>
        <Item>10</Item>
        <Item>10</Item>
        <Item>10</Item>
        <Item>10</Item>
        <Item>10</Item>
        <Item>10</Item>
        <Item>10</Item>
        <Item>10</Item>
        <Item>10</Item>
        <Item>10</Item>
        <Item>10</Item>
        <Item>10</Item>
        <Item>10</Item>
        <Item>10</Item>
        <Item>10</Item>
        <Item>10</Item>
        <Item>10</Item>
        <Item>10</Item>
        <Item>10</Item>
        <Item>10</Item>
        <Item>10</Item>
        <Item>10</Item>
        <Item>10</Item>
        <Item>10</Item>
        <Item>10</Item>
        <Item>10</Item>
        <Item>10</Item>
        <Item>10</Item>
        <Item>10</Item>
        <Item>10</Item>
        <Item>10</Item>
        <Item>10</Item>
        <Item>10</Item>
        <Item>10</Item>
        <Item>10</Item>
        <Item>10</Item>
        <Item>10</Item>
        <Item>10</Item>
        <Item>10</Item>
        <Item>10</Item>
        <Item>10</Item>
        <Item>10</Item>
        <Item>10</Item>
        <Item>10</Item>
        <Item>10</Item>
        <Item>10</Item>
        <Item>10</Item>
        <Item>10</Item>
        <Item>10</Item>
        <Item>10</Item>
        <Item>10</Item>
        <Item>10</Item>
        <Item>10</Item>
        <Item>10</Item>
        <Item>10</Item>
        <Item>10</Item>
        <Item>10</Item>
        <Item>10</Item>
        <Item>10</Item>
        <Item>10</Item>
        <Item>10</Item>
        <Item>10</Item>
        <Item>10</Item>
        <Item>10</Item>
        <Item>10</Item>
        <Item>10</Item>
        <Item>10</Item>
        <Item>10</Item>
        <Item>10</Item>
        <Item>10</Item>
        <Item>10</Item>
        <Item>10</Item>
        <Item>10</Item>
        <Item>10</Item>
        <Item>10</Item>
        <Item>10</Item>
        <Item>10</Item>
        <Item>10</Item>
        <Item>10</Item>
        <Item>10</Item>
        <Item>10</Item>
        <Item>10</Item>
        <Item>10</Item>
        <Item>10</Item>
        <Item>10</Item>
        <Item>10</Item>
        <Item>10</Item>
        <Item>10</Item>
        <Item>10</Item>
        <Item>10</Item>
        <Item>10</Item>
        <Item>10</Item>
        <Item>10</Item>
        <Item>10</Item>
        <Item>10</Item>
        <Item>10</Item>
        <Item>10</Item>
        <Item>10</Item>
        <Item>10</Item>
        <Item>10</Item>
        <Item>10</Item>
        <Item>10</Item>
        <Item>10</Item>
        <Item>10</Item>
        <Item>10</Item>
        <Item>10</Item>
        <Item>10</Item>
        <Item>10</Item>
        <Item>10</Item>
        <Item>10</Item>
        <Item>10</Item>
        <Item>10</Item>
        <Item>10</Item>
        <Item>10</Item>
        <Item>10</Item>
        <Item>10</Item>
        <Item>10</Item>
        <Item>10</Item>
        <Item>10</Item>
        <Item>10</Item>
        <Item>10</Item>
        <Item>10</Item>
        <Item>10</Item>
        <Item>10</Item>
        <Item>10</Item>
        <Item>10</Item>
        <Item>10</Item>
        <Item>10</Item>
        <Item>10</Item>
        <Item>10</Item>
        <Item>10</Item>
        <Item>10</Item>
        <Item>10</Item>
        <Item>10</Item>
        <Item>10</Item>
        <Item>10</Item>
        <Item>10</Item>
        <Item>10</Item>
        <Item>10</Item>
        <Item>10</Item>
        <Item>10</Item>
        <Item>10</Item>
        <Item>10</Item>
        <Item>10</Item>
        <Item>10</Item>
        <Item>10</Item>
        <Item>10</Item>
        <Item>10</Item>
        <Item>10</Item>
        <Item>10</Item>
        <Item>10</Item>
        <Item>10</Item>
        <Item>10</Item>
        <Item>10</Item>
        <Item>10</Item>
        <Item>10</Item>
        <Item>10</Item>
        <Item>10</Item>
        <Item>10</Item>
        <Item>10</Item>
        <Item>10</Item>
        <Item>10</Item>
        <Item>10</Item>
        <Item>10</Item>
        <Item>10</Item>
        <Item>10</Item>
        <Item>10</Item>
        <Item>10</Item>
        <Item>10</Item>
        <Item>10</Item>
        <Item>10</Item>
        <Item>10</Item>
        <Item>10</Item>
        <Item>10</Item>
        <Item>10</Item>
        <Item>10</Item>
        <Item>10</Item>
        <Item>10</Item>
        <Item>10</Item>
        <Item>10</Item>
        <Item>10</Item>
        <Item>10</Item>
        <Item>10</Item>
        <Item>10</Item>
        <Item>10</Item>
        <Item>10</Item>
        <Item>10</Item>
        <Item>10</Item>
        <Item>10</Item>
        <Item>10</Item>
        <Item>10</Item>
        <Item>10</Item>
        <Item>10</Item>
        <Item>10</Item>
        <Item>10</Item>
        <Item>10</Item>
        <Item>10</Item>
        <Item>10</Item>
        <Item>10</Item>
        <Item>10</Item>
        <Item>10</Item>
        <Item>10</Item>
        <Item>10</Item>
        <Item>10</Item>
        <Item>10</Item>
        <Item>10</Item>
        <Item>10</Item>
        <Item>10</Item>
        <Item>10</Item>
        <Item>10</Item>
        <Item>10</Item>
        <Item>10</Item>
        <Item>10</Item>
        <Item>10</Item>
        <Item>10</Item>
        <Item>10</Item>
        <Item>10</Item>
        <Item>10</Item>
        <Item>10</Item>
        <Item>10</Item>
        <Item>10</Item>
        <Item>10</Item>
        <Item>10</Item>
        <Item>10</Item>
        <Item>10</Item>
        <Item>10</Item>
        <Item>10</Item>
        <Item>10</Item>
        <Item>10</Item>
        <Item>10</Item>
        <Item>10</Item>
        <Item>10</Item>
        <Item>10</Item>
        <Item>10</Item>
        <Item>10</Item>
        <Item>10</Item>
        <Item>10</Item>
        <Item>10</Item>
        <Item>10</Item>
        <Item>10</Item>
        <Item>10</Item>
        <Item>10</Item>
        <Item>10</Item>
        <Item>10</Item>
        <Item>10</Item>
        <Item>10</Item>
        <Item>10</Item>
        <Item>10</Item>
        <Item>10</Item>
        <Item>10</Item>
        <Item>10</Item>
        <Item>10</Item>
        <Item>10</Item>
        <Item>10</Item>
        <Item>10</Item>
        <Item>10</Item>
        <Item>10</Item>
        <Item>10</Item>
        <Item>10</Item>
        <Item>10</Item>
        <Item>10</Item>
        <Item>10</Item>
        <Item>10</Item>
        <Item>10</Item>
        <Item>10</Item>
        <Item>10</Item>
        <Item>10</Item>
        <Item>10</Item>
        <Item>10</Item>
        <Item>10</Item>
        <Item>10</Item>
        <Item>10</Item>
        <Item>10</Item>
        <Item>10</Item>
        <Item>10</Item>
        <Item>10</Item>
        <Item>10</Item>
        <Item>10</Item>
        <Item>10</Item>
        <Item>10</Item>
        <Item>10</Item>
        <Item>10</Item>
        <Item>10</Item>
        <Item>10</Item>
        <Item>10</Item>
        <Item>10</Item>
        <Item>10</Item>
        <Item>10</Item>
        <Item>10</Item>
        <Item>10</Item>
        <Item>10</Item>
        <Item>10</Item>
        <Item>10</Item>
        <Item>10</Item>
        <Item>10</Item>
        <Item>10</Item>
        <Item>10</Item>
        <Item>10</Item>
        <Item>10</Item>
        <Item>10</Item>
        <Item>10</Item>
        <Item>10</Item>
        <Item>10</Item>
        <Item>10</Item>
        <Item>10</Item>
        <Item>10</Item>
        <Item>10</Item>
        <Item>10</Item>
        <Item>10</Item>
        <Item>10</Item>
        <Item>10</Item>
        <Item>10</Item>
        <Item>10</Item>
        <Item>10</Item>
        <Item>10</Item>
        <Item>10</Item>
        <Item>10</Item>
        <Item>10</Item>
        <Item>10</Item>
        <Item>10</Item>
        <Item>10</Item>
        <Item>10</Item>
        <Item>10</Item>
        <Item>10</Item>
        <Item>10</Item>
        <Item>10</Item>
        <Item>10</Item>
        <Item>10</Item>
        <Item>10</Item>
        <Item>10</Item>
        <Item>10</Item>
        <Item>10</Item>
        <Item>10</Item>
        <Item>10</Item>
        <Item>10</Item>
        <Item>10</Item>
        <Item>10</Item>
        <Item>10</Item>
        <Item>10</Item>
        <Item>10</Item>
        <Item>10</Item>
        <Item>10</Item>
        <Item>10</Item>
        <Item>10</Item>
        <Item>10</Item>
        <Item>10</Item>
        <Item>10</Item>
        <Item>10</Item>
        <Item>10</Item>
        <Item>10</Item>
        <Item>10</Item>
        <Item>10</Item>
        <Item>10</Item>
        <Item>10</Item>
        <Item>10</Item>
        <Item>10</Item>
        <Item>10</Item>
        <Item>10</Item>
        <Item>10</Item>
        <Item>10</Item>
        <Item>10</Item>
        <Item>10</Item>
        <Item>10</Item>
        <Item>10</Item>
        <Item>10</Item>
        <Item>10</Item>
        <Item>10</Item>
        <Item>10</Item>
        <Item>10</Item>
        <Item>10</Item>
        <Item>10</Item>
        <Item>10</Item>
        <Item>10</Item>
        <Item>10</Item>
        <Item>10</Item>
        <Item>10</Item>
        <Item>10</Item>
        <Item>10</Item>
        <Item>10</Item>
        <Item>10</Item>
        <Item>10</Item>
        <Item>10</Item>
        <Item>10</Item>
        <Item>10</Item>
        <Item>10</Item>
        <Item>10</Item>
        <Item>10</Item>
        <Item>10</Item>
        <Item>10</Item>
        <Item>10</Item>
        <Item>10</Item>
        <Item>10</Item>
        <Item>10</Item>
        <Item>10</Item>
        <Item>10</Item>
        <Item>10</Item>
        <Item>10</Item>
        <Item>10</Item>
        <Item>10</Item>
        <Item>10</Item>
        <Item>10</Item>
        <Item>10</Item>
        <Item>10</Item>
        <Item>10</Item>
        <Item>10</Item>
        <Item>10</Item>
        <Item>10</Item>
        <Item>10</Item>
        <Item>10</Item>
        <Item>10</Item>
        <Item>10</Item>
        <Item>10</Item>
        <Item>10</Item>
        <Item>10</Item>
        <Item>10</Item>
        <Item>10</Item>
        <Item>10</Item>
        <Item>10</Item>
        <Item>10</Item>
        <Item>10</Item>
        <Item>10</Item>
        <Item>10</Item>
        <Item>10</Item>
        <Item>10</Item>
        <Item>10</Item>
        <Item>10</Item>
        <Item>10</Item>
        <Item>10</Item>
        <Item>10</Item>
        <Item>10</Item>
        <Item>10</Item>
        <Item>10</Item>
        <Item>10</Item>
        <Item>10</Item>
        <Item>10</Item>
        <Item>10</Item>
        <Item>10</Item>
        <Item>10</Item>
        <Item>10</Item>
        <Item>10</Item>
        <Item>10</Item>
        <Item>10</Item>
        <Item>10</Item>
        <Item>10</Item>
        <Item>10</Item>
        <Item>10</Item>
        <Item>10</Item>
        <Item>10</Item>
        <Item>10</Item>
        <Item>10</Item>
        <Item>10</Item>
        <Item>10</Item>
        <Item>10</Item>
        <Item>10</Item>
        <Item>10</Item>
        <Item>10</Item>
        <Item>10</Item>
        <Item>10</Item>
        <Item>10</Item>
        <Item>10</Item>
        <Item>10</Item>
        <Item>10</Item>
        <Item>10</Item>
        <Item>10</Item>
        <Item>10</Item>
        <Item>10</Item>
        <Item>10</Item>
        <Item>10</Item>
        <Item>10</Item>
        <Item>10</Item>
        <Item>10</Item>
        <Item>10</Item>
        <Item>10</Item>
        <Item>10</Item>
        <Item>10</Item>
        <Item>10</Item>
        <Item>10</Item>
        <Item>10</Item>
        <Item>10</Item>
        <Item>10</Item>
        <Item>10</Item>
        <Item>10</Item>
        <Item>10</Item>
        <Item>10</Item>
        <Item>10</Item>
        <Item>10</Item>
        <Item>10</Item>
        <Item>10</Item>
        <Item>10</Item>
        <Item>10</Item>
        <Item>10</Item>
        <Item>10</Item>
        <Item>10</Item>
        <Item>10</Item>
        <Item>10</Item>
        <Item>10</Item>
        <Item>10</Item>
        <Item>10</Item>
        <Item>10</Item>
        <Item>10</Item>
        <Item>10</Item>
        <Item>10</Item>
        <Item>10</Item>
        <Item>10</Item>
        <Item>10</Item>
        <Item>10</Item>
        <Item>10</Item>
        <Item>10</Item>
        <Item>10</Item>
        <Item>10</Item>
        <Item>10</Item>
        <Item>10</Item>
        <Item>10</Item>
        <Item>10</Item>
        <Item>10</Item>
        <Item>10</Item>
        <Item>10</Item>
        <Item>10</Item>
        <Item>10</Item>
        <Item>10</Item>
        <Item>10</Item>
        <Item>10</Item>
        <Item>10</Item>
        <Item>10</Item>
        <Item>10</Item>
        <Item>10</Item>
        <Item>10</Item>
        <Item>10</Item>
        <Item>10</Item>
        <Item>10</Item>
        <Item>10</Item>
        <Item>10</Item>
        <Item>10</Item>
        <Item>10</Item>
        <Item>10</Item>
        <Item>10</Item>
        <Item>10</Item>
        <Item>10</Item>
        <Item>10</Item>
        <Item>10</Item>
        <Item>10</Item>
        <Item>10</Item>
        <Item>10</Item>
        <Item>10</Item>
        <Item>10</Item>
        <Item>10</Item>
        <Item>10</Item>
        <Item>10</Item>
        <Item>10</Item>
        <Item>10</Item>
        <Item>10</Item>
        <Item>10</Item>
        <Item>10</Item>
        <Item>10</Item>
        <Item>10</Item>
        <Item>10</Item>
        <Item>10</Item>
        <Item>10</Item>
        <Item>10</Item>
        <Item>10</Item>
        <Item>10</Item>
        <Item>10</Item>
        <Item>10</Item>
        <Item>10</Item>
        <Item>10</Item>
        <Item>10</Item>
        <Item>10</Item>
        <Item>10</Item>
        <Item>10</Item>
        <Item>10</Item>
        <Item>10</Item>
        <Item>10</Item>
        <Item>10</Item>
        <Item>10</Item>
        <Item>10</Item>
        <Item>10</Item>
        <Item>10</Item>
        <Item>10</Item>
        <Item>10</Item>
        <Item>10</Item>
        <Item>10</Item>
        <Item>10</Item>
        <Item>10</Item>
        <Item>10</Item>
        <Item>10</Item>
        <Item>10</Item>
        <Item>10</Item>
        <Item>10</Item>
        <Item>10</Item>
        <Item>10</Item>
        <Item>10</Item>
        <Item>10</Item>
        <Item>10</Item>
        <Item>10</Item>
        <Item>10</Item>
        <Item>10</Item>
        <Item>10</Item>
        <Item>10</Item>
        <Item>10</Item>
        <Item>10</Item>
        <Item>10</Item>
        <Item>10</Item>
        <Item>10</Item>
        <Item>10</Item>
        <Item>10</Item>
        <Item>10</Item>
        <Item>10</Item>
        <Item>10</Item>
        <Item>10</Item>
        <Item>10</Item>
        <Item>10</Item>
        <Item>10</Item>
        <Item>10</Item>
        <Item>10</Item>
        <Item>10</Item>
        <Item>10</Item>
        <Item>10</Item>
        <Item>10</Item>
        <Item>10</Item>
        <Item>10</Item>
        <Item>10</Item>
        <Item>10</Item>
        <Item>10</Item>
        <Item>10</Item>
        <Item>10</Item>
        <Item>10</Item>
        <Item>10</Item>
        <Item>10</Item>
        <Item>10</Item>
        <Item>10</Item>
        <Item>10</Item>
        <Item>10</Item>
        <Item>10</Item>
        <Item>10</Item>
        <Item>10</Item>
        <Item>10</Item>
        <Item>10</Item>
        <Item>10</Item>
        <Item>10</Item>
        <Item>10</Item>
        <Item>10</Item>
        <Item>10</Item>
        <Item>10</Item>
        <Item>10</Item>
        <Item>10</Item>
        <Item>10</Item>
        <Item>10</Item>
        <Item>10</Item>
        <Item>10</Item>
        <Item>10</Item>
        <Item>10</Item>
        <Item>10</Item>
        <Item>10</Item>
        <Item>10</Item>
        <Item>10</Item>
        <Item>10</Item>
        <Item>10</Item>
        <Item>10</Item>
        <Item>10</Item>
        <Item>10</Item>
        <Item>10</Item>
        <Item>10</Item>
        <Item>10</Item>
        <Item>10</Item>
        <Item>10</Item>
        <Item>10</Item>
        <Item>10</Item>
        <Item>10</Item>
        <Item>10</Item>
        <Item>10</Item>
        <Item>10</Item>
        <Item>10</Item>
        <Item>10</Item>
        <Item>10</Item>
        <Item>10</Item>
        <Item>10</Item>
        <Item>10</Item>
        <Item>10</Item>
        <Item>10</Item>
        <Item>10</Item>
        <Item>10</Item>
        <Item>10</Item>
        <Item>10</Item>
        <Item>10</Item>
        <Item>10</Item>
        <Item>10</Item>
        <Item>10</Item>
        <Item>10</Item>
        <Item>10</Item>
        <Item>10</Item>
        <Item>10</Item>
        <Item>10</Item>
        <Item>10</Item>
        <Item>10</Item>
        <Item>10</Item>
        <Item>10</Item>
        <Item>10</Item>
        <Item>10</Item>
        <Item>10</Item>
        <Item>10</Item>
        <Item>10</Item>
        <Item>10</Item>
        <Item>10</Item>
        <Item>10</Item>
        <Item>10</Item>
        <Item>10</Item>
        <Item>10</Item>
        <Item>10</Item>
        <Item>10</Item>
        <Item>10</Item>
        <Item>10</Item>
        <Item>10</Item>
        <Item>10</Item>
        <Item>10</Item>
        <Item>10</Item>
        <Item>10</Item>
        <Item>10</Item>
        <Item>10</Item>
        <Item>10</Item>
        <Item>10</Item>
        <Item>10</Item>
        <Item>10</Item>
        <Item>10</Item>
        <Item>10</Item>
        <Item>10</Item>
        <Item>10</Item>
        <Item>10</Item>
        <Item>10</Item>
        <Item>10</Item>
        <Item>10</Item>
        <Item>10</Item>
        <Item>10</Item>
        <Item>10</Item>
        <Item>10</Item>
        <Item>10</Item>
        <Item>10</Item>
        <Item>10</Item>
        <Item>10</Item>
        <Item>10</Item>
        <Item>10</Item>
        <Item>10</Item>
        <Item>10</Item>
        <Item>10</Item>
        <Item>10</Item>
        <Item>10</Item>
        <Item>10</Item>
        <Item>10</Item>
        <Item>10</Item>
        <Item>10</Item>
        <Item>10</Item>
        <Item>10</Item>
        <Item>10</Item>
        <Item>10</Item>
        <Item>10</Item>
        <Item>10</Item>
        <Item>10</Item>
        <Item>10</Item>
        <Item>10</Item>
        <Item>10</Item>
        <Item>10</Item>
        <Item>10</Item>
        <Item>10</Item>
        <Item>10</Item>
        <Item>10</Item>
        <Item>10</Item>
        <Item>10</Item>
        <Item>10</Item>
        <Item>10</Item>
        <Item>10</Item>
        <Item>10</Item>
        <Item>10</Item>
        <Item>10</Item>
        <Item>10</Item>
        <Item>10</Item>
        <Item>10</Item>
        <Item>10</Item>
        <Item>10</Item>
        <Item>10</Item>
        <Item>10</Item>
        <Item>10</Item>
        <Item>10</Item>
        <Item>10</Item>
        <Item>10</Item>
        <Item>10</Item>
        <Item>10</Item>
        <Item>10</Item>
        <Item>10</Item>
        <Item>10</Item>
        <Item>10</Item>
        <Item>10</Item>
        <Item>10</Item>
        <Item>10</Item>
        <Item>10</Item>
        <Item>10</Item>
        <Item>10</Item>
        <Item>10</Item>
        <Item>10</Item>
        <Item>10</Item>
        <Item>10</Item>
        <Item>10</Item>
        <Item>10</Item>
        <Item>10</Item>
        <Item>10</Item>
        <Item>10</Item>
        <Item>10</Item>
        <Item>10</Item>
        <Item>10</Item>
        <Item>10</Item>
        <Item>10</Item>
        <Item>10</Item>
        <Item>10</Item>
        <Item>10</Item>
        <Item>10</Item>
        <Item>10</Item>
        <Item>10</Item>
        <Item>10</Item>
        <Item>10</Item>
        <Item>10</Item>
        <Item>10</Item>
        <Item>10</Item>
        <Item>10</Item>
        <Item>10</Item>
        <Item>10</Item>
        <Item>10</Item>
        <Item>10</Item>
        <Item>10</Item>
        <Item>10</Item>
        <Item>10</Item>
        <Item>10</Item>
        <Item>10</Item>
        <Item>10</Item>
        <Item>10</Item>
        <Item>10</Item>
        <Item>10</Item>
        <Item>10</Item>
        <Item>10</Item>
        <Item>10</Item>
        <Item>10</Item>
        <Item>10</Item>
        <Item>10</Item>
        <Item>10</Item>
        <Item>10</Item>
        <Item>10</Item>
        <Item>10</Item>
        <Item>10</Item>
        <Item>10</Item>
        <Item>10</Item>
        <Item>10</Item>
        <Item>10</Item>
        <Item>10</Item>
        <Item>10</Item>
        <Item>10</Item>
        <Item>10</Item>
        <Item>10</Item>
        <Item>10</Item>
        <Item>10</Item>
        <Item>10</Item>
        <Item>10</Item>
        <Item>10</Item>
        <Item>10</Item>
        <Item>10</Item>
        <Item>10</Item>
        <Item>10</Item>
        <Item>10</Item>
        <Item>10</Item>
        <Item>10</Item>
        <Item>10</Item>
        <Item>10</Item>
        <Item>10</Item>
        <Item>10</Item>
        <Item>10</Item>
        <Item>10</Item>
        <Item>10</Item>
        <Item>10</Item>
        <Item>10</Item>
        <Item>10</Item>
        <Item>10</Item>
        <Item>10</Item>
        <Item>10</Item>
        <Item>10</Item>
        <Item>10</Item>
        <Item>10</Item>
        <Item>10</Item>
        <Item>10</Item>
        <Item>10</Item>
        <Item>10</Item>
        <Item>10</Item>
        <Item>10</Item>
        <Item>10</Item>
        <Item>10</Item>
        <Item>10</Item>
        <Item>10</Item>
        <Item>10</Item>
        <Item>10</Item>
        <Item>10</Item>
        <Item>10</Item>
        <Item>10</Item>
        <Item>10</Item>
        <Item>10</Item>
        <Item>10</Item>
        <Item>10</Item>
        <Item>10</Item>
        <Item>10</Item>
        <Item>10</Item>
        <Item>10</Item>
        <Item>10</Item>
        <Item>10</Item>
        <Item>10</Item>
        <Item>10</Item>
        <Item>10</Item>
        <Item>10</Item>
        <Item>10</Item>
        <Item>10</Item>
        <Item>10</Item>
        <Item>10</Item>
        <Item>10</Item>
        <Item>10</Item>
        <Item>10</Item>
        <Item>10</Item>
        <Item>10</Item>
        <Item>10</Item>
        <Item>10</Item>
        <Item>10</Item>
        <Item>10</Item>
        <Item>10</Item>
        <Item>10</Item>
        <Item>10</Item>
        <Item>10</Item>
        <Item>10</Item>
        <Item>10</Item>
        <Item>10</Item>
        <Item>10</Item>
        <Item>10</Item>
        <Item>10</Item>
        <Item>10</Item>
        <Item>10</Item>
        <Item>10</Item>
        <Item>10</Item>
        <Item>10</Item>
        <Item>10</Item>
        <Item>10</Item>
        <Item>10</Item>
        <Item>10</Item>
        <Item>10</Item>
        <Item>10</Item>
        <Item>10</Item>
        <Item>10</Item>
        <Item>10</Item>
        <Item>10</Item>
        <Item>10</Item>
        <Item>10</Item>
        <Item>10</Item>
        <Item>10</Item>
        <Item>10</Item>
        <Item>10</Item>
        <Item>10</Item>
        <Item>10</Item>
        <Item>10</Item>
        <Item>10</Item>
        <Item>10</Item>
        <Item>10</Item>
        <Item>10</Item>
        <Item>10</Item>
        <Item>10</Item>
        <Item>10</Item>
        <Item>10</Item>
        <Item>10</Item>
        <Item>10</Item>
        <Item>10</Item>
        <Item>10</Item>
        <Item>10</Item>
        <Item>10</Item>
        <Item>10</Item>
        <Item>10</Item>
        <Item>10</Item>
        <Item>10</Item>
        <Item>10</Item>
        <Item>10</Item>
        <Item>10</Item>
        <Item>10</Item>
        <Item>10</Item>
        <Item>10</Item>
        <Item>10</Item>
        <Item>10</Item>
        <Item>10</Item>
        <Item>10</Item>
        <Item>10</Item>
        <Item>10</Item>
        <Item>10</Item>
        <Item>10</Item>
        <Item>10</Item>
        <Item>10</Item>
        <Item>10</Item>
        <Item>10</Item>
        <Item>10</Item>
        <Item>10</Item>
        <Item>10</Item>
        <Item>10</Item>
        <Item>10</Item>
        <Item>10</Item>
        <Item>10</Item>
        <Item>10</Item>
        <Item>10</Item>
        <Item>10</Item>
        <Item>10</Item>
        <Item>10</Item>
        <Item>10</Item>
        <Item>10</Item>
        <Item>10</Item>
        <Item>10</Item>
        <Item>10</Item>
        <Item>10</Item>
        <Item>10</Item>
        <Item>10</Item>
        <Item>10</Item>
        <Item>10</Item>
        <Item>10</Item>
        <Item>10</Item>
        <Item>10</Item>
        <Item>10</Item>
        <Item>10</Item>
        <Item>10</Item>
        <Item>10</Item>
        <Item>10</Item>
        <Item>10</Item>
        <Item>10</Item>
        <Item>10</Item>
        <Item>10</Item>
        <Item>10</Item>
        <Item>10</Item>
        <Item>10</Item>
        <Item>10</Item>
        <Item>10</Item>
        <Item>10</Item>
        <Item>10</Item>
        <Item>10</Item>
        <Item>10</Item>
        <Item>10</Item>
        <Item>10</Item>
        <Item>10</Item>
        <Item>10</Item>
        <Item>10</Item>
        <Item>10</Item>
        <Item>10</Item>
        <Item>10</Item>
        <Item>10</Item>
        <Item>10</Item>
        <Item>10</Item>
        <Item>10</Item>
        <Item>10</Item>
        <Item>10</Item>
        <Item>10</Item>
        <Item>10</Item>
        <Item>10</Item>
        <Item>10</Item>
        <Item>10</Item>
        <Item>10</Item>
        <Item>10</Item>
        <Item>10</Item>
        <Item>10</Item>
        <Item>10</Item>
        <Item>10</Item>
        <Item>10</Item>
        <Item>10</Item>
        <Item>10</Item>
        <Item>10</Item>
        <Item>10</Item>
        <Item>10</Item>
        <Item>10</Item>
        <Item>10</Item>
        <Item>10</Item>
        <Item>10</Item>
        <Item>10</Item>
        <Item>10</Item>
        <Item>10</Item>
        <Item>10</Item>
        <Item>10</Item>
        <Item>10</Item>
        <Item>10</Item>
        <Item>10</Item>
        <Item>10</Item>
        <Item>10</Item>
        <Item>10</Item>
        <Item>10</Item>
        <Item>10</Item>
        <Item>10</Item>
        <Item>10</Item>
        <Item>10</Item>
        <Item>10</Item>
        <Item>10</Item>
        <Item>10</Item>
        <Item>10</Item>
        <Item>10</Item>
        <Item>10</Item>
        <Item>10</Item>
        <Item>10</Item>
        <Item>10</Item>
        <Item>10</Item>
        <Item>10</Item>
        <Item>10</Item>
        <Item>10</Item>
        <Item>10</Item>
        <Item>10</Item>
        <Item>10</Item>
        <Item>10</Item>
        <Item>10</Item>
        <Item>10</Item>
        <Item>10</Item>
        <Item>10</Item>
        <Item>10</Item>
        <Item>10</Item>
        <Item>10</Item>
        <Item>10</Item>
        <Item>10</Item>
        <Item>10</Item>
        <Item>10</Item>
        <Item>10</Item>
        <Item>10</Item>
        <Item>10</Item>
        <Item>10</Item>
        <Item>10</Item>
        <Item>10</Item>
        <Item>10</Item>
        <Item>10</Item>
        <Item>10</Item>
        <Item>10</Item>
        <Item>10</Item>
        <Item>10</Item>
        <Item>10</Item>
        <Item>10</Item>
        <Item>10</Item>
        <Item>10</Item>
        <Item>10</Item>
        <Item>10</Item>
        <Item>10</Item>
        <Item>10</Item>
        <Item>10</Item>
        <Item>10</Item>
        <Item>10</Item>
        <Item>10</Item>
        <Item>10</Item>
        <Item>10</Item>
        <Item>10</Item>
        <Item>10</Item>
        <Item>10</Item>
        <Item>10</Item>
        <Item>10</Item>
        <Item>10</Item>
        <Item>10</Item>
        <Item>10</Item>
        <Item>10</Item>
        <Item>10</Item>
        <Item>10</Item>
        <Item>10</Item>
        <Item>10</Item>
        <Item>10</Item>
        <Item>10</Item>
        <Item>10</Item>
        <Item>10</Item>
        <Item>10</Item>
        <Item>10</Item>
        <Item>10</Item>
        <Item>10</Item>
        <Item>10</Item>
        <Item>10</Item>
        <Item>10</Item>
        <Item>10</Item>
        <Item>10</Item>
        <Item>10</Item>
        <Item>10</Item>
        <Item>10</Item>
        <Item>10</Item>
        <Item>10</Item>
        <Item>10</Item>
        <Item>10</Item>
        <Item>10</Item>
        <Item>10</Item>
        <Item>10</Item>
        <Item>10</Item>
        <Item>10</Item>
        <Item>10</Item>
        <Item>10</Item>
        <Item>10</Item>
        <Item>10</Item>
        <Item>10</Item>
        <Item>10</Item>
        <Item>10</Item>
        <Item>10</Item>
        <Item>10</Item>
        <Item>10</Item>
        <Item>10</Item>
        <Item>10</Item>
        <Item>10</Item>
        <Item>10</Item>
        <Item>10</Item>
        <Item>10</Item>
        <Item>10</Item>
        <Item>10</Item>
        <Item>10</Item>
        <Item>10</Item>
        <Item>10</Item>
        <Item>10</Item>
        <Item>10</Item>
        <Item>10</Item>
        <Item>10</Item>
        <Item>10</Item>
        <Item>10</Item>
        <Item>10</Item>
        <Item>10</Item>
        <Item>10</Item>
        <Item>10</Item>
        <Item>10</Item>
        <Item>10</Item>
        <Item>10</Item>
        <Item>10</Item>
        <Item>10</Item>
        <Item>10</Item>
        <Item>10</Item>
        <Item>10</Item>
        <Item>10</Item>
        <Item>10</Item>
        <Item>10</Item>
        <Item>10</Item>
        <Item>10</Item>
        <Item>10</Item>
        <Item>10</Item>
        <Item>10</Item>
        <Item>10</Item>
        <Item>10</Item>
        <Item>10</Item>
        <Item>10</Item>
        <Item>10</Item>
        <Item>10</Item>
        <Item>10</Item>
        <Item>10</Item>
        <Item>10</Item>
        <Item>10</Item>
        <Item>10</Item>
        <Item>10</Item>
        <Item>10</Item>
        <Item>10</Item>
        <Item>10</Item>
        <Item>10</Item>
        <Item>10</Item>
        <Item>10</Item>
        <Item>10</Item>
        <Item>10</Item>
        <Item>10</Item>
        <Item>10</Item>
        <Item>10</Item>
        <Item>10</Item>
        <Item>10</Item>
        <Item>10</Item>
        <Item>10</Item>
        <Item>10</Item>
        <Item>10</Item>
        <Item>10</Item>
        <Item>10</Item>
        <Item>10</Item>
        <Item>10</Item>
        <Item>10</Item>
        <Item>10</Item>
        <Item>10</Item>
        <Item>10</Item>
        <Item>10</Item>
        <Item>10</Item>
        <Item>10</Item>
        <Item>10</Item>
        <Item>10</Item>
        <Item>10</Item>
        <Item>10</Item>
        <Item>10</Item>
        <Item>10</Item>
        <Item>10</Item>
        <Item>10</Item>
        <Item>10</Item>
        <Item>10</Item>
        <Item>10</Item>
        <Item>10</Item>
        <Item>10</Item>
        <Item>10</Item>
        <Item>10</Item>
        <Item>10</Item>
        <Item>10</Item>
        <Item>10</Item>
        <Item>10</Item>
        <Item>10</Item>
        <Item>10</Item>
        <Item>10</Item>
        <Item>10</Item>
        <Item>10</Item>
        <Item>10</Item>
        <Item>10</Item>
        <Item>10</Item>
        <Item>10</Item>
        <Item>10</Item>
        <Item>10</Item>
        <Item>10</Item>
        <Item>10</Item>
        <Item>10</Item>
        <Item>10</Item>
        <Item>10</Item>
        <Item>10</Item>
        <Item>10</Item>
        <Item>10</Item>
        <Item>10</Item>
        <Item>10</Item>
        <Item>10</Item>
        <Item>10</Item>
        <Item>10</Item>
        <Item>10</Item>
        <Item>10</Item>
        <Item>10</Item>
        <Item>10</Item>
        <Item>10</Item>
        <Item>10</Item>
        <Item>10</Item>
        <Item>10</Item>
        <Item>10</Item>
        <Item>10</Item>
        <Item>10</Item>
        <Item>10</Item>
        <Item>10</Item>
        <Item>10</Item>
        <Item>10</Item>
        <Item>10</Item>
        <Item>10</Item>
        <Item>10</Item>
        <Item>10</Item>
        <Item>10</Item>
        <Item>10</Item>
        <Item>10</Item>
        <Item>10</Item>
        <Item>10</Item>
        <Item>10</Item>
        <Item>10</Item>
        <Item>10</Item>
        <Item>10</Item>
        <Item>10</Item>
        <Item>10</Item>
        <Item>10</Item>
        <Item>10</Item>
        <Item>10</Item>
        <Item>10</Item>
        <Item>10</Item>
        <Item>10</Item>
        <Item>10</Item>
        <Item>10</Item>
        <Item>10</Item>
        <Item>10</Item>
        <Item>10</Item>
        <Item>10</Item>
        <Item>10</Item>
        <Item>10</Item>
        <Item>10</Item>
        <Item>10</Item>
        <Item>10</Item>
        <Item>10</Item>
        <Item>10</Item>
        <Item>10</Item>
        <Item>10</Item>
        <Item>10</Item>
        <Item>10</Item>
        <Item>10</Item>
        <Item>10</Item>
        <Item>10</Item>
        <Item>10</Item>
        <Item>10</Item>
        <Item>10</Item>
        <Item>10</Item>
        <Item>10</Item>
        <Item>10</Item>
        <Item>10</Item>
        <Item>10</Item>
        <Item>10</Item>
        <Item>10</Item>
        <Item>10</Item>
        <Item>10</Item>
        <Item>10</Item>
        <Item>10</Item>
        <Item>10</Item>
        <Item>10</Item>
        <Item>10</Item>
        <Item>10</Item>
        <Item>10</Item>
        <Item>10</Item>
        <Item>10</Item>
        <Item>10</Item>
        <Item>10</Item>
        <Item>10</Item>
        <Item>10</Item>
        <Item>10</Item>
        <Item>10</Item>
        <Item>10</Item>
        <Item>10</Item>
        <Item>10</Item>
        <Item>10</Item>
        <Item>10</Item>
        <Item>10</Item>
        <Item>10</Item>
        <Item>10</Item>
        <Item>10</Item>
        <Item>10</Item>
        <Item>10</Item>
        <Item>10</Item>
        <Item>10</Item>
        <Item>10</Item>
        <Item>10</Item>
        <Item>10</Item>
        <Item>10</Item>
        <Item>10</Item>
        <Item>10</Item>
        <Item>10</Item>
        <Item>10</Item>
        <Item>10</Item>
        <Item>10</Item>
        <Item>10</Item>
        <Item>10</Item>
        <Item>10</Item>
        <Item>10</Item>
        <Item>10</Item>
        <Item>10</Item>
        <Item>10</Item>
        <Item>10</Item>
        <Item>10</Item>
        <Item>10</Item>
        <Item>10</Item>
        <Item>10</Item>
        <Item>10</Item>
        <Item>10</Item>
        <Item>10</Item>
        <Item>10</Item>
        <Item>10</Item>
        <Item>10</Item>
        <Item>10</Item>
        <Item>10</Item>
        <Item>10</Item>
        <Item>10</Item>
        <Item>10</Item>
        <Item>10</Item>
        <Item>10</Item>
        <Item>10</Item>
        <Item>10</Item>
        <Item>10</Item>
        <Item>10</Item>
        <Item>10</Item>
        <Item>10</Item>
        <Item>10</Item>
        <Item>10</Item>
        <Item>10</Item>
        <Item>10</Item>
        <Item>10</Item>
        <Item>10</Item>
        <Item>10</Item>
        <Item>10</Item>
        <Item>10</Item>
        <Item>10</Item>
        <Item>10</Item>
        <Item>10</Item>
        <Item>10</Item>
        <Item>10</Item>
        <Item>10</Item>
        <Item>10</Item>
        <Item>10</Item>
        <Item>10</Item>
        <Item>10</Item>
        <Item>10</Item>
        <Item>10</Item>
        <Item>10</Item>
        <Item>10</Item>
        <Item>10</Item>
        <Item>10</Item>
        <Item>10</Item>
        <Item>10</Item>
        <Item>10</Item>
        <Item>10</Item>
        <Item>10</Item>
        <Item>10</Item>
        <Item>10</Item>
        <Item>10</Item>
        <Item>10</Item>
        <Item>10</Item>
        <Item>10</Item>
        <Item>10</Item>
        <Item>10</Item>
        <Item>10</Item>
        <Item>10</Item>
        <Item>10</Item>
        <Item>10</Item>
        <Item>10</Item>
        <Item>10</Item>
        <Item>10</Item>
        <Item>10</Item>
        <Item>10</Item>
        <Item>10</Item>
        <Item>10</Item>
        <Item>10</Item>
        <Item>10</Item>
        <Item>10</Item>
        <Item>10</Item>
        <Item>10</Item>
        <Item>10</Item>
        <Item>10</Item>
        <Item>10</Item>
        <Item>10</Item>
        <Item>10</Item>
        <Item>10</Item>
        <Item>10</Item>
        <Item>10</Item>
        <Item>10</Item>
        <Item>10</Item>
        <Item>10</Item>
        <Item>10</Item>
        <Item>10</Item>
        <Item>10</Item>
        <Item>10</Item>
        <Item>10</Item>
        <Item>10</Item>
        <Item>10</Item>
        <Item>10</Item>
        <Item>10</Item>
        <Item>10</Item>
        <Item>10</Item>
        <Item>10</Item>
        <Item>10</Item>
        <Item>10</Item>
        <Item>10</Item>
        <Item>10</Item>
        <Item>10</Item>
        <Item>10</Item>
        <Item>10</Item>
        <Item>10</Item>
        <Item>10</Item>
        <Item>10</Item>
        <Item>10</Item>
        <Item>10</Item>
        <Item>10</Item>
        <Item>10</Item>
        <Item>10</Item>
        <Item>10</Item>
        <Item>10</Item>
        <Item>10</Item>
        <Item>10</Item>
        <Item>10</Item>
        <Item>10</Item>
        <Item>10</Item>
        <Item>10</Item>
        <Item>10</Item>
        <Item>10</Item>
        <Item>10</Item>
        <Item>10</Item>
        <Item>10</Item>
        <Item>10</Item>
        <Item>10</Item>
        <Item>10</Item>
        <Item>10</Item>
        <Item>10</Item>
        <Item>10</Item>
        <Item>10</Item>
        <Item>10</Item>
        <Item>10</Item>
        <Item>10</Item>
        <Item>10</Item>
        <Item>10</Item>
        <Item>10</Item>
        <Item>10</Item>
        <Item>10</Item>
        <Item>10</Item>
        <Item>10</Item>
        <Item>10</Item>
        <Item>10</Item>
        <Item>10</Item>
        <Item>10</Item>
        <Item>10</Item>
        <Item>10</Item>
        <Item>10</Item>
        <Item>10</Item>
        <Item>10</Item>
        <Item>10</Item>
        <Item>10</Item>
        <Item>10</Item>
        <Item>10</Item>
        <Item>10</Item>
        <Item>10</Item>
        <Item>10</Item>
        <Item>10</Item>
        <Item>10</Item>
        <Item>10</Item>
        <Item>10</Item>
        <Item>10</Item>
        <Item>10</Item>
        <Item>10</Item>
        <Item>10</Item>
        <Item>10</Item>
        <Item>10</Item>
        <Item>10</Item>
        <Item>10</Item>
        <Item>10</Item>
        <Item>10</Item>
        <Item>10</Item>
        <Item>10</Item>
        <Item>10</Item>
        <Item>10</Item>
        <Item>10</Item>
        <Item>10</Item>
        <Item>10</Item>
        <Item>10</Item>
        <Item>10</Item>
        <Item>10</Item>
        <Item>10</Item>
        <Item>10</Item>
        <Item>10</Item>
        <Item>10</Item>
        <Item>10</Item>
        <Item>10</Item>
        <Item>10</Item>
        <Item>10</Item>
        <Item>10</Item>
        <Item>10</Item>
        <Item>10</Item>
        <Item>10</Item>
        <Item>10</Item>
        <Item>10</Item>
        <Item>10</Item>
        <Item>10</Item>
        <Item>10</Item>
        <Item>10</Item>
        <Item>10</Item>
        <Item>10</Item>
        <Item>10</Item>
        <Item>10</Item>
        <Item>10</Item>
        <Item>10</Item>
        <Item>10</Item>
        <Item>10</Item>
        <Item>10</Item>
        <Item>10</Item>
        <Item>10</Item>
        <Item>10</Item>
        <Item>10</Item>
        <Item>10</Item>
        <Item>10</Item>
        <Item>10</Item>
        <Item>10</Item>
        <Item>10</Item>
        <Item>10</Item>
        <Item>10</Item>
        <Item>10</Item>
        <Item>10</Item>
        <Item>10</Item>
        <Item>10</Item>
        <Item>10</Item>
        <Item>10</Item>
        <Item>10</Item>
        <Item>10</Item>
        <Item>10</Item>
        <Item>10</Item>
        <Item>10</Item>
        <Item>10</Item>
        <Item>10</Item>
        <Item>10</Item>
        <Item>10</Item>
        <Item>10</Item>
        <Item>10</Item>
        <Item>10</Item>
        <Item>10</Item>
        <Item>10</Item>
        <Item>10</Item>
        <Item>10</Item>
        <Item>10</Item>
        <Item>10</Item>
        <Item>10</Item>
        <Item>10</Item>
        <Item>10</Item>
        <Item>10</Item>
        <Item>10</Item>
        <Item>10</Item>
        <Item>10</Item>
        <Item>10</Item>
        <Item>10</Item>
        <Item>10</Item>
        <Item>10</Item>
        <Item>10</Item>
        <Item>10</Item>
        <Item>10</Item>
        <Item>10</Item>
        <Item>10</Item>
        <Item>10</Item>
        <Item>10</Item>
        <Item>10</Item>
        <Item>10</Item>
        <Item>10</Item>
        <Item>10</Item>
        <Item>10</Item>
        <Item>10</Item>
        <Item>10</Item>
        <Item>10</Item>
        <Item>10</Item>
        <Item>10</Item>
        <Item>10</Item>
        <Item>10</Item>
        <Item>10</Item>
        <Item>10</Item>
        <Item>10</Item>
        <Item>10</Item>
        <Item>10</Item>
        <Item>10</Item>
        <Item>10</Item>
        <Item>10</Item>
        <Item>10</Item>
        <Item>10</Item>
        <Item>10</Item>
        <Item>10</Item>
        <Item>10</Item>
        <Item>10</Item>
        <Item>10</Item>
        <Item>10</Item>
        <Item>10</Item>
        <Item>10</Item>
        <Item>10</Item>
        <Item>10</Item>
        <Item>10</Item>
        <Item>10</Item>
        <Item>10</Item>
        <Item>10</Item>
        <Item>10</Item>
        <Item>10</Item>
        <Item>10</Item>
        <Item>10</Item>
        <Item>10</Item>
        <Item>10</Item>
        <Item>10</Item>
        <Item>10</Item>
        <Item>10</Item>
        <Item>10</Item>
        <Item>10</Item>
        <Item>10</Item>
        <Item>10</Item>
        <Item>10</Item>
        <Item>10</Item>
        <Item>10</Item>
        <Item>10</Item>
        <Item>10</Item>
        <Item>10</Item>
        <Item>10</Item>
        <Item>10</Item>
        <Item>10</Item>
        <Item>10</Item>
        <Item>10</Item>
        <Item>10</Item>
        <Item>10</Item>
        <Item>10</Item>
        <Item>10</Item>
        <Item>10</Item>
        <Item>10</Item>
        <Item>10</Item>
        <Item>10</Item>
        <Item>10</Item>
        <Item>10</Item>
        <Item>10</Item>
        <Item>10</Item>
        <Item>10</Item>
        <Item>10</Item>
        <Item>10</Item>
        <Item>10</Item>
        <Item>10</Item>
        <Item>10</Item>
        <Item>10</Item>
        <Item>10</Item>
        <Item>10</Item>
        <Item>10</Item>
        <Item>10</Item>
        <Item>10</Item>
        <Item>10</Item>
        <Item>10</Item>
        <Item>10</Item>
        <Item>10</Item>
        <Item>10</Item>
        <Item>10</Item>
        <Item>10</Item>
        <Item>10</Item>
        <Item>10</Item>
        <Item>10</Item>
        <Item>10</Item>
        <Item>10</Item>
        <Item>10</Item>
        <Item>10</Item>
        <Item>10</Item>
        <Item>10</Item>
        <Item>10</Item>
        <Item>10</Item>
        <Item>10</Item>
        <Item>10</Item>
        <Item>10</Item>
        <Item>10</Item>
        <Item>10</Item>
        <Item>10</Item>
        <Item>10</Item>
        <Item>10</Item>
        <Item>10</Item>
        <Item>10</Item>
        <Item>10</Item>
        <Item>10</Item>
        <Item>10</Item>
        <Item>10</Item>
        <Item>10</Item>
        <Item>10</Item>
        <Item>10</Item>
        <Item>10</Item>
        <Item>10</Item>
        <Item>10</Item>
        <Item>10</Item>
        <Item>10</Item>
        <Item>10</Item>
        <Item>10</Item>
        <Item>10</Item>
        <Item>10</Item>
        <Item>10</Item>
        <Item>10</Item>
        <Item>10</Item>
        <Item>10</Item>
        <Item>10</Item>
        <Item>10</Item>
        <Item>10</Item>
        <Item>10</Item>
        <Item>10</Item>
        <Item>10</Item>
        <Item>10</Item>
        <Item>10</Item>
        <Item>10</Item>
        <Item>10</Item>
        <Item>10</Item>
        <Item>10</Item>
        <Item>10</Item>
        <Item>10</Item>
        <Item>10</Item>
        <Item>10</Item>
        <Item>10</Item>
        <Item>10</Item>
        <Item>10</Item>
        <Item>10</Item>
        <Item>10</Item>
        <Item>10</Item>
        <Item>10</Item>
        <Item>10</Item>
        <Item>10</Item>
        <Item>10</Item>
        <Item>10</Item>
        <Item>10</Item>
        <Item>10</Item>
        <Item>10</Item>
        <Item>10</Item>
        <Item>10</Item>
        <Item>10</Item>
        <Item>10</Item>
        <Item>10</Item>
        <Item>10</Item>
        <Item>10</Item>
        <Item>10</Item>
        <Item>10</Item>
        <Item>10</Item>
        <Item>10</Item>
        <Item>10</Item>
        <Item>10</Item>
        <Item>10</Item>
        <Item>10</Item>
        <Item>10</Item>
        <Item>10</Item>
        <Item>10</Item>
        <Item>10</Item>
        <Item>10</Item>
        <Item>10</Item>
        <Item>10</Item>
        <Item>10</Item>
        <Item>10</Item>
        <Item>10</Item>
        <Item>10</Item>
        <Item>10</Item>
        <Item>10</Item>
        <Item>10</Item>
        <Item>10</Item>
        <Item>10</Item>
        <Item>10</Item>
        <Item>10</Item>
        <Item>10</Item>
        <Item>10</Item>
        <Item>10</Item>
        <Item>10</Item>
        <Item>10</Item>
        <Item>10</Item>
        <Item>10</Item>
        <Item>10</Item>
        <Item>10</Item>
        <Item>10</Item>
        <Item>10</Item>
        <Item>10</Item>
        <Item>10</Item>
        <Item>10</Item>
        <Item>10</Item>
        <Item>10</Item>
        <Item>10</Item>
        <Item>10</Item>
        <Item>10</Item>
        <Item>10</Item>
        <Item>10</Item>
        <Item>10</Item>
        <Item>10</Item>
        <Item>10</Item>
        <Item>10</Item>
        <Item>10</Item>
        <Item>10</Item>
        <Item>10</Item>
        <Item>10</Item>
        <Item>10</Item>
        <Item>10</Item>
        <Item>10</Item>
        <Item>10</Item>
        <Item>10</Item>
        <Item>10</Item>
        <Item>10</Item>
        <Item>10</Item>
        <Item>10</Item>
        <Item>10</Item>
        <Item>10</Item>
        <Item>10</Item>
        <Item>10</Item>
        <Item>10</Item>
        <Item>10</Item>
        <Item>10</Item>
        <Item>10</Item>
        <Item>10</Item>
        <Item>10</Item>
        <Item>10</Item>
        <Item>10</Item>
        <Item>10</Item>
        <Item>10</Item>
        <Item>10</Item>
        <Item>10</Item>
        <Item>10</Item>
        <Item>10</Item>
        <Item>10</Item>
        <Item>10</Item>
        <Item>10</Item>
        <Item>10</Item>
        <Item>10</Item>
        <Item>10</Item>
        <Item>10</Item>
        <Item>10</Item>
        <Item>10</Item>
        <Item>10</Item>
        <Item>10</Item>
        <Item>10</Item>
        <Item>10</Item>
        <Item>10</Item>
        <Item>10</Item>
        <Item>10</Item>
        <Item>10</Item>
        <Item>10</Item>
        <Item>10</Item>
        <Item>10</Item>
        <Item>10</Item>
        <Item>10</Item>
        <Item>10</Item>
        <Item>10</Item>
        <Item>10</Item>
        <Item>10</Item>
        <Item>10</Item>
        <Item>10</Item>
        <Item>10</Item>
        <Item>10</Item>
        <Item>10</Item>
        <Item>10</Item>
        <Item>10</Item>
        <Item>10</Item>
        <Item>10</Item>
        <Item>10</Item>
        <Item>10</Item>
        <Item>10</Item>
        <Item>10</Item>
        <Item>10</Item>
        <Item>10</Item>
        <Item>10</Item>
        <Item>10</Item>
        <Item>10</Item>
        <Item>10</Item>
        <Item>10</Item>
        <Item>10</Item>
        <Item>10</Item>
        <Item>10</Item>
        <Item>10</Item>
        <Item>10</Item>
        <Item>10</Item>
        <Item>10</Item>
        <Item>10</Item>
        <Item>10</Item>
        <Item>10</Item>
        <Item>10</Item>
        <Item>10</Item>
        <Item>10</Item>
        <Item>10</Item>
        <Item>10</Item>
        <Item>10</Item>
        <Item>10</Item>
        <Item>10</Item>
        <Item>10</Item>
        <Item>10</Item>
        <Item>10</Item>
        <Item>10</Item>
        <Item>10</Item>
        <Item>10</Item>
        <Item>10</Item>
        <Item>10</Item>
        <Item>10</Item>
        <Item>10</Item>
        <Item>10</Item>
        <Item>10</Item>
        <Item>10</Item>
        <Item>10</Item>
        <Item>10</Item>
        <Item>10</Item>
        <Item>10</Item>
        <Item>10</Item>
        <Item>10</Item>
        <Item>10</Item>
        <Item>10</Item>
        <Item>10</Item>
        <Item>10</Item>
        <Item>10</Item>
        <Item>10</Item>
        <Item>10</Item>
        <Item>10</Item>
        <Item>10</Item>
        <Item>10</Item>
        <Item>10</Item>
        <Item>10</Item>
        <Item>10</Item>
        <Item>10</Item>
        <Item>10</Item>
        <Item>10</Item>
        <Item>10</Item>
        <Item>10</Item>
        <Item>10</Item>
        <Item>10</Item>
        <Item>10</Item>
        <Item>10</Item>
        <Item>10</Item>
        <Item>10</Item>
        <Item>10</Item>
        <Item>10</Item>
        <Item>10</Item>
        <Item>10</Item>
        <Item>10</Item>
        <Item>10</Item>
        <Item>10</Item>
        <Item>10</Item>
        <Item>10</Item>
        <Item>10</Item>
        <Item>10</Item>
        <Item>10</Item>
        <Item>10</Item>
        <Item>10</Item>
        <Item>10</Item>
        <Item>10</Item>
        <Item>10</Item>
        <Item>10</Item>
        <Item>10</Item>
        <Item>10</Item>
        <Item>10</Item>
        <Item>10</Item>
        <Item>10</Item>
        <Item>10</Item>
        <Item>10</Item>
        <Item>10</Item>
        <Item>10</Item>
        <Item>10</Item>
        <Item>10</Item>
        <Item>10</Item>
        <Item>10</Item>
        <Item>10</Item>
        <Item>10</Item>
        <Item>10</Item>
        <Item>10</Item>
        <Item>10</Item>
        <Item>10</Item>
        <Item>10</Item>
        <Item>10</Item>
        <Item>10</Item>
        <Item>10</Item>
        <Item>10</Item>
        <Item>10</Item>
        <Item>10</Item>
        <Item>10</Item>
        <Item>10</Item>
        <Item>10</Item>
        <Item>10</Item>
        <Item>10</Item>
        <Item>10</Item>
        <Item>10</Item>
        <Item>10</Item>
        <Item>10</Item>
        <Item>10</Item>
        <Item>10</Item>
        <Item>10</Item>
        <Item>10</Item>
        <Item>10</Item>
        <Item>10</Item>
        <Item>10</Item>
        <Item>10</Item>
        <Item>10</Item>
        <Item>10</Item>
        <Item>10</Item>
        <Item>10</Item>
        <Item>10</Item>
        <Item>10</Item>
        <Item>10</Item>
        <Item>10</Item>
        <Item>10</Item>
        <Item>10</Item>
        <Item>10</Item>
        <Item>10</Item>
        <Item>10</Item>
        <Item>10</Item>
        <Item>10</Item>
        <Item>10</Item>
        <Item>10</Item>
        <Item>10</Item>
        <Item>10</Item>
        <Item>10</Item>
        <Item>10</Item>
        <Item>10</Item>
        <Item>10</Item>
        <Item>10</Item>
        <Item>10</Item>
        <Item>10</Item>
        <Item>10</Item>
        <Item>10</Item>
        <Item>10</Item>
        <Item>10</Item>
        <Item>10</Item>
        <Item>10</Item>
        <Item>10</Item>
        <Item>10</Item>
        <Item>10</Item>
        <Item>10</Item>
        <Item>10</Item>
        <Item>10</Item>
        <Item>10</Item>
        <Item>10</Item>
        <Item>10</Item>
        <Item>10</Item>
        <Item>10</Item>
        <Item>10</Item>
        <Item>10</Item>
        <Item>10</Item>
        <Item>10</Item>
        <Item>10</Item>
        <Item>10</Item>
        <Item>10</Item>
        <Item>10</Item>
        <Item>10</Item>
        <Item>10</Item>
        <Item>10</Item>
        <Item>10</Item>
        <Item>10</Item>
        <Item>10</Item>
        <Item>10</Item>
        <Item>10</Item>
        <Item>10</Item>
        <Item>10</Item>
        <Item>10</Item>
        <Item>10</Item>
        <Item>10</Item>
        <Item>10</Item>
        <Item>10</Item>
        <Item>10</Item>
        <Item>10</Item>
        <Item>10</Item>
        <Item>10</Item>
        <Item>10</Item>
        <Item>10</Item>
        <Item>10</Item>
        <Item>10</Item>
        <Item>10</Item>
        <Item>10</Item>
        <Item>10</Item>
        <Item>10</Item>
        <Item>10</Item>
        <Item>10</Item>
        <Item>10</Item>
        <Item>10</Item>
        <Item>10</Item>
        <Item>10</Item>
        <Item>10</Item>
        <Item>10</Item>
        <Item>10</Item>
        <Item>10</Item>
        <Item>10</Item>
        <Item>10</Item>
        <Item>10</Item>
        <Item>10</Item>
        <Item>10</Item>
        <Item>10</Item>
        <Item>10</Item>
        <Item>10</Item>
        <Item>10</Item>
        <Item>10</Item>
        <Item>10</Item>
        <Item>10</Item>
        <Item>10</Item>
        <Item>10</Item>
        <Item>10</Item>
        <Item>10</Item>
        <Item>10</Item>
        <Item>10</Item>
        <Item>10</Item>
        <Item>10</Item>
        <Item>10</Item>
        <Item>10</Item>
        <Item>10</Item>
        <Item>10</Item>
        <Item>10</Item>
        <Item>10</Item>
        <Item>10</Item>
        <Item>10</Item>
        <Item>10</Item>
        <Item>10</Item>
        <Item>10</Item>
        <Item>10</Item>
        <Item>10</Item>
        <Item>10</Item>
        <Item>10</Item>
        <Item>10</Item>
        <Item>10</Item>
        <Item>10</Item>
        <Item>10</Item>
        <Item>10</Item>
        <Item>10</Item>
        <Item>10</Item>
        <Item>10</Item>
        <Item>10</Item>
        <Item>10</Item>
        <Item>10</Item>
        <Item>10</Item>
        <Item>10</Item>
        <Item>10</Item>
        <Item>10</Item>
        <Item>10</Item>
        <Item>10</Item>
        <Item>10</Item>
        <Item>10</Item>
        <Item>10</Item>
        <Item>10</Item>
        <Item>10</Item>
        <Item>10</Item>
        <Item>10</Item>
        <Item>10</Item>
        <Item>10</Item>
        <Item>10</Item>
        <Item>10</Item>
        <Item>10</Item>
        <Item>10</Item>
        <Item>10</Item>
        <Item>10</Item>
        <Item>10</Item>
        <Item>10</Item>
        <Item>10</Item>
        <Item>10</Item>
        <Item>10</Item>
        <Item>10</Item>
        <Item>10</Item>
        <Item>10</Item>
        <Item>10</Item>
        <Item>10</Item>
        <Item>10</Item>
        <Item>10</Item>
        <Item>10</Item>
        <Item>10</Item>
        <Item>10</Item>
        <Item>10</Item>
        <Item>10</Item>
        <Item>10</Item>
        <Item>10</Item>
        <Item>10</Item>
        <Item>10</Item>
        <Item>10</Item>
        <Item>10</Item>
        <Item>10</Item>
        <Item>10</Item>
        <Item>10</Item>
        <Item>10</Item>
        <Item>10</Item>
        <Item>10</Item>
        <Item>10</Item>
        <Item>10</Item>
        <Item>10</Item>
        <Item>10</Item>
        <Item>10</Item>
        <Item>10</Item>
        <Item>10</Item>
        <Item>10</Item>
        <Item>10</Item>
        <Item>10</Item>
        <Item>10</Item>
        <Item>10</Item>
        <Item>10</Item>
        <Item>10</Item>
        <Item>10</Item>
        <Item>10</Item>
        <Item>10</Item>
        <Item>10</Item>
        <Item>10</Item>
        <Item>10</Item>
        <Item>10</Item>
        <Item>10</Item>
        <Item>10</Item>
        <Item>10</Item>
        <Item>10</Item>
        <Item>10</Item>
        <Item>10</Item>
        <Item>10</Item>
        <Item>10</Item>
        <Item>10</Item>
        <Item>10</Item>
        <Item>10</Item>
        <Item>10</Item>
        <Item>10</Item>
        <Item>10</Item>
        <Item>10</Item>
        <Item>10</Item>
        <Item>10</Item>
        <Item>10</Item>
        <Item>10</Item>
        <Item>10</Item>
        <Item>10</Item>
        <Item>10</Item>
        <Item>10</Item>
        <Item>10</Item>
        <Item>10</Item>
        <Item>10</Item>
        <Item>10</Item>
        <Item>10</Item>
        <Item>10</Item>
        <Item>10</Item>
        <Item>10</Item>
        <Item>10</Item>
        <Item>10</Item>
        <Item>10</Item>
        <Item>10</Item>
        <Item>10</Item>
        <Item>10</Item>
        <Item>10</Item>
        <Item>10</Item>
        <Item>10</Item>
        <Item>10</Item>
        <Item>10</Item>
        <Item>10</Item>
        <Item>10</Item>
        <Item>10</Item>
        <Item>10</Item>
        <Item>10</Item>
        <Item>10</Item>
        <Item>10</Item>
        <Item>10</Item>
        <Item>10</Item>
        <Item>10</Item>
        <Item>10</Item>
        <Item>10</Item>
        <Item>10</Item>
        <Item>10</Item>
        <Item>10</Item>
        <Item>10</Item>
        <Item>10</Item>
        <Item>10</Item>
        <Item>10</Item>
        <Item>10</Item>
        <Item>10</Item>
        <Item>10</Item>
        <Item>10</Item>
        <Item>10</Item>
        <Item>10</Item>
        <Item>10</Item>
        <Item>10</Item>
        <Item>10</Item>
        <Item>10</Item>
        <Item>10</Item>
        <Item>10</Item>
        <Item>10</Item>
        <Item>10</Item>
        <Item>10</Item>
        <Item>10</Item>
        <Item>10</Item>
        <Item>10</Item>
        <Item>10</Item>
        <Item>10</Item>
        <Item>10</Item>
        <Item>10</Item>
        <Item>10</Item>
        <Item>10</Item>
        <Item>10</Item>
        <Item>10</Item>
        <Item>10</Item>
        <Item>10</Item>
        <Item>10</Item>
        <Item>10</Item>
        <Item>10</Item>
        <Item>10</Item>
        <Item>10</Item>
        <Item>10</Item>
        <Item>10</Item>
        <Item>10</Item>
        <Item>10</Item>
        <Item>10</Item>
        <Item>10</Item>
        <Item>10</Item>
        <Item>10</Item>
        <Item>10</Item>
        <Item>10</Item>
        <Item>10</Item>
        <Item>10</Item>
        <Item>10</Item>
        <Item>10</Item>
        <Item>10</Item>
        <Item>10</Item>
        <Item>10</Item>
        <Item>10</Item>
        <Item>10</Item>
        <Item>10</Item>
        <Item>10</Item>
        <Item>10</Item>
        <Item>10</Item>
        <Item>10</Item>
        <Item>10</Item>
        <Item>10</Item>
        <Item>10</Item>
        <Item>10</Item>
        <Item>10</Item>
        <Item>10</Item>
        <Item>10</Item>
        <Item>10</Item>
        <Item>10</Item>
        <Item>10</Item>
        <Item>10</Item>
        <Item>10</Item>
        <Item>10</Item>
        <Item>10</Item>
        <Item>10</Item>
        <Item>10</Item>
        <Item>10</Item>
        <Item>10</Item>
        <Item>10</Item>
        <Item>10</Item>
        <Item>10</Item>
        <Item>10</Item>
        <Item>10</Item>
        <Item>10</Item>
        <Item>10</Item>
        <Item>10</Item>
        <Item>10</Item>
        <Item>10</Item>
        <Item>10</Item>
        <Item>10</Item>
        <Item>10</Item>
        <Item>10</Item>
        <Item>10</Item>
        <Item>10</Item>
        <Item>10</Item>
        <Item>10</Item>
        <Item>10</Item>
        <Item>10</Item>
        <Item>10</Item>
        <Item>10</Item>
        <Item>10</Item>
        <Item>10</Item>
        <Item>10</Item>
        <Item>10</Item>
        <Item>10</Item>
        <Item>10</Item>
        <Item>10</Item>
        <Item>10</Item>
        <Item>10</Item>
        <Item>10</Item>
        <Item>10</Item>
        <Item>10</Item>
        <Item>10</Item>
        <Item>10</Item>
        <Item>10</Item>
        <Item>10</Item>
        <Item>10</Item>
        <Item>10</Item>
        <Item>10</Item>
        <Item>10</Item>
        <Item>10</Item>
        <Item>10</Item>
        <Item>10</Item>
        <Item>10</Item>
        <Item>10</Item>
        <Item>10</Item>
        <Item>10</Item>
        <Item>10</Item>
        <Item>10</Item>
        <Item>10</Item>
        <Item>10</Item>
        <Item>10</Item>
        <Item>10</Item>
        <Item>10</Item>
        <Item>10</Item>
        <Item>10</Item>
        <Item>10</Item>
        <Item>10</Item>
        <Item>10</Item>
        <Item>10</Item>
        <Item>10</Item>
        <Item>10</Item>
        <Item>10</Item>
        <Item>10</Item>
        <Item>10</Item>
        <Item>10</Item>
        <Item>10</Item>
        <Item>10</Item>
        <Item>10</Item>
        <Item>10</Item>
        <Item>10</Item>
        <Item>10</Item>
        <Item>10</Item>
        <Item>10</Item>
        <Item>10</Item>
        <Item>10</Item>
        <Item>10</Item>
        <Item>10</Item>
        <Item>10</Item>
        <Item>10</Item>
        <Item>10</Item>
        <Item>10</Item>
        <Item>10</Item>
        <Item>10</Item>
        <Item>10</Item>
        <Item>10</Item>
        <Item>10</Item>
        <Item>10</Item>
        <Item>10</Item>
        <Item>10</Item>
        <Item>10</Item>
        <Item>10</Item>
        <Item>10</Item>
        <Item>10</Item>
        <Item>10</Item>
        <Item>10</Item>
        <Item>10</Item>
        <Item>10</Item>
        <Item>10</Item>
        <Item>10</Item>
        <Item>10</Item>
        <Item>10</Item>
        <Item>10</Item>
        <Item>10</Item>
        <Item>10</Item>
        <Item>10</Item>
        <Item>10</Item>
        <Item>10</Item>
        <Item>10</Item>
        <Item>10</Item>
        <Item>10</Item>
        <Item>10</Item>
        <Item>10</Item>
        <Item>10</Item>
        <Item>10</Item>
        <Item>10</Item>
        <Item>10</Item>
        <Item>10</Item>
        <Item>10</Item>
        <Item>10</Item>
        <Item>10</Item>
        <Item>10</Item>
        <Item>10</Item>
        <Item>10</Item>
        <Item>10</Item>
        <Item>10</Item>
        <Item>10</Item>
        <Item>10</Item>
        <Item>10</Item>
        <Item>10</Item>
        <Item>10</Item>
        <Item>10</Item>
        <Item>10</Item>
        <Item>10</Item>
        <Item>10</Item>
        <Item>10</Item>
        <Item>10</Item>
        <Item>10</Item>
        <Item>10</Item>
        <Item>10</Item>
        <Item>10</Item>
        <Item>10</Item>
        <Item>10</Item>
        <Item>10</Item>
        <Item>10</Item>
        <Item>10</Item>
        <Item>10</Item>
        <Item>10</Item>
        <Item>10</Item>
        <Item>10</Item>
        <Item>10</Item>
        <Item>10</Item>
        <Item>10</Item>
        <Item>10</Item>
        <Item>10</Item>
        <Item>10</Item>
        <Item>10</Item>
        <Item>10</Item>
        <Item>10</Item>
        <Item>10</Item>
        <Item>10</Item>
        <Item>10</Item>
        <Item>10</Item>
        <Item>10</Item>
        <Item>10</Item>
        <Item>10</Item>
        <Item>10</Item>
        <Item>10</Item>
        <Item>10</Item>
        <Item>10</Item>
        <Item>10</Item>
        <Item>10</Item>
        <Item>10</Item>
        <Item>10</Item>
        <Item>10</Item>
        <Item>10</Item>
        <Item>10</Item>
        <Item>10</Item>
        <Item>10</Item>
        <Item>10</Item>
        <Item>10</Item>
        <Item>10</Item>
        <Item>10</Item>
        <Item>10</Item>
        <Item>10</Item>
        <Item>10</Item>
        <Item>10</Item>
        <Item>10</Item>
        <Item>10</Item>
        <Item>10</Item>
        <Item>10</Item>
        <Item>10</Item>
        <Item>10</Item>
        <Item>10</Item>
        <Item>10</Item>
        <Item>10</Item>
        <Item>10</Item>
        <Item>10</Item>
        <Item>10</Item>
        <Item>10</Item>
        <Item>10</Item>
        <Item>10</Item>
        <Item>10</Item>
        <Item>10</Item>
        <Item>10</Item>
        <Item>10</Item>
        <Item>10</Item>
        <Item>10</Item>
        <Item>10</Item>
        <Item>10</Item>
        <Item>10</Item>
        <Item>10</Item>
        <Item>10</Item>
        <Item>10</Item>
        <Item>10</Item>
        <Item>10</Item>
        <Item>10</Item>
        <Item>10</Item>
        <Item>10</Item>
        <Item>10</Item>
        <Item>10</Item>
        <Item>10</Item>
        <Item>10</Item>
        <Item>10</Item>
        <Item>10</Item>
        <Item>10</Item>
        <Item>10</Item>
        <Item>10</Item>
        <Item>10</Item>
        <Item>10</Item>
        <Item>10</Item>
        <Item>10</Item>
        <Item>10</Item>
        <Item>10</Item>
        <Item>10</Item>
        <Item>10</Item>
        <Item>10</Item>
        <Item>10</Item>
        <Item>10</Item>
        <Item>10</Item>
        <Item>10</Item>
        <Item>10</Item>
        <Item>10</Item>
        <Item>10</Item>
        <Item>10</Item>
        <Item>10</Item>
        <Item>10</Item>
        <Item>10</Item>
        <Item>10</Item>
        <Item>10</Item>
        <Item>10</Item>
        <Item>10</Item>
        <Item>10</Item>
        <Item>10</Item>
        <Item>10</Item>
        <Item>10</Item>
        <Item>10</Item>
        <Item>10</Item>
        <Item>10</Item>
        <Item>10</Item>
        <Item>10</Item>
        <Item>10</Item>
        <Item>10</Item>
        <Item>10</Item>
        <Item>10</Item>
        <Item>10</Item>
        <Item>10</Item>
        <Item>10</Item>
        <Item>10</Item>
        <Item>10</Item>
        <Item>10</Item>
        <Item>10</Item>
        <Item>10</Item>
        <Item>10</Item>
        <Item>10</Item>
        <Item>10</Item>
        <Item>10</Item>
        <Item>10</Item>
        <Item>10</Item>
        <Item>10</Item>
        <Item>10</Item>
        <Item>10</Item>
        <Item>10</Item>
        <Item>10</Item>
        <Item>10</Item>
        <Item>10</Item>
        <Item>10</Item>
        <Item>10</Item>
        <Item>10</Item>
        <Item>10</Item>
        <Item>10</Item>
        <Item>10</Item>
        <Item>10</Item>
        <Item>10</Item>
        <Item>10</Item>
        <Item>10</Item>
        <Item>10</Item>
        <Item>10</Item>
        <Item>10</Item>
        <Item>10</Item>
        <Item>10</Item>
        <Item>10</Item>
        <Item>10</Item>
        <Item>10</Item>
        <Item>10</Item>
        <Item>10</Item>
        <Item>10</Item>
        <Item>10</Item>
        <Item>10</Item>
        <Item>10</Item>
        <Item>10</Item>
        <Item>10</Item>
        <Item>10</Item>
        <Item>10</Item>
        <Item>10</Item>
        <Item>10</Item>
        <Item>10</Item>
        <Item>10</Item>
        <Item>10</Item>
        <Item>10</Item>
        <Item>10</Item>
        <Item>10</Item>
        <Item>10</Item>
        <Item>10</Item>
        <Item>10</Item>
        <Item>10</Item>
        <Item>10</Item>
        <Item>10</Item>
        <Item>10</Item>
        <Item>10</Item>
        <Item>10</Item>
        <Item>10</Item>
        <Item>10</Item>
        <Item>10</Item>
        <Item>10</Item>
        <Item>10</Item>
        <Item>10</Item>
        <Item>10</Item>
        <Item>10</Item>
        <Item>10</Item>
        <Item>10</Item>
        <Item>10</Item>
        <Item>10</Item>
        <Item>10</Item>
        <Item>10</Item>
        <Item>10</Item>
        <Item>10</Item>
        <Item>10</Item>
        <Item>10</Item>
        <Item>10</Item>
        <Item>10</Item>
        <Item>10</Item>
        <Item>10</Item>
        <Item>10</Item>
        <Item>10</Item>
        <Item>10</Item>
        <Item>10</Item>
        <Item>10</Item>
        <Item>10</Item>
        <Item>10</Item>
        <Item>10</Item>
        <Item>10</Item>
        <Item>10</Item>
        <Item>10</Item>
        <Item>10</Item>
        <Item>10</Item>
        <Item>10</Item>
        <Item>10</Item>
        <Item>10</Item>
        <Item>10</Item>
        <Item>10</Item>
        <Item>10</Item>
        <Item>10</Item>
        <Item>10</Item>
        <Item>10</Item>
        <Item>10</Item>
        <Item>10</Item>
        <Item>10</Item>
        <Item>10</Item>
        <Item>10</Item>
        <Item>10</Item>
        <Item>10</Item>
        <Item>10</Item>
        <Item>10</Item>
        <Item>10</Item>
        <Item>10</Item>
        <Item>10</Item>
        <Item>10</Item>
        <Item>10</Item>
        <Item>10</Item>
        <Item>10</Item>
        <Item>10</Item>
        <Item>10</Item>
        <Item>10</Item>
        <Item>10</Item>
        <Item>10</Item>
        <Item>10</Item>
        <Item>10</Item>
        <Item>10</Item>
        <Item>10</Item>
        <Item>10</Item>
        <Item>10</Item>
        <Item>10</Item>
        <Item>10</Item>
        <Item>10</Item>
        <Item>10</Item>
        <Item>10</Item>
        <Item>10</Item>
        <Item>10</Item>
        <Item>10</Item>
        <Item>10</Item>
        <Item>10</Item>
        <Item>10</Item>
        <Item>10</Item>
        <Item>10</Item>
        <Item>10</Item>
        <Item>10</Item>
        <Item>10</Item>
        <Item>10</Item>
        <Item>10</Item>
        <Item>10</Item>
        <Item>10</Item>
        <Item>10</Item>
        <Item>10</Item>
        <Item>10</Item>
        <Item>10</Item>
        <Item>10</Item>
        <Item>10</Item>
        <Item>10</Item>
        <Item>10</Item>
        <Item>10</Item>
        <Item>10</Item>
        <Item>10</Item>
        <Item>10</Item>
        <Item>10</Item>
        <Item>10</Item>
        <Item>10</Item>
        <Item>10</Item>
        <Item>10</Item>
        <Item>10</Item>
        <Item>10</Item>
        <Item>10</Item>
        <Item>10</Item>
        <Item>10</Item>
        <Item>10</Item>
        <Item>10</Item>
        <Item>10</Item>
        <Item>10</Item>
        <Item>10</Item>
        <Item>10</Item>
        <Item>10</Item>
        <Item>10</Item>
        <Item>10</Item>
        <Item>10</Item>
        <Item>10</Item>
        <Item>10</Item>
        <Item>10</Item>
        <Item>10</Item>
        <Item>10</Item>
        <Item>10</Item>
        <Item>10</Item>
        <Item>10</Item>
        <Item>10</Item>
        <Item>10</Item>
        <Item>10</Item>
        <Item>10</Item>
        <Item>10</Item>
        <Item>10</Item>
        <Item>10</Item>
        <Item>10</Item>
        <Item>10</Item>
        <Item>10</Item>
        <Item>10</Item>
        <Item>10</Item>
        <Item>10</Item>
        <Item>10</Item>
        <Item>10</Item>
        <Item>10</Item>
        <Item>10</Item>
        <Item>10</Item>
        <Item>10</Item>
        <Item>10</Item>
        <Item>10</Item>
        <Item>10</Item>
        <Item>10</Item>
        <Item>10</Item>
        <Item>10</Item>
        <Item>10</Item>
        <Item>10</Item>
        <Item>10</Item>
        <Item>10</Item>
        <Item>10</Item>
        <Item>10</Item>
        <Item>10</Item>
        <Item>10</Item>
        <Item>10</Item>
        <Item>10</Item>
        <Item>10</Item>
        <Item>10</Item>
        <Item>10</Item>
        <Item>10</Item>
        <Item>10</Item>
        <Item>10</Item>
        <Item>10</Item>
        <Item>10</Item>
        <Item>10</Item>
        <Item>10</Item>
        <Item>10</Item>
        <Item>10</Item>
        <Item>10</Item>
        <Item>10</Item>
        <Item>10</Item>
        <Item>10</Item>
        <Item>10</Item>
        <Item>10</Item>
        <Item>10</Item>
        <Item>10</Item>
        <Item>10</Item>
        <Item>10</Item>
        <Item>10</Item>
        <Item>10</Item>
        <Item>10</Item>
        <Item>10</Item>
        <Item>10</Item>
        <Item>10</Item>
        <Item>10</Item>
        <Item>10</Item>
        <Item>10</Item>
        <Item>10</Item>
        <Item>10</Item>
        <Item>10</Item>
        <Item>10</Item>
        <Item>10</Item>
        <Item>10</Item>
        <Item>10</Item>
        <Item>10</Item>
        <Item>10</Item>
        <Item>10</Item>
        <Item>10</Item>
        <Item>10</Item>
        <Item>10</Item>
        <Item>10</Item>
        <Item>10</Item>
        <Item>10</Item>
        <Item>10</Item>
        <Item>10</Item>
        <Item>10</Item>
        <Item>10</Item>
        <Item>10</Item>
        <Item>10</Item>
        <Item>10</Item>
        <Item>10</Item>
        <Item>10</Item>
        <Item>10</Item>
        <Item>10</Item>
        <Item>10</Item>
        <Item>10</Item>
        <Item>10</Item>
        <Item>10</Item>
        <Item>10</Item>
        <Item>10</Item>
        <Item>10</Item>
        <Item>10</Item>
        <Item>10</Item>
        <Item>10</Item>
        <Item>10</Item>
        <Item>10</Item>
        <Item>10</Item>
        <Item>10</Item>
        <Item>10</Item>
        <Item>10</Item>
        <Item>10</Item>
        <Item>10</Item>
        <Item>10</Item>
        <Item>10</Item>
        <Item>10</Item>
        <Item>10</Item>
        <Item>10</Item>
        <Item>10</Item>
        <Item>10</Item>
        <Item>10</Item>
        <Item>10</Item>
        <Item>10</Item>
        <Item>10</Item>
        <Item>10</Item>
        <Item>10</Item>
        <Item>10</Item>
        <Item>10</Item>
        <Item>10</Item>
        <Item>10</Item>
        <Item>10</Item>
        <Item>10</Item>
        <Item>10</Item>
        <Item>10</Item>
        <Item>10</Item>
        <Item>10</Item>
        <Item>10</Item>
        <Item>10</Item>
        <Item>10</Item>
        <Item>10</Item>
        <Item>10</Item>
        <Item>10</Item>
        <Item>10</Item>
        <Item>10</Item>
        <Item>10</Item>
        <Item>10</Item>
        <Item>10</Item>
        <Item>10</Item>
        <Item>10</Item>
        <Item>10</Item>
        <Item>10</Item>
        <Item>10</Item>
        <Item>10</Item>
        <Item>10</Item>
        <Item>10</Item>
        <Item>10</Item>
        <Item>10</Item>
        <Item>10</Item>
        <Item>10</Item>
        <Item>10</Item>
        <Item>10</Item>
        <Item>10</Item>
        <Item>10</Item>
        <Item>10</Item>
        <Item>10</Item>
        <Item>10</Item>
        <Item>10</Item>
        <Item>10</Item>
        <Item>10</Item>
        <Item>10</Item>
        <Item>10</Item>
        <Item>10</Item>
        <Item>10</Item>
        <Item>10</Item>
        <Item>10</Item>
        <Item>10</Item>
        <Item>10</Item>
        <Item>10</Item>
        <Item>10</Item>
        <Item>10</Item>
        <Item>10</Item>
        <Item>10</Item>
        <Item>10</Item>
        <Item>10</Item>
        <Item>10</Item>
        <Item>10</Item>
        <Item>10</Item>
        <Item>10</Item>
        <Item>10</Item>
        <Item>10</Item>
        <Item>10</Item>
        <Item>10</Item>
        <Item>10</Item>
        <Item>10</Item>
        <Item>10</Item>
        <Item>10</Item>
        <Item>10</Item>
        <Item>10</Item>
        <Item>10</Item>
        <Item>10</Item>
        <Item>10</Item>
        <Item>10</Item>
        <Item>10</Item>
        <Item>10</Item>
        <Item>10</Item>
        <Item>10</Item>
        <Item>10</Item>
        <Item>10</Item>
        <Item>10</Item>
        <Item>10</Item>
        <Item>10</Item>
        <Item>10</Item>
        <Item>10</Item>
        <Item>10</Item>
        <Item>10</Item>
        <Item>10</Item>
        <Item>10</Item>
        <Item>10</Item>
        <Item>10</Item>
        <Item>10</Item>
        <Item>10</Item>
        <Item>10</Item>
        <Item>10</Item>
        <Item>10</Item>
        <Item>10</Item>
        <Item>10</Item>
        <Item>10</Item>
        <Item>10</Item>
        <Item>10</Item>
        <Item>10</Item>
        <Item>10</Item>
        <Item>10</Item>
        <Item>10</Item>
        <Item>10</Item>
        <Item>10</Item>
        <Item>10</Item>
        <Item>10</Item>
        <Item>10</Item>
        <Item>10</Item>
        <Item>10</Item>
        <Item>10</Item>
        <Item>10</Item>
        <Item>10</Item>
        <Item>10</Item>
        <Item>10</Item>
        <Item>10</Item>
        <Item>10</Item>
        <Item>10</Item>
        <Item>10</Item>
        <Item>10</Item>
        <Item>10</Item>
        <Item>10</Item>
        <Item>10</Item>
        <Item>10</Item>
        <Item>10</Item>
        <Item>10</Item>
        <Item>10</Item>
        <Item>10</Item>
        <Item>10</Item>
        <Item>10</Item>
        <Item>10</Item>
        <Item>10</Item>
        <Item>10</Item>
        <Item>10</Item>
        <Item>10</Item>
        <Item>10</Item>
        <Item>10</Item>
        <Item>10</Item>
        <Item>10</Item>
        <Item>10</Item>
        <Item>10</Item>
        <Item>10</Item>
        <Item>10</Item>
        <Item>10</Item>
        <Item>10</Item>
        <Item>10</Item>
        <Item>10</Item>
        <Item>10</Item>
        <Item>10</Item>
        <Item>10</Item>
        <Item>10</Item>
        <Item>10</Item>
        <Item>10</Item>
        <Item>10</Item>
        <Item>10</Item>
        <Item>10</Item>
        <Item>10</Item>
        <Item>10</Item>
        <Item>10</Item>
        <Item>10</Item>
        <Item>10</Item>
        <Item>10</Item>
        <Item>10</Item>
        <Item>10</Item>
        <Item>10</Item>
        <Item>10</Item>
        <Item>10</Item>
        <Item>10</Item>
        <Item>10</Item>
        <Item>10</Item>
        <Item>10</Item>
        <Item>10</Item>
        <Item>10</Item>
        <Item>10</Item>
        <Item>10</Item>
        <Item>10</Item>
        <Item>10</Item>
        <Item>10</Item>
        <Item>10</Item>
        <Item>10</Item>
        <Item>10</Item>
        <Item>10</Item>
        <Item>10</Item>
        <Item>10</Item>
        <Item>10</Item>
        <Item>10</Item>
        <Item>10</Item>
        <Item>10</Item>
        <Item>10</Item>
        <Item>10</Item>
        <Item>10</Item>
        <Item>10</Item>
        <Item>10</Item>
        <Item>10</Item>
        <Item>10</Item>
        <Item>10</Item>
        <Item>10</Item>
        <Item>10</Item>
        <Item>10</Item>
        <Item>10</Item>
        <Item>10</Item>
        <Item>10</Item>
        <Item>10</Item>
        <Item>10</Item>
        <Item>10</Item>
        <Item>10</Item>
        <Item>10</Item>
        <Item>10</Item>
        <Item>10</Item>
        <Item>10</Item>
        <Item>10</Item>
        <Item>10</Item>
        <Item>10</Item>
        <Item>10</Item>
        <Item>10</Item>
        <Item>10</Item>
        <Item>10</Item>
        <Item>10</Item>
        <Item>10</Item>
        <Item>10</Item>
        <Item>10</Item>
        <Item>10</Item>
        <Item>10</Item>
        <Item>10</Item>
        <Item>10</Item>
        <Item>10</Item>
        <Item>10</Item>
        <Item>10</Item>
        <Item>10</Item>
        <Item>10</Item>
        <Item>10</Item>
        <Item>10</Item>
        <Item>10</Item>
        <Item>10</Item>
        <Item>10</Item>
        <Item>10</Item>
        <Item>10</Item>
        <Item>10</Item>
        <Item>10</Item>
        <Item>10</Item>
        <Item>10</Item>
        <Item>10</Item>
        <Item>10</Item>
        <Item>10</Item>
        <Item>10</Item>
        <Item>10</Item>
        <Item>10</Item>
        <Item>10</Item>
        <Item>10</Item>
        <Item>10</Item>
        <Item>10</Item>
        <Item>10</Item>
        <Item>10</Item>
        <Item>10</Item>
        <Item>10</Item>
        <Item>10</Item>
        <Item>10</Item>
        <Item>10</Item>
        <Item>10</Item>
        <Item>10</Item>
        <Item>10</Item>
        <Item>10</Item>
        <Item>10</Item>
        <Item>10</Item>
        <Item>10</Item>
        <Item>10</Item>
        <Item>10</Item>
        <Item>10</Item>
        <Item>10</Item>
        <Item>10</Item>
        <Item>10</Item>
        <Item>10</Item>
        <Item>10</Item>
        <Item>10</Item>
        <Item>10</Item>
        <Item>10</Item>
        <Item>10</Item>
        <Item>10</Item>
        <Item>10</Item>
        <Item>10</Item>
        <Item>10</Item>
        <Item>10</Item>
        <Item>10</Item>
        <Item>10</Item>
        <Item>10</Item>
        <Item>10</Item>
        <Item>10</Item>
        <Item>10</Item>
        <Item>10</Item>
        <Item>10</Item>
        <Item>10</Item>
        <Item>10</Item>
        <Item>10</Item>
        <Item>10</Item>
        <Item>10</Item>
        <Item>10</Item>
        <Item>10</Item>
        <Item>10</Item>
        <Item>10</Item>
        <Item>10</Item>
        <Item>10</Item>
        <Item>10</Item>
        <Item>10</Item>
        <Item>10</Item>
        <Item>10</Item>
        <Item>10</Item>
        <Item>10</Item>
        <Item>10</Item>
        <Item>10</Item>
        <Item>10</Item>
        <Item>10</Item>
        <Item>10</Item>
        <Item>10</Item>
        <Item>10</Item>
        <Item>10</Item>
        <Item>10</Item>
        <Item>10</Item>
        <Item>10</Item>
        <Item>10</Item>
        <Item>10</Item>
        <Item>10</Item>
        <Item>10</Item>
        <Item>10</Item>
        <Item>10</Item>
        <Item>10</Item>
        <Item>10</Item>
        <Item>10</Item>
        <Item>10</Item>
        <Item>10</Item>
        <Item>10</Item>
        <Item>10</Item>
        <Item>10</Item>
        <Item>10</Item>
        <Item>10</Item>
        <Item>10</Item>
        <Item>10</Item>
        <Item>10</Item>
        <Item>10</Item>
        <Item>10</Item>
        <Item>10</Item>
        <Item>10</Item>
        <Item>10</Item>
        <Item>10</Item>
        <Item>10</Item>
        <Item>10</Item>
        <Item>10</Item>
        <Item>10</Item>
        <Item>10</Item>
        <Item>10</Item>
        <Item>10</Item>
        <Item>10</Item>
        <Item>10</Item>
        <Item>10</Item>
        <Item>10</Item>
        <Item>10</Item>
        <Item>10</Item>
        <Item>10</Item>
        <Item>10</Item>
        <Item>10</Item>
        <Item>10</Item>
        <Item>10</Item>
        <Item>10</Item>
        <Item>10</Item>
        <Item>10</Item>
        <Item>10</Item>
        <Item>10</Item>
        <Item>10</Item>
        <Item>10</Item>
        <Item>10</Item>
        <Item>10</Item>
        <Item>10</Item>
        <Item>10</Item>
        <Item>10</Item>
        <Item>10</Item>
        <Item>10</Item>
        <Item>10</Item>
        <Item>10</Item>
        <Item>10</Item>
        <Item>10</Item>
        <Item>10</Item>
        <Item>10</Item>
        <Item>10</Item>
        <Item>10</Item>
        <Item>10</Item>
        <Item>10</Item>
        <Item>10</Item>
        <Item>10</Item>
        <Item>10</Item>
        <Item>10</Item>
        <Item>10</Item>
        <Item>10</Item>
        <Item>10</Item>
        <Item>10</Item>
        <Item>10</Item>
        <Item>10</Item>
        <Item>10</Item>
        <Item>10</Item>
        <Item>10</Item>
        <Item>10</Item>
        <Item>10</Item>
        <Item>10</Item>
        <Item>10</Item>
        <Item>10</Item>
        <Item>10</Item>
        <Item>10</Item>
        <Item>10</Item>
        <Item>10</Item>
        <Item>10</Item>
        <Item>10</Item>
        <Item>10</Item>
        <Item>10</Item>
        <Item>10</Item>
        <Item>10</Item>
        <Item>10</Item>
        <Item>10</Item>
        <Item>10</Item>
        <Item>10</Item>
        <Item>10</Item>
        <Item>10</Item>
        <Item>10</Item>
        <Item>10</Item>
        <Item>10</Item>
        <Item>10</Item>
        <Item>10</Item>
        <Item>10</Item>
        <Item>10</Item>
        <Item>10</Item>
        <Item>10</Item>
        <Item>10</Item>
        <Item>10</Item>
        <Item>10</Item>
        <Item>10</Item>
        <Item>10</Item>
        <Item>10</Item>
        <Item>10</Item>
        <Item>10</Item>
        <Item>10</Item>
        <Item>10</Item>
        <Item>10</Item>
        <Item>10</Item>
        <Item>10</Item>
        <Item>10</Item>
        <Item>10</Item>
        <Item>10</Item>
        <Item>10</Item>
        <Item>10</Item>
        <Item>10</Item>
        <Item>10</Item>
        <Item>10</Item>
        <Item>10</Item>
        <Item>10</Item>
        <Item>10</Item>
        <Item>10</Item>
        <Item>10</Item>
        <Item>10</Item>
        <Item>10</Item>
        <Item>10</Item>
        <Item>10</Item>
        <Item>10</Item>
        <Item>10</Item>
        <Item>10</Item>
        <Item>10</Item>
        <Item>10</Item>
        <Item>10</Item>
        <Item>10</Item>
        <Item>10</Item>
        <Item>10</Item>
        <Item>10</Item>
        <Item>10</Item>
        <Item>10</Item>
        <Item>10</Item>
        <Item>10</Item>
        <Item>10</Item>
        <Item>10</Item>
        <Item>10</Item>
        <Item>10</Item>
        <Item>10</Item>
        <Item>10</Item>
        <Item>10</Item>
        <Item>10</Item>
        <Item>10</Item>
        <Item>10</Item>
        <Item>10</Item>
        <Item>10</Item>
        <Item>10</Item>
        <Item>10</Item>
        <Item>10</Item>
        <Item>10</Item>
        <Item>10</Item>
        <Item>10</Item>
        <Item>10</Item>
        <Item>10</Item>
        <Item>10</Item>
        <Item>10</Item>
        <Item>10</Item>
        <Item>10</Item>
        <Item>10</Item>
        <Item>10</Item>
        <Item>10</Item>
        <Item>10</Item>
        <Item>10</Item>
        <Item>10</Item>
        <Item>10</Item>
        <Item>10</Item>
        <Item>10</Item>
        <Item>10</Item>
        <Item>10</Item>
        <Item>10</Item>
        <Item>10</Item>
        <Item>10</Item>
        <Item>10</Item>
        <Item>10</Item>
        <Item>10</Item>
        <Item>10</Item>
        <Item>10</Item>
        <Item>10</Item>
        <Item>10</Item>
        <Item>10</Item>
        <Item>10</Item>
        <Item>10</Item>
        <Item>10</Item>
        <Item>10</Item>
        <Item>10</Item>
        <Item>10</Item>
        <Item>10</Item>
        <Item>10</Item>
        <Item>10</Item>
        <Item>10</Item>
        <Item>10</Item>
        <Item>10</Item>
        <Item>10</Item>
        <Item>10</Item>
        <Item>10</Item>
        <Item>10</Item>
        <Item>10</Item>
        <Item>10</Item>
        <Item>10</Item>
        <Item>10</Item>
        <Item>10</Item>
        <Item>10</Item>
        <Item>10</Item>
        <Item>10</Item>
        <Item>10</Item>
        <Item>10</Item>
        <Item>10</Item>
        <Item>10</Item>
        <Item>10</Item>
        <Item>10</Item>
        <Item>10</Item>
        <Item>10</Item>
        <Item>10</Item>
        <Item>10</Item>
        <Item>10</Item>
        <Item>10</Item>
        <Item>10</Item>
        <Item>10</Item>
        <Item>10</Item>
        <Item>10</Item>
        <Item>10</Item>
        <Item>10</Item>
        <Item>10</Item>
        <Item>10</Item>
        <Item>10</Item>
        <Item>10</Item>
        <Item>10</Item>
        <Item>10</Item>
        <Item>10</Item>
        <Item>10</Item>
        <Item>10</Item>
        <Item>10</Item>
        <Item>10</Item>
        <Item>10</Item>
        <Item>10</Item>
        <Item>10</Item>
        <Item>10</Item>
        <Item>10</Item>
        <Item>10</Item>
        <Item>10</Item>
        <Item>10</Item>
        <Item>10</Item>
        <Item>10</Item>
        <Item>10</Item>
        <Item>10</Item>
        <Item>10</Item>
        <Item>10</Item>
        <Item>10</Item>
        <Item>10</Item>
        <Item>10</Item>
        <Item>10</Item>
        <Item>10</Item>
        <Item>10</Item>
        <Item>10</Item>
        <Item>10</Item>
        <Item>10</Item>
        <Item>10</Item>
        <Item>10</Item>
        <Item>10</Item>
        <Item>10</Item>
        <Item>10</Item>
        <Item>10</Item>
        <Item>10</Item>
        <Item>10</Item>
        <Item>10</Item>
        <Item>10</Item>
        <Item>10</Item>
        <Item>10</Item>
        <Item>10</Item>
        <Item>10</Item>
        <Item>10</Item>
        <Item>10</Item>
        <Item>10</Item>
        <Item>10</Item>
        <Item>10</Item>
        <Item>10</Item>
        <Item>10</Item>
        <Item>10</Item>
        <Item>10</Item>
        <Item>10</Item>
        <Item>10</Item>
        <Item>10</Item>
        <Item>10</Item>
        <Item>10</Item>
        <Item>10</Item>
        <Item>10</Item>
        <Item>10</Item>
        <Item>10</Item>
        <Item>10</Item>
        <Item>10</Item>
        <Item>10</Item>
        <Item>10</Item>
        <Item>10</Item>
        <Item>10</Item>
        <Item>10</Item>
        <Item>10</Item>
        <Item>10</Item>
        <Item>10</Item>
        <Item>10</Item>
        <Item>10</Item>
        <Item>10</Item>
        <Item>10</Item>
        <Item>10</Item>
        <Item>10</Item>
        <Item>10</Item>
        <Item>10</Item>
        <Item>10</Item>
        <Item>10</Item>
        <Item>10</Item>
        <Item>10</Item>
        <Item>10</Item>
        <Item>10</Item>
        <Item>10</Item>
        <Item>10</Item>
        <Item>10</Item>
        <Item>10</Item>
        <Item>10</Item>
        <Item>10</Item>
        <Item>10</Item>
        <Item>10</Item>
        <Item>10</Item>
        <Item>10</Item>
        <Item>10</Item>
        <Item>10</Item>
        <Item>10</Item>
        <Item>10</Item>
        <Item>10</Item>
        <Item>10</Item>
        <Item>10</Item>
        <Item>10</Item>
        <Item>10</Item>
        <Item>10</Item>
        <Item>10</Item>
        <Item>10</Item>
        <Item>10</Item>
        <Item>10</Item>
        <Item>10</Item>
        <Item>10</Item>
        <Item>10</Item>
        <Item>10</Item>
        <Item>10</Item>
        <Item>10</Item>
        <Item>10</Item>
        <Item>10</Item>
        <Item>10</Item>
        <Item>10</Item>
        <Item>10</Item>
        <Item>10</Item>
        <Item>10</Item>
        <Item>10</Item>
        <Item>10</Item>
        <Item>10</Item>
        <Item>10</Item>
    </List>
</Root>
