<Root>
    <Number_of_jobs>80</Number_of_jobs>
    <Number_of_processors>16</Number_of_processors>
    <List>
        <Item>4</Item>
        <Item>4</Item>
        <Item>4</Item>
        <Item>4</Item>
        <Item>4</Item>
        <Item>4</Item>
        <Item>4</Item>
        <Item>4</Item>
        <Item>4</Item>
        <Item>4</Item>
        <Item>4</Item>
        <Item>4</Item>
        <Item>4</Item>
        <Item>4</Item>
        <Item>4</Item>
        <Item>4</Item>
        <Item>4</Item>
        <Item>4</Item>
        <Item>4</Item>
        <Item>4</Item>
        <Item>4</Item>
        <Item>4</Item>
        <Item>4</Item>
        <Item>4</Item>
        <Item>4</Item>
        <Item>4</Item>
        <Item>4</Item>
        <Item>4</Item>
        <Item>4</Item>
        <Item>4</Item>
        <Item>4</Item>
        <Item>4</Item>
        <Item>4</Item>
        <Item>4</Item>
        <Item>4</Item>
        <Item>4</Item>
        <Item>4</Item>
        <Item>4</Item>
        <Item>4</Item>
        <Item>4</Item>
        <Item>4</Item>
        <Item>4</Item>
        <Item>4</Item>
        <Item>4</Item>
        <Item>4</Item>
        <Item>4</Item>
        <Item>4</Item>
        <Item>4</Item>
        <Item>4</Item>
        <Item>4</Item>
        <Item>4</Item>
        <Item>4</Item>
        <Item>4</Item>
        <Item>4</Item>
        <Item>4</Item>
        <Item>4</Item>
        <Item>4</Item>
        <Item>4</Item>
        <Item>4</Item>
        <Item>4</Item>
        <Item>4</Item>
        <Item>4</Item>
        <Item>4</Item>
        <Item>4</Item>
        <Item>4</Item>
        <Item>4</Item>
        <Item>4</Item>
        <Item>4</Item>
        <Item>4</Item>
        <Item>4</Item>
        <Item>4</Item>
        <Item>4</Item>
        <Item>4</Item>
        <Item>4</Item>
        <Item>4</Item>
        <Item>4</Item>
        <Item>4</Item>
        <Item>4</Item>
        <Item>4</Item>
        <Item>4</Item>
    </List>
</Root>
